---------------------------------------------------------------
[ 2019-05-09T18:09:23+08:00 ] 113.103.39.55 POST /announcement/Admin_announcement/index
[ info ] admin.dedaokq.com/announcement/Admin_announcement/index [运行时间：0.034965s][吞吐率：28.60req/s] [内存消耗：2,773.94kb] [文件加载：96]
[ info ] [ LANG ] /home/wwwroot/admin/thinkphp/lang/zh-cn.php
[ info ] [ ROUTE ] array (
  'type' => 'module',
  'module' => 
  array (
    0 => 'announcement',
    1 => 'Admin_announcement',
    2 => 'index',
  ),
)
[ info ] [ HEADER ] array (
  'cookie' => 'dedaologin_expire_time=1557396563',
  'accept-language' => 'zh-CN,zh;q=0.9,en;q=0.8,ja;q=0.7',
  'accept-encoding' => 'gzip, deflate',
  'referer' => 'http://admin.dedaokq.com/',
  'content-type' => 'application/json;charset=UTF-8',
  'user-agent' => 'Mozilla/5.0 (Windows NT 6.1; Win64; x64) AppleWebKit/537.36 (KHTML, like Gecko) Chrome/69.0.3497.92 Safari/537.36',
  'x-requested-with' => 'XMLHttpRequest',
  'origin' => 'http://admin.dedaokq.com',
  'accept' => 'application/json, text/plain, */*',
  'content-length' => '44',
  'connection' => 'keep-alive',
  'host' => 'admin.dedaokq.com',
)
[ info ] [ PARAM ] array (
  'token' => '7843cfd3c134ef19c36151c25637c220',
)
[ info ] [ DB ] INIT mysql
[ info ] [ DB ] INIT mysql
[ info ] [ RUN ] app\announcement\controller\AdminAnnouncement->index[ /home/wwwroot/admin/application/announcement/controller/AdminAnnouncement.php ]
[ info ] [ LOG ] INIT File
[ sql ] [ DB ] CONNECT:[ UseTime:0.000308s ] mysql:host=127.0.0.1;dbname=new_chengdu;charset=utf8mb4
[ sql ] [ SQL ] SHOW COLUMNS FROM `cmf_user_token` [ RunTime:0.000573s ]
[ sql ] [ SQL ] SELECT * FROM `cmf_user_token` WHERE  `token` = '7843cfd3c134ef19c36151c25637c220' LIMIT 1 [ RunTime:0.000282s ]
[ sql ] [ SQL ] SELECT * FROM `cmf_user_token` WHERE  `token` = '7843cfd3c134ef19c36151c25637c220' LIMIT 1 [ RunTime:0.000313s ]
[ sql ] [ SQL ] SELECT * FROM `cmf_user_token` WHERE  `token` = '7843cfd3c134ef19c36151c25637c220' LIMIT 1 [ RunTime:0.000305s ]
[ sql ] [ SQL ] SELECT * FROM `cmf_user_token` WHERE  `token` = '7843cfd3c134ef19c36151c25637c220' LIMIT 1 [ RunTime:0.000297s ]
[ sql ] [ SQL ] SELECT * FROM `cmf_user_token` WHERE  `token` = '7843cfd3c134ef19c36151c25637c220' LIMIT 1 [ RunTime:0.000296s ]
[ sql ] [ SQL ] SELECT * FROM `cmf_user_token` WHERE  `token` = '7843cfd3c134ef19c36151c25637c220' LIMIT 1 [ RunTime:0.000274s ]
[ error ] [8]unserialize(): Error at offset 0 of 1 bytes[/home/wwwroot/admin/extend/redis/Redis.php:78]
[ error ] [8]unserialize(): Error at offset 0 of 1 bytes[/home/wwwroot/admin/extend/redis/Redis.php:78]
[ error ] [8]unserialize(): Error at offset 0 of 1 bytes[/home/wwwroot/admin/extend/redis/Redis.php:78]
[ error ] [8]unserialize(): Error at offset 0 of 1 bytes[/home/wwwroot/admin/extend/redis/Redis.php:78]
[ error ] [8]unserialize(): Error at offset 0 of 1 bytes[/home/wwwroot/admin/extend/redis/Redis.php:78]
---------------------------------------------------------------
[ 2019-05-09T18:09:23+08:00 ] 113.103.39.55 POST /admin/publics/getMenuBar
[ info ] admin.dedaokq.com/admin/publics/getMenuBar [运行时间：0.085041s][吞吐率：11.76req/s] [内存消耗：3,081.61kb] [文件加载：100]
[ info ] [ LANG ] /home/wwwroot/admin/thinkphp/lang/zh-cn.php
[ info ] [ ROUTE ] array (
  'type' => 'module',
  'module' => 
  array (
    0 => 'admin',
    1 => 'publics',
    2 => 'getMenuBar',
  ),
)
[ info ] [ HEADER ] array (
  'cookie' => 'dedaologin_expire_time=1557396563',
  'accept-language' => 'zh-CN,zh;q=0.9,en;q=0.8,ja;q=0.7',
  'accept-encoding' => 'gzip, deflate',
  'referer' => 'http://admin.dedaokq.com/',
  'content-type' => 'application/json;charset=UTF-8',
  'user-agent' => 'Mozilla/5.0 (Windows NT 6.1; Win64; x64) AppleWebKit/537.36 (KHTML, like Gecko) Chrome/69.0.3497.92 Safari/537.36',
  'x-requested-with' => 'XMLHttpRequest',
  'origin' => 'http://admin.dedaokq.com',
  'accept' => 'application/json, text/plain, */*',
  'content-length' => '44',
  'connection' => 'keep-alive',
  'host' => 'admin.dedaokq.com',
)
[ info ] [ PARAM ] array (
  'token' => '7843cfd3c134ef19c36151c25637c220',
)
[ info ] [ DB ] INIT mysql
[ info ] [ DB ] INIT mysql
[ info ] [ RUN ] app\admin\controller\Publics->getMenuBar[ /home/wwwroot/admin/application/admin/controller/Publics.php ]
[ info ] [ CACHE ] INIT File
[ info ] [ LOG ] INIT File
[ sql ] [ DB ] CONNECT:[ UseTime:0.000405s ] mysql:host=127.0.0.1;dbname=new_chengdu;charset=utf8mb4
[ sql ] [ SQL ] SHOW COLUMNS FROM `cmf_user_token` [ RunTime:0.000719s ]
[ sql ] [ SQL ] SELECT * FROM `cmf_user_token` WHERE  `token` = '7843cfd3c134ef19c36151c25637c220' LIMIT 1 [ RunTime:0.000320s ]
[ sql ] [ SQL ] SELECT * FROM `cmf_user_token` WHERE  `token` = '7843cfd3c134ef19c36151c25637c220' LIMIT 1 [ RunTime:0.000346s ]
[ sql ] [ SQL ] SELECT * FROM `cmf_user_token` WHERE  `token` = '7843cfd3c134ef19c36151c25637c220' LIMIT 1 [ RunTime:0.000305s ]
[ sql ] [ SQL ] SELECT * FROM `cmf_user_token` WHERE  `token` = '7843cfd3c134ef19c36151c25637c220' LIMIT 1 [ RunTime:0.000279s ]
[ sql ] [ SQL ] SELECT * FROM `cmf_user_token` WHERE  `token` = '7843cfd3c134ef19c36151c25637c220' LIMIT 1 [ RunTime:0.000261s ]
[ sql ] [ SQL ] SELECT * FROM `cmf_user_token` WHERE  `token` = '7843cfd3c134ef19c36151c25637c220' LIMIT 1 [ RunTime:0.000259s ]
[ sql ] [ SQL ] SELECT * FROM `cmf_user_token` WHERE  `token` = '7843cfd3c134ef19c36151c25637c220' LIMIT 1 [ RunTime:0.000256s ]
[ sql ] [ SQL ] SELECT * FROM `cmf_user_token` WHERE  `token` = '7843cfd3c134ef19c36151c25637c220' LIMIT 1 [ RunTime:0.000292s ]
[ sql ] [ SQL ] SELECT * FROM `cmf_user_token` WHERE  `token` = '7843cfd3c134ef19c36151c25637c220' LIMIT 1 [ RunTime:0.000263s ]
[ sql ] [ SQL ] SELECT * FROM `cmf_user_token` WHERE  `token` = '7843cfd3c134ef19c36151c25637c220' LIMIT 1 [ RunTime:0.000267s ]
[ sql ] [ SQL ] SELECT * FROM `cmf_user_token` WHERE  `token` = '7843cfd3c134ef19c36151c25637c220' LIMIT 1 [ RunTime:0.000254s ]
[ sql ] [ SQL ] SELECT * FROM `cmf_user_token` WHERE  `token` = '7843cfd3c134ef19c36151c25637c220' LIMIT 1 [ RunTime:0.000276s ]
[ sql ] [ SQL ] SELECT * FROM `cmf_user_token` WHERE  `token` = '7843cfd3c134ef19c36151c25637c220' LIMIT 1 [ RunTime:0.000272s ]
[ sql ] [ SQL ] SELECT * FROM `cmf_user_token` WHERE  `token` = '7843cfd3c134ef19c36151c25637c220' LIMIT 1 [ RunTime:0.000274s ]
[ sql ] [ SQL ] SELECT * FROM `cmf_user_token` WHERE  `token` = '7843cfd3c134ef19c36151c25637c220' LIMIT 1 [ RunTime:0.000258s ]
[ sql ] [ SQL ] SELECT * FROM `cmf_user_token` WHERE  `token` = '7843cfd3c134ef19c36151c25637c220' LIMIT 1 [ RunTime:0.000324s ]
[ sql ] [ SQL ] SELECT * FROM `cmf_user_token` WHERE  `token` = '7843cfd3c134ef19c36151c25637c220' LIMIT 1 [ RunTime:0.000275s ]
[ sql ] [ SQL ] SELECT * FROM `cmf_user_token` WHERE  `token` = '7843cfd3c134ef19c36151c25637c220' LIMIT 1 [ RunTime:0.000271s ]
[ sql ] [ SQL ] SELECT * FROM `cmf_user_token` WHERE  `token` = '7843cfd3c134ef19c36151c25637c220' LIMIT 1 [ RunTime:0.000262s ]
[ sql ] [ SQL ] SELECT * FROM `cmf_user_token` WHERE  `token` = '7843cfd3c134ef19c36151c25637c220' LIMIT 1 [ RunTime:0.000261s ]
[ sql ] [ SQL ] SELECT * FROM `cmf_user_token` WHERE  `token` = '7843cfd3c134ef19c36151c25637c220' LIMIT 1 [ RunTime:0.000267s ]
[ sql ] [ SQL ] SELECT * FROM `cmf_user_token` WHERE  `token` = '7843cfd3c134ef19c36151c25637c220' LIMIT 1 [ RunTime:0.000264s ]
[ sql ] [ SQL ] SELECT * FROM `cmf_user_token` WHERE  `token` = '7843cfd3c134ef19c36151c25637c220' LIMIT 1 [ RunTime:0.000310s ]
[ sql ] [ SQL ] SELECT * FROM `cmf_user_token` WHERE  `token` = '7843cfd3c134ef19c36151c25637c220' LIMIT 1 [ RunTime:0.000250s ]
[ sql ] [ SQL ] SELECT * FROM `cmf_user_token` WHERE  `token` = '7843cfd3c134ef19c36151c25637c220' LIMIT 1 [ RunTime:0.000253s ]
[ sql ] [ SQL ] SELECT * FROM `cmf_user_token` WHERE  `token` = '7843cfd3c134ef19c36151c25637c220' LIMIT 1 [ RunTime:0.000255s ]
[ sql ] [ SQL ] SELECT * FROM `cmf_user_token` WHERE  `token` = '7843cfd3c134ef19c36151c25637c220' LIMIT 1 [ RunTime:0.000257s ]
[ sql ] [ SQL ] SELECT * FROM `cmf_user_token` WHERE  `token` = '7843cfd3c134ef19c36151c25637c220' LIMIT 1 [ RunTime:0.000258s ]
[ sql ] [ SQL ] SELECT * FROM `cmf_user_token` WHERE  `token` = '7843cfd3c134ef19c36151c25637c220' LIMIT 1 [ RunTime:0.000263s ]
[ sql ] [ SQL ] SELECT * FROM `cmf_user_token` WHERE  `token` = '7843cfd3c134ef19c36151c25637c220' LIMIT 1 [ RunTime:0.000258s ]
[ sql ] [ SQL ] SELECT * FROM `cmf_user_token` WHERE  `token` = '7843cfd3c134ef19c36151c25637c220' LIMIT 1 [ RunTime:0.000286s ]
[ sql ] [ SQL ] SELECT * FROM `cmf_user_token` WHERE  `token` = '7843cfd3c134ef19c36151c25637c220' LIMIT 1 [ RunTime:0.000257s ]
[ sql ] [ SQL ] SELECT * FROM `cmf_user_token` WHERE  `token` = '7843cfd3c134ef19c36151c25637c220' LIMIT 1 [ RunTime:0.000271s ]
[ sql ] [ SQL ] SELECT * FROM `cmf_user_token` WHERE  `token` = '7843cfd3c134ef19c36151c25637c220' LIMIT 1 [ RunTime:0.000258s ]
[ sql ] [ SQL ] SELECT * FROM `cmf_user_token` WHERE  `token` = '7843cfd3c134ef19c36151c25637c220' LIMIT 1 [ RunTime:0.000279s ]
[ sql ] [ SQL ] SELECT * FROM `cmf_user_token` WHERE  `token` = '7843cfd3c134ef19c36151c25637c220' LIMIT 1 [ RunTime:0.000260s ]
[ sql ] [ SQL ] SELECT * FROM `cmf_user_token` WHERE  `token` = '7843cfd3c134ef19c36151c25637c220' LIMIT 1 [ RunTime:0.000260s ]
[ sql ] [ SQL ] SELECT * FROM `cmf_user_token` WHERE  `token` = '7843cfd3c134ef19c36151c25637c220' LIMIT 1 [ RunTime:0.000264s ]
[ sql ] [ SQL ] SELECT * FROM `cmf_user_token` WHERE  `token` = '7843cfd3c134ef19c36151c25637c220' LIMIT 1 [ RunTime:0.000266s ]
[ sql ] [ SQL ] SELECT * FROM `cmf_user_token` WHERE  `token` = '7843cfd3c134ef19c36151c25637c220' LIMIT 1 [ RunTime:0.000261s ]
[ sql ] [ SQL ] SELECT * FROM `cmf_user_token` WHERE  `token` = '7843cfd3c134ef19c36151c25637c220' LIMIT 1 [ RunTime:0.000256s ]
[ sql ] [ SQL ] SELECT * FROM `cmf_user_token` WHERE  `token` = '7843cfd3c134ef19c36151c25637c220' LIMIT 1 [ RunTime:0.000259s ]
[ sql ] [ SQL ] SELECT * FROM `cmf_user_token` WHERE  `token` = '7843cfd3c134ef19c36151c25637c220' LIMIT 1 [ RunTime:0.000258s ]
[ error ] [8]unserialize(): Error at offset 0 of 1 bytes[/home/wwwroot/admin/extend/redis/Redis.php:78]
[ error ] [8]unserialize(): Error at offset 0 of 1 bytes[/home/wwwroot/admin/extend/redis/Redis.php:78]
[ error ] [8]unserialize(): Error at offset 0 of 1 bytes[/home/wwwroot/admin/extend/redis/Redis.php:78]
[ error ] [8]unserialize(): Error at offset 0 of 1 bytes[/home/wwwroot/admin/extend/redis/Redis.php:78]
[ error ] [8]unserialize(): Error at offset 0 of 1 bytes[/home/wwwroot/admin/extend/redis/Redis.php:78]
[ error ] [8]unserialize(): Error at offset 0 of 1 bytes[/home/wwwroot/admin/extend/redis/Redis.php:78]
[ error ] [8]unserialize(): Error at offset 0 of 1 bytes[/home/wwwroot/admin/extend/redis/Redis.php:78]
[ error ] [8]unserialize(): Error at offset 0 of 1 bytes[/home/wwwroot/admin/extend/redis/Redis.php:78]
[ error ] [8]unserialize(): Error at offset 0 of 1 bytes[/home/wwwroot/admin/extend/redis/Redis.php:78]
[ error ] [8]unserialize(): Error at offset 0 of 1 bytes[/home/wwwroot/admin/extend/redis/Redis.php:78]
[ error ] [8]unserialize(): Error at offset 0 of 1 bytes[/home/wwwroot/admin/extend/redis/Redis.php:78]
[ error ] [8]unserialize(): Error at offset 0 of 1 bytes[/home/wwwroot/admin/extend/redis/Redis.php:78]
[ error ] [8]unserialize(): Error at offset 0 of 1 bytes[/home/wwwroot/admin/extend/redis/Redis.php:78]
[ error ] [8]unserialize(): Error at offset 0 of 1 bytes[/home/wwwroot/admin/extend/redis/Redis.php:78]
[ error ] [8]unserialize(): Error at offset 0 of 1 bytes[/home/wwwroot/admin/extend/redis/Redis.php:78]
[ error ] [8]unserialize(): Error at offset 0 of 1 bytes[/home/wwwroot/admin/extend/redis/Redis.php:78]
[ error ] [8]unserialize(): Error at offset 0 of 1 bytes[/home/wwwroot/admin/extend/redis/Redis.php:78]
[ error ] [8]unserialize(): Error at offset 0 of 1 bytes[/home/wwwroot/admin/extend/redis/Redis.php:78]
[ error ] [8]unserialize(): Error at offset 0 of 1 bytes[/home/wwwroot/admin/extend/redis/Redis.php:78]
[ error ] [8]unserialize(): Error at offset 0 of 1 bytes[/home/wwwroot/admin/extend/redis/Redis.php:78]
[ error ] [8]unserialize(): Error at offset 0 of 1 bytes[/home/wwwroot/admin/extend/redis/Redis.php:78]
[ error ] [8]unserialize(): Error at offset 0 of 1 bytes[/home/wwwroot/admin/extend/redis/Redis.php:78]
[ error ] [8]unserialize(): Error at offset 0 of 1 bytes[/home/wwwroot/admin/extend/redis/Redis.php:78]
[ error ] [8]unserialize(): Error at offset 0 of 1 bytes[/home/wwwroot/admin/extend/redis/Redis.php:78]
[ error ] [8]unserialize(): Error at offset 0 of 1 bytes[/home/wwwroot/admin/extend/redis/Redis.php:78]
[ error ] [8]unserialize(): Error at offset 0 of 1 bytes[/home/wwwroot/admin/extend/redis/Redis.php:78]
[ error ] [8]unserialize(): Error at offset 0 of 1 bytes[/home/wwwroot/admin/extend/redis/Redis.php:78]
[ error ] [8]unserialize(): Error at offset 0 of 1 bytes[/home/wwwroot/admin/extend/redis/Redis.php:78]
[ error ] [8]unserialize(): Error at offset 0 of 1 bytes[/home/wwwroot/admin/extend/redis/Redis.php:78]
[ error ] [8]unserialize(): Error at offset 0 of 1 bytes[/home/wwwroot/admin/extend/redis/Redis.php:78]
[ error ] [8]unserialize(): Error at offset 0 of 1 bytes[/home/wwwroot/admin/extend/redis/Redis.php:78]
[ error ] [8]unserialize(): Error at offset 0 of 1 bytes[/home/wwwroot/admin/extend/redis/Redis.php:78]
[ error ] [8]unserialize(): Error at offset 0 of 1 bytes[/home/wwwroot/admin/extend/redis/Redis.php:78]
[ error ] [8]unserialize(): Error at offset 0 of 1 bytes[/home/wwwroot/admin/extend/redis/Redis.php:78]
[ error ] [8]unserialize(): Error at offset 0 of 1 bytes[/home/wwwroot/admin/extend/redis/Redis.php:78]
[ error ] [8]unserialize(): Error at offset 0 of 1 bytes[/home/wwwroot/admin/extend/redis/Redis.php:78]
[ error ] [8]unserialize(): Error at offset 0 of 1 bytes[/home/wwwroot/admin/extend/redis/Redis.php:78]
[ error ] [8]unserialize(): Error at offset 0 of 1 bytes[/home/wwwroot/admin/extend/redis/Redis.php:78]
[ error ] [8]unserialize(): Error at offset 0 of 1 bytes[/home/wwwroot/admin/extend/redis/Redis.php:78]
[ error ] [8]unserialize(): Error at offset 0 of 1 bytes[/home/wwwroot/admin/extend/redis/Redis.php:78]
[ error ] [8]unserialize(): Error at offset 0 of 1 bytes[/home/wwwroot/admin/extend/redis/Redis.php:78]
---------------------------------------------------------------
[ 2019-05-09T18:09:27+08:00 ] 113.103.39.55 POST /form/Admin_Form_Data/index
[ info ] admin.dedaokq.com/form/Admin_Form_Data/index [运行时间：0.038264s][吞吐率：26.13req/s] [内存消耗：2,950.38kb] [文件加载：99]
[ info ] [ LANG ] /home/wwwroot/admin/thinkphp/lang/zh-cn.php
[ info ] [ ROUTE ] array (
  'type' => 'module',
  'module' => 
  array (
    0 => 'form',
    1 => 'Admin_Form_Data',
    2 => 'index',
  ),
)
[ info ] [ HEADER ] array (
  'cookie' => 'dedaologin_expire_time=1557396563',
  'accept-language' => 'zh-CN,zh;q=0.9,en;q=0.8,ja;q=0.7',
  'accept-encoding' => 'gzip, deflate',
  'referer' => 'http://admin.dedaokq.com/',
  'content-type' => 'application/json;charset=UTF-8',
  'user-agent' => 'Mozilla/5.0 (Windows NT 6.1; Win64; x64) AppleWebKit/537.36 (KHTML, like Gecko) Chrome/69.0.3497.92 Safari/537.36',
  'x-requested-with' => 'XMLHttpRequest',
  'origin' => 'http://admin.dedaokq.com',
  'accept' => 'application/json, text/plain, */*',
  'content-length' => '44',
  'connection' => 'keep-alive',
  'host' => 'admin.dedaokq.com',
)
[ info ] [ PARAM ] array (
  'token' => '7843cfd3c134ef19c36151c25637c220',
)
[ info ] [ DB ] INIT mysql
[ info ] [ DB ] INIT mysql
[ info ] [ RUN ] app\form\controller\AdminFormData->index[ /home/wwwroot/admin/application/form/controller/AdminFormData.php ]
[ info ] [ LOG ] INIT File
[ sql ] [ DB ] CONNECT:[ UseTime:0.000448s ] mysql:host=127.0.0.1;dbname=new_chengdu;charset=utf8mb4
[ sql ] [ SQL ] SHOW COLUMNS FROM `cmf_user_token` [ RunTime:0.000685s ]
[ sql ] [ SQL ] SELECT * FROM `cmf_user_token` WHERE  `token` = '7843cfd3c134ef19c36151c25637c220' LIMIT 1 [ RunTime:0.000336s ]
[ sql ] [ SQL ] SELECT * FROM `cmf_user_token` WHERE  `token` = '7843cfd3c134ef19c36151c25637c220' LIMIT 1 [ RunTime:0.000314s ]
[ sql ] [ SQL ] SELECT * FROM `cmf_user_token` WHERE  `token` = '7843cfd3c134ef19c36151c25637c220' LIMIT 1 [ RunTime:0.000289s ]
[ sql ] [ SQL ] SELECT * FROM `cmf_user_token` WHERE  `token` = '7843cfd3c134ef19c36151c25637c220' LIMIT 1 [ RunTime:0.000277s ]
[ sql ] [ SQL ] SELECT * FROM `cmf_user_token` WHERE  `token` = '7843cfd3c134ef19c36151c25637c220' LIMIT 1 [ RunTime:0.000264s ]
[ sql ] [ SQL ] SELECT * FROM `cmf_user_token` WHERE  `token` = '7843cfd3c134ef19c36151c25637c220' LIMIT 1 [ RunTime:0.000270s ]
[ sql ] [ SQL ] SELECT * FROM `cmf_user_token` WHERE  `token` = '7843cfd3c134ef19c36151c25637c220' LIMIT 1 [ RunTime:0.000253s ]
[ sql ] [ SQL ] SELECT * FROM `cmf_user_token` WHERE  `token` = '7843cfd3c134ef19c36151c25637c220' LIMIT 1 [ RunTime:0.000273s ]
[ sql ] [ SQL ] SELECT * FROM `cmf_user_token` WHERE  `token` = '7843cfd3c134ef19c36151c25637c220' LIMIT 1 [ RunTime:0.000254s ]
[ sql ] [ SQL ] SELECT * FROM `cmf_user_token` WHERE  `token` = '7843cfd3c134ef19c36151c25637c220' LIMIT 1 [ RunTime:0.000266s ]
[ sql ] [ SQL ] SELECT * FROM `cmf_user_token` WHERE  `token` = '7843cfd3c134ef19c36151c25637c220' LIMIT 1 [ RunTime:0.000253s ]
[ sql ] [ SQL ] SELECT * FROM `cmf_user_token` WHERE  `token` = '7843cfd3c134ef19c36151c25637c220' LIMIT 1 [ RunTime:0.000252s ]
[ sql ] [ SQL ] SELECT * FROM `cmf_user_token` WHERE  `token` = '7843cfd3c134ef19c36151c25637c220' LIMIT 1 [ RunTime:0.000252s ]
[ sql ] [ SQL ] SELECT * FROM `cmf_user_token` WHERE  `token` = '7843cfd3c134ef19c36151c25637c220' LIMIT 1 [ RunTime:0.000252s ]
[ error ] [8]unserialize(): Error at offset 0 of 1 bytes[/home/wwwroot/admin/extend/redis/Redis.php:78]
[ error ] [8]unserialize(): Error at offset 0 of 1 bytes[/home/wwwroot/admin/extend/redis/Redis.php:78]
[ error ] [8]unserialize(): Error at offset 0 of 1 bytes[/home/wwwroot/admin/extend/redis/Redis.php:78]
[ error ] [8]unserialize(): Error at offset 0 of 1 bytes[/home/wwwroot/admin/extend/redis/Redis.php:78]
[ error ] [8]unserialize(): Error at offset 0 of 1 bytes[/home/wwwroot/admin/extend/redis/Redis.php:78]
[ error ] [8]unserialize(): Error at offset 0 of 1 bytes[/home/wwwroot/admin/extend/redis/Redis.php:78]
[ error ] [8]unserialize(): Error at offset 0 of 1 bytes[/home/wwwroot/admin/extend/redis/Redis.php:78]
[ error ] [8]unserialize(): Error at offset 0 of 1 bytes[/home/wwwroot/admin/extend/redis/Redis.php:78]
[ error ] [8]unserialize(): Error at offset 0 of 1 bytes[/home/wwwroot/admin/extend/redis/Redis.php:78]
[ error ] [8]unserialize(): Error at offset 0 of 1 bytes[/home/wwwroot/admin/extend/redis/Redis.php:78]
[ error ] [8]unserialize(): Error at offset 0 of 1 bytes[/home/wwwroot/admin/extend/redis/Redis.php:78]
[ error ] [8]unserialize(): Error at offset 0 of 1 bytes[/home/wwwroot/admin/extend/redis/Redis.php:78]
[ error ] [8]unserialize(): Error at offset 0 of 1 bytes[/home/wwwroot/admin/extend/redis/Redis.php:78]
---------------------------------------------------------------
[ 2019-05-09T18:09:32+08:00 ] 113.103.39.55 POST /admin/Login/loginOut
[ info ] admin.dedaokq.com/admin/Login/loginOut [运行时间：0.032971s][吞吐率：30.33req/s] [内存消耗：2,434.55kb] [文件加载：88]
[ info ] [ LANG ] /home/wwwroot/admin/thinkphp/lang/zh-cn.php
[ info ] [ ROUTE ] array (
  'type' => 'module',
  'module' => 
  array (
    0 => 'admin',
    1 => 'Login',
    2 => 'loginOut',
  ),
)
[ info ] [ HEADER ] array (
  'cookie' => 'dedaologin_expire_time=1557396563',
  'accept-language' => 'zh-CN,zh;q=0.9,en;q=0.8,ja;q=0.7',
  'accept-encoding' => 'gzip, deflate',
  'referer' => 'http://admin.dedaokq.com/',
  'content-type' => 'application/json;charset=UTF-8',
  'user-agent' => 'Mozilla/5.0 (Windows NT 6.1; Win64; x64) AppleWebKit/537.36 (KHTML, like Gecko) Chrome/69.0.3497.92 Safari/537.36',
  'x-requested-with' => 'XMLHttpRequest',
  'origin' => 'http://admin.dedaokq.com',
  'accept' => 'application/json, text/plain, */*',
  'content-length' => '9',
  'connection' => 'keep-alive',
  'host' => 'admin.dedaokq.com',
)
[ info ] [ PARAM ] array (
  'id' => 13,
)
[ info ] [ DB ] INIT mysql
[ info ] [ RUN ] app\admin\controller\Login->loginOut[ /home/wwwroot/admin/application/admin/controller/Login.php ]
[ info ] [ DB ] INIT mysql
[ info ] [ LOG ] INIT File
[ sql ] [ DB ] CONNECT:[ UseTime:0.000462s ] mysql:host=127.0.0.1;dbname=new_chengdu;charset=utf8mb4
[ sql ] [ SQL ] SHOW COLUMNS FROM `cmf_user_token` [ RunTime:0.000692s ]
[ sql ] [ SQL ] SELECT * FROM `cmf_user_token` WHERE  `token` IS NULL LIMIT 1 [ RunTime:0.000267s ]
---------------------------------------------------------------
[ 2019-05-09T18:09:32+08:00 ] 113.103.39.55 GET /admin/Login/captcha?0.7062905804334558
[ info ] admin.dedaokq.com/admin/Login/captcha?0.7062905804334558 [运行时间：0.025592s][吞吐率：39.07req/s] [内存消耗：2,458.84kb] [文件加载：87]
[ info ] [ LANG ] /home/wwwroot/admin/thinkphp/lang/zh-cn.php
[ info ] [ ROUTE ] array (
  'type' => 'module',
  'module' => 
  array (
    0 => 'admin',
    1 => 'Login',
    2 => 'captcha',
  ),
)
[ info ] [ HEADER ] array (
  'cookie' => 'dedaologin_expire_time=1557396563',
  'accept-language' => 'zh-CN,zh;q=0.9,en;q=0.8,ja;q=0.7',
  'accept-encoding' => 'gzip, deflate',
  'referer' => 'http://admin.dedaokq.com/',
  'accept' => 'image/webp,image/apng,image/*,*/*;q=0.8',
  'user-agent' => 'Mozilla/5.0 (Windows NT 6.1; Win64; x64) AppleWebKit/537.36 (KHTML, like Gecko) Chrome/69.0.3497.92 Safari/537.36',
  'connection' => 'keep-alive',
  'host' => 'admin.dedaokq.com',
  'content-type' => '',
  'content-length' => '',
)
[ info ] [ PARAM ] array (
  '0_7062905804334558' => '',
)
[ info ] [ DB ] INIT mysql
[ info ] [ RUN ] app\admin\controller\Login->captcha[ /home/wwwroot/admin/application/admin/controller/Login.php ]
[ info ] [ LOG ] INIT File
[ sql ] [ DB ] CONNECT:[ UseTime:0.000345s ] mysql:host=127.0.0.1;dbname=new_chengdu;charset=utf8mb4
[ sql ] [ SQL ] SHOW COLUMNS FROM `cmf_user_token` [ RunTime:0.000588s ]
[ sql ] [ SQL ] SELECT * FROM `cmf_user_token` WHERE  `token` IS NULL LIMIT 1 [ RunTime:0.000210s ]
---------------------------------------------------------------
[ 2019-05-09T19:55:16+08:00 ] 47.100.51.108 GET /
[ info ] api.dedaokq.com/ [运行时间：0.018862s][吞吐率：53.02req/s] [内存消耗：1,724.60kb] [文件加载：81]
[ info ] [ LANG ] /home/wwwroot/admin/thinkphp/lang/zh-cn.php
[ info ] [ ROUTE ] array (
  'type' => 'module',
  'module' => 
  array (
    0 => '',
    1 => NULL,
    2 => NULL,
  ),
)
[ info ] [ HEADER ] array (
  'connection' => 'keep-alive',
  'accept' => 'text/html, image/gif, image/jpeg, *; q=.2, */*; q=.2',
  'host' => 'api.dedaokq.com',
  'user-agent' => 'Mozilla/5.0 (Linux; Android 4.1.1; Nexus 7 Build/JRO03D))',
  'content-type' => '',
  'content-length' => '',
)
[ info ] [ PARAM ] array (
)
[ info ] [ RUN ] app\index\controller\Index->index[ /home/wwwroot/admin/application/index/controller/Index.php ]
[ info ] [ VIEW ] ../template/admin/index.html [ array (
) ]
[ info ] [ LOG ] INIT File
