---------------------------------------------------------------
[ 2019-05-18T13:52:32+08:00 ] 47.100.100.21 GET /
[ info ] api.dedaokq.com/ [运行时间：0.019329s][吞吐率：51.74req/s] [内存消耗：1,728.30kb] [文件加载：81]
[ info ] [ LANG ] /home/wwwroot/admin/thinkphp/lang/zh-cn.php
[ info ] [ ROUTE ] array (
  'type' => 'module',
  'module' => 
  array (
    0 => '',
    1 => NULL,
    2 => NULL,
  ),
)
[ info ] [ HEADER ] array (
  'connection' => 'keep-alive',
  'accept' => 'text/html, image/gif, image/jpeg, *; q=.2, */*; q=.2',
  'host' => 'api.dedaokq.com',
  'user-agent' => 'Mozilla/5.0 (Linux; Android 4.1.1; Nexus 7 Build/JRO03D))',
  'content-type' => '',
  'content-length' => '',
)
[ info ] [ PARAM ] array (
)
[ info ] [ RUN ] app\index\controller\Index->index[ /home/wwwroot/admin/application/index/controller/Index.php ]
[ info ] [ VIEW ] ../template/admin/index.html [ array (
) ]
[ info ] [ LOG ] INIT File
---------------------------------------------------------------
[ 2019-05-18T13:53:20+08:00 ] 106.14.204.78 GET /
[ info ] api.dedaokq.com/ [运行时间：0.019031s][吞吐率：52.55req/s] [内存消耗：1,728.30kb] [文件加载：81]
[ info ] [ LANG ] /home/wwwroot/admin/thinkphp/lang/zh-cn.php
[ info ] [ ROUTE ] array (
  'type' => 'module',
  'module' => 
  array (
    0 => '',
    1 => NULL,
    2 => NULL,
  ),
)
[ info ] [ HEADER ] array (
  'connection' => 'keep-alive',
  'accept' => 'text/html, image/gif, image/jpeg, *; q=.2, */*; q=.2',
  'host' => 'api.dedaokq.com',
  'user-agent' => 'Mozilla/5.0 (Linux; Android 4.1.1; Nexus 7 Build/JRO03D))',
  'content-type' => '',
  'content-length' => '',
)
[ info ] [ PARAM ] array (
)
[ info ] [ RUN ] app\index\controller\Index->index[ /home/wwwroot/admin/application/index/controller/Index.php ]
[ info ] [ VIEW ] ../template/admin/index.html [ array (
) ]
[ info ] [ LOG ] INIT File
---------------------------------------------------------------
[ 2019-05-18T14:13:40+08:00 ] 139.224.11.233 GET /
[ info ] img.dedaokq.com/ [运行时间：0.019060s][吞吐率：52.47req/s] [内存消耗：1,728.30kb] [文件加载：81]
[ info ] [ LANG ] /home/wwwroot/admin/thinkphp/lang/zh-cn.php
[ info ] [ ROUTE ] array (
  'type' => 'module',
  'module' => 
  array (
    0 => '',
    1 => NULL,
    2 => NULL,
  ),
)
[ info ] [ HEADER ] array (
  'connection' => 'keep-alive',
  'accept' => 'text/html, image/gif, image/jpeg, *; q=.2, */*; q=.2',
  'host' => 'img.dedaokq.com',
  'user-agent' => 'Mozilla/5.0 (Linux; Android 4.1.1; Nexus 7 Build/JRO03D))',
  'content-type' => '',
  'content-length' => '',
)
[ info ] [ PARAM ] array (
)
[ info ] [ RUN ] app\index\controller\Index->index[ /home/wwwroot/admin/application/index/controller/Index.php ]
[ info ] [ VIEW ] ../template/admin/index.html [ array (
) ]
[ info ] [ LOG ] INIT File
---------------------------------------------------------------
[ 2019-05-18T14:15:12+08:00 ] 39.107.116.226 GET /
[ info ] img.dedaokq.com/ [运行时间：0.017752s][吞吐率：56.33req/s] [内存消耗：1,728.30kb] [文件加载：81]
[ info ] [ LANG ] /home/wwwroot/admin/thinkphp/lang/zh-cn.php
[ info ] [ ROUTE ] array (
  'type' => 'module',
  'module' => 
  array (
    0 => '',
    1 => NULL,
    2 => NULL,
  ),
)
[ info ] [ HEADER ] array (
  'connection' => 'keep-alive',
  'accept' => 'text/html, image/gif, image/jpeg, *; q=.2, */*; q=.2',
  'host' => 'img.dedaokq.com',
  'user-agent' => 'Mozilla/5.0 (Linux; Android 4.1.1; Nexus 7 Build/JRO03D))',
  'content-type' => '',
  'content-length' => '',
)
[ info ] [ PARAM ] array (
)
[ info ] [ RUN ] app\index\controller\Index->index[ /home/wwwroot/admin/application/index/controller/Index.php ]
[ info ] [ VIEW ] ../template/admin/index.html [ array (
) ]
[ info ] [ LOG ] INIT File
---------------------------------------------------------------
[ 2019-05-18T18:06:02+08:00 ] 47.101.201.242 GET /
[ info ] admin.dedaokq.com/ [运行时间：0.020526s][吞吐率：48.72req/s] [内存消耗：1,728.43kb] [文件加载：81]
[ info ] [ LANG ] /home/wwwroot/admin/thinkphp/lang/zh-cn.php
[ info ] [ ROUTE ] array (
  'type' => 'module',
  'module' => 
  array (
    0 => '',
    1 => NULL,
    2 => NULL,
  ),
)
[ info ] [ HEADER ] array (
  'connection' => 'keep-alive',
  'accept' => 'text/html, image/gif, image/jpeg, *; q=.2, */*; q=.2',
  'host' => 'admin.dedaokq.com',
  'user-agent' => 'Mozilla/5.0 (X11; Ubuntu; Linux x86_64; rv:36.0) Gecko/20100101 Firefox/36.0',
  'content-type' => '',
  'content-length' => '',
)
[ info ] [ PARAM ] array (
)
[ info ] [ RUN ] app\index\controller\Index->index[ /home/wwwroot/admin/application/index/controller/Index.php ]
[ info ] [ VIEW ] ../template/admin/index.html [ array (
) ]
[ info ] [ LOG ] INIT File
---------------------------------------------------------------
[ 2019-05-18T18:18:32+08:00 ] 101.132.69.5 GET /
[ info ] admin.dedaokq.com/ [运行时间：0.018260s][吞吐率：54.76req/s] [内存消耗：1,728.34kb] [文件加载：81]
[ info ] [ LANG ] /home/wwwroot/admin/thinkphp/lang/zh-cn.php
[ info ] [ ROUTE ] array (
  'type' => 'module',
  'module' => 
  array (
    0 => '',
    1 => NULL,
    2 => NULL,
  ),
)
[ info ] [ HEADER ] array (
  'connection' => 'keep-alive',
  'accept' => 'text/html, image/gif, image/jpeg, *; q=.2, */*; q=.2',
  'host' => 'admin.dedaokq.com',
  'user-agent' => 'Mozilla/5.0 (Linux; Android 4.1.1; Nexus 7 Build/JRO03D))',
  'content-type' => '',
  'content-length' => '',
)
[ info ] [ PARAM ] array (
)
[ info ] [ RUN ] app\index\controller\Index->index[ /home/wwwroot/admin/application/index/controller/Index.php ]
[ info ] [ VIEW ] ../template/admin/index.html [ array (
) ]
[ info ] [ LOG ] INIT File
---------------------------------------------------------------
[ 2019-05-18T18:19:32+08:00 ] 101.132.144.145 GET /
[ info ] admin.dedaokq.com/ [运行时间：0.018168s][吞吐率：55.04req/s] [内存消耗：1,728.34kb] [文件加载：81]
[ info ] [ LANG ] /home/wwwroot/admin/thinkphp/lang/zh-cn.php
[ info ] [ ROUTE ] array (
  'type' => 'module',
  'module' => 
  array (
    0 => '',
    1 => NULL,
    2 => NULL,
  ),
)
[ info ] [ HEADER ] array (
  'connection' => 'keep-alive',
  'accept' => 'text/html, image/gif, image/jpeg, *; q=.2, */*; q=.2',
  'host' => 'admin.dedaokq.com',
  'user-agent' => 'Mozilla/5.0 (Linux; Android 4.1.1; Nexus 7 Build/JRO03D))',
  'content-type' => '',
  'content-length' => '',
)
[ info ] [ PARAM ] array (
)
[ info ] [ RUN ] app\index\controller\Index->index[ /home/wwwroot/admin/application/index/controller/Index.php ]
[ info ] [ VIEW ] ../template/admin/index.html [ array (
) ]
[ info ] [ LOG ] INIT File
---------------------------------------------------------------
[ 2019-05-18T20:29:12+08:00 ] 47.92.35.138 GET /
[ info ] admin.dedaokq.com/ [运行时间：0.019025s][吞吐率：52.56req/s] [内存消耗：1,728.34kb] [文件加载：81]
[ info ] [ LANG ] /home/wwwroot/admin/thinkphp/lang/zh-cn.php
[ info ] [ ROUTE ] array (
  'type' => 'module',
  'module' => 
  array (
    0 => '',
    1 => NULL,
    2 => NULL,
  ),
)
[ info ] [ HEADER ] array (
  'connection' => 'keep-alive',
  'accept' => 'text/html, image/gif, image/jpeg, *; q=.2, */*; q=.2',
  'host' => 'admin.dedaokq.com',
  'user-agent' => 'Mozilla/5.0 (Linux; Android 4.1.1; Nexus 7 Build/JRO03D))',
  'content-type' => '',
  'content-length' => '',
)
[ info ] [ PARAM ] array (
)
[ info ] [ RUN ] app\index\controller\Index->index[ /home/wwwroot/admin/application/index/controller/Index.php ]
[ info ] [ VIEW ] ../template/admin/index.html [ array (
) ]
[ info ] [ LOG ] INIT File
---------------------------------------------------------------
[ 2019-05-18T20:30:11+08:00 ] 47.97.204.168 GET /
[ info ] admin.dedaokq.com/ [运行时间：0.019081s][吞吐率：52.41req/s] [内存消耗：1,728.34kb] [文件加载：81]
[ info ] [ LANG ] /home/wwwroot/admin/thinkphp/lang/zh-cn.php
[ info ] [ ROUTE ] array (
  'type' => 'module',
  'module' => 
  array (
    0 => '',
    1 => NULL,
    2 => NULL,
  ),
)
[ info ] [ HEADER ] array (
  'connection' => 'keep-alive',
  'accept' => 'text/html, image/gif, image/jpeg, *; q=.2, */*; q=.2',
  'host' => 'admin.dedaokq.com',
  'user-agent' => 'Mozilla/5.0 (Linux; Android 4.1.1; Nexus 7 Build/JRO03D))',
  'content-type' => '',
  'content-length' => '',
)
[ info ] [ PARAM ] array (
)
[ info ] [ RUN ] app\index\controller\Index->index[ /home/wwwroot/admin/application/index/controller/Index.php ]
[ info ] [ VIEW ] ../template/admin/index.html [ array (
) ]
[ info ] [ LOG ] INIT File
