---------------------------------------------------------------
[ 2019-04-12T09:01:58+08:00 ] 59.42.89.202 POST /api/Setting/getSiteInfo
[ info ] api.dedaokq.com/api/Setting/getSiteInfo [运行时间：0.017787s][吞吐率：56.22req/s] [内存消耗：1,564.97kb] [文件加载：82]
[ info ] [ LANG ] /home/wwwroot/admin/thinkphp/lang/zh-cn.php
[ info ] [ ROUTE ] array (
  'type' => 'module',
  'module' => 
  array (
    0 => 'api',
    1 => 'Setting',
    2 => 'getSiteInfo',
  ),
)
[ info ] [ HEADER ] array (
  'accept-language' => 'zh-CN,zh;q=0.9',
  'accept-encoding' => 'gzip, deflate',
  'referer' => 'http://test.szddkq.com/page/jky',
  'content-type' => 'application/x-www-form-urlencoded; charset=UTF-8',
  'user-agent' => 'Mozilla/5.0 (Windows NT 6.1; WOW64) AppleWebKit/537.36 (KHTML, like Gecko) Chrome/72.0.3626.96 Safari/537.36',
  'origin' => 'http://test.szddkq.com',
  'accept' => '*/*',
  'content-length' => '7',
  'connection' => 'keep-alive',
  'host' => 'api.dedaokq.com',
)
[ info ] [ PARAM ] array (
  'db_id' => '2',
)
[ info ] [ RUN ] app\api\controller\Setting->getSiteInfo[ /home/wwwroot/admin/application/api/controller/Setting.php ]
[ info ] [ CACHE ] INIT File
[ info ] [ LOG ] INIT File
---------------------------------------------------------------
[ 2019-04-12T09:02:05+08:00 ] 59.42.89.202 POST /api/Setting/getSiteInfo
[ info ] api.dedaokq.com/api/Setting/getSiteInfo [运行时间：0.019013s][吞吐率：52.60req/s] [内存消耗：1,564.99kb] [文件加载：82]
[ info ] [ LANG ] /home/wwwroot/admin/thinkphp/lang/zh-cn.php
[ info ] [ ROUTE ] array (
  'type' => 'module',
  'module' => 
  array (
    0 => 'api',
    1 => 'Setting',
    2 => 'getSiteInfo',
  ),
)
[ info ] [ HEADER ] array (
  'accept-language' => 'zh-CN,zh;q=0.9',
  'accept-encoding' => 'gzip, deflate',
  'referer' => 'http://test.szddkq.com/page/team',
  'content-type' => 'application/x-www-form-urlencoded; charset=UTF-8',
  'user-agent' => 'Mozilla/5.0 (Windows NT 6.1; WOW64) AppleWebKit/537.36 (KHTML, like Gecko) Chrome/72.0.3626.96 Safari/537.36',
  'origin' => 'http://test.szddkq.com',
  'accept' => '*/*',
  'content-length' => '7',
  'connection' => 'keep-alive',
  'host' => 'api.dedaokq.com',
)
[ info ] [ PARAM ] array (
  'db_id' => '2',
)
[ info ] [ RUN ] app\api\controller\Setting->getSiteInfo[ /home/wwwroot/admin/application/api/controller/Setting.php ]
[ info ] [ CACHE ] INIT File
[ info ] [ LOG ] INIT File
---------------------------------------------------------------
[ 2019-04-12T09:07:09+08:00 ] 59.42.89.202 GET /admin/Link/index/token/63d40157e4d416e3ad76d9bf01311776
[ info ] api.dedaokq.com/admin/Link/index/token/63d40157e4d416e3ad76d9bf01311776 [运行时间：0.025078s][吞吐率：39.88req/s] [内存消耗：2,358.35kb] [文件加载：85]
[ info ] [ LANG ] /home/wwwroot/admin/thinkphp/lang/zh-cn.php
[ info ] [ ROUTE ] array (
  'type' => 'module',
  'module' => 
  array (
    0 => 'admin',
    1 => 'Link',
    2 => 'index',
  ),
)
[ info ] [ HEADER ] array (
  'accept-language' => 'zh-CN,zh;q=0.9,en;q=0.8,ja;q=0.7',
  'accept-encodinh' => 'gzip, deflate',
  'accept' => 'text/html,application/xhtml+xml,application/xml;q=0.9,image/webp,image/apng,*/*;q=0.8',
  'user-agent' => 'Mozilla/5.0 (Windows NT 6.1; Win64; x64) AppleWebKit/537.36 (KHTML, like Gecko) Chrome/69.0.3497.92 Safari/537.36',
  'upgrade-insecure-requests' => '1',
  'connectioo' => 'keep-alive',
  'host' => 'api.dedaokq.com',
  'content-type' => '',
  'content-length' => '',
)
[ info ] [ PARAM ] array (
  'token' => '63d40157e4d416e3ad76d9bf01311776',
)
[ info ] [ DB ] INIT mysql
[ info ] [ LOG ] INIT File
[ sql ] [ DB ] CONNECT:[ UseTime:0.000427s ] mysql:host=127.0.0.1;dbname=new_chengdu;charset=utf8mb4
[ sql ] [ SQL ] SHOW COLUMNS FROM `cmf_user_token` [ RunTime:0.000655s ]
[ sql ] [ SQL ] SELECT * FROM `cmf_user_token` WHERE  `token` = '63d40157e4d416e3ad76d9bf01311776' LIMIT 1 [ RunTime:0.000278s ]
[ sql ] [ SQL ] SELECT * FROM `cmf_user_token` WHERE  `token` = '63d40157e4d416e3ad76d9bf01311776' LIMIT 1 [ RunTime:0.000234s ]
---------------------------------------------------------------
[ 2019-04-12T09:07:12+08:00 ] 59.42.89.202 POST /admin/index/checkLogin
[ info ] admin.dedaokq.com/admin/index/checkLogin [运行时间：0.025435s][吞吐率：39.32req/s] [内存消耗：2,448.30kb] [文件加载：87]
[ info ] [ LANG ] /home/wwwroot/admin/thinkphp/lang/zh-cn.php
[ info ] [ ROUTE ] array (
  'type' => 'module',
  'module' => 
  array (
    0 => 'admin',
    1 => 'index',
    2 => 'checkLogin',
  ),
)
[ info ] [ HEADER ] array (
  'accept-language' => 'zh-CN,zh;q=0.9,en;q=0.8,ja;q=0.7',
  'accept-encoding' => 'gzip, deflate',
  'referer' => 'http://admin.dedaokq.com/',
  'content-type' => 'application/json;charset=UTF-8',
  'user-agent' => 'Mozilla/5.0 (Windows NT 6.1; Win64; x64) AppleWebKit/537.36 (KHTML, like Gecko) Chrome/69.0.3497.92 Safari/537.36',
  'x-requested-with' => 'XMLHttpRequest',
  'origin' => 'http://admin.dedaokq.com',
  'accept' => 'application/json, text/plain, */*',
  'content-length' => '20',
  'connection' => 'keep-alive',
  'host' => 'admin.dedaokq.com',
)
[ info ] [ PARAM ] array (
  'username' => 'admin',
)
[ info ] [ DB ] INIT mysql
[ info ] [ RUN ] app\admin\controller\Index->checkLogin[ /home/wwwroot/admin/application/admin/controller/Index.php ]
[ info ] [ DB ] INIT mysql
[ info ] [ LOG ] INIT File
[ sql ] [ DB ] CONNECT:[ UseTime:0.000478s ] mysql:host=127.0.0.1;dbname=new_chengdu;charset=utf8mb4
[ sql ] [ SQL ] SHOW COLUMNS FROM `cmf_user_token` [ RunTime:0.000634s ]
[ sql ] [ SQL ] SELECT * FROM `cmf_user_token` WHERE  `token` IS NULL LIMIT 1 [ RunTime:0.000230s ]
---------------------------------------------------------------
[ 2019-04-12T09:07:13+08:00 ] 59.42.89.202 GET /admin/Login/captcha?0.12194923998254281
[ info ] admin.dedaokq.com/admin/Login/captcha?0.12194923998254281 [运行时间：0.027032s][吞吐率：36.99req/s] [内存消耗：2,456.22kb] [文件加载：87]
[ info ] [ LANG ] /home/wwwroot/admin/thinkphp/lang/zh-cn.php
[ info ] [ ROUTE ] array (
  'type' => 'module',
  'module' => 
  array (
    0 => 'admin',
    1 => 'Login',
    2 => 'captcha',
  ),
)
[ info ] [ HEADER ] array (
  'accept-language' => 'zh-CN,zh;q=0.9,en;q=0.8,ja;q=0.7',
  'accept-encoding' => 'gzip, deflate',
  'referer' => 'http://admin.dedaokq.com/',
  'accept' => 'image/webp,image/apng,image/*,*/*;q=0.8',
  'user-agent' => 'Mozilla/5.0 (Windows NT 6.1; Win64; x64) AppleWebKit/537.36 (KHTML, like Gecko) Chrome/69.0.3497.92 Safari/537.36',
  'connection' => 'keep-alive',
  'host' => 'admin.dedaokq.com',
  'content-type' => '',
  'content-length' => '',
)
[ info ] [ PARAM ] array (
  '0_12194923998254281' => '',
)
[ info ] [ DB ] INIT mysql
[ info ] [ RUN ] app\admin\controller\Login->captcha[ /home/wwwroot/admin/application/admin/controller/Login.php ]
[ info ] [ LOG ] INIT File
[ sql ] [ DB ] CONNECT:[ UseTime:0.000475s ] mysql:host=127.0.0.1;dbname=new_chengdu;charset=utf8mb4
[ sql ] [ SQL ] SHOW COLUMNS FROM `cmf_user_token` [ RunTime:0.000694s ]
[ sql ] [ SQL ] SELECT * FROM `cmf_user_token` WHERE  `token` IS NULL LIMIT 1 [ RunTime:0.000345s ]
---------------------------------------------------------------
[ 2019-04-12T09:38:11+08:00 ] 47.97.215.92 GET /
[ info ] admin.dedaokq.com/ [运行时间：0.019475s][吞吐率：51.35req/s] [内存消耗：1,724.63kb] [文件加载：81]
[ info ] [ LANG ] /home/wwwroot/admin/thinkphp/lang/zh-cn.php
[ info ] [ ROUTE ] array (
  'type' => 'module',
  'module' => 
  array (
    0 => '',
    1 => NULL,
    2 => NULL,
  ),
)
[ info ] [ HEADER ] array (
  'connection' => 'keep-alive',
  'accept' => 'text/html, image/gif, image/jpeg, *; q=.2, */*; q=.2',
  'host' => 'admin.dedaokq.com',
  'user-agent' => 'Mozilla/5.0 (Linux; Android 4.1.1; Nexus 7 Build/JRO03D))',
  'content-type' => '',
  'content-length' => '',
)
[ info ] [ PARAM ] array (
)
[ info ] [ RUN ] app\index\controller\Index->index[ /home/wwwroot/admin/application/index/controller/Index.php ]
[ info ] [ VIEW ] ../template/admin/index.html [ array (
) ]
[ info ] [ LOG ] INIT File
---------------------------------------------------------------
[ 2019-04-12T09:40:09+08:00 ] 59.42.89.202 POST /api/Setting/getSiteInfo
[ info ] api.dedaokq.com/api/Setting/getSiteInfo [运行时间：0.018227s][吞吐率：54.86req/s] [内存消耗：1,564.98kb] [文件加载：82]
[ info ] [ LANG ] /home/wwwroot/admin/thinkphp/lang/zh-cn.php
[ info ] [ ROUTE ] array (
  'type' => 'module',
  'module' => 
  array (
    0 => 'api',
    1 => 'Setting',
    2 => 'getSiteInfo',
  ),
)
[ info ] [ HEADER ] array (
  'accept-language' => 'zh-CN,zh;q=0.9',
  'accept-encoding' => 'gzip, deflate',
  'referer' => 'http://test.szddkq.com/page/jky',
  'content-type' => 'application/x-www-form-urlencoded; charset=UTF-8',
  'user-agent' => 'Mozilla/5.0 (Windows NT 6.1; WOW64) AppleWebKit/537.36 (KHTML, like Gecko) Chrome/72.0.3626.96 Safari/537.36',
  'origin' => 'http://test.szddkq.com',
  'accept' => '*/*',
  'content-length' => '7',
  'connection' => 'keep-alive',
  'host' => 'api.dedaokq.com',
)
[ info ] [ PARAM ] array (
  'db_id' => '2',
)
[ info ] [ RUN ] app\api\controller\Setting->getSiteInfo[ /home/wwwroot/admin/application/api/controller/Setting.php ]
[ info ] [ CACHE ] INIT File
[ info ] [ LOG ] INIT File
---------------------------------------------------------------
[ 2019-04-12T09:40:13+08:00 ] 59.42.89.202 POST /api/Setting/getSiteInfo
[ info ] api.dedaokq.com/api/Setting/getSiteInfo [运行时间：0.018192s][吞吐率：54.97req/s] [内存消耗：1,564.99kb] [文件加载：82]
[ info ] [ LANG ] /home/wwwroot/admin/thinkphp/lang/zh-cn.php
[ info ] [ ROUTE ] array (
  'type' => 'module',
  'module' => 
  array (
    0 => 'api',
    1 => 'Setting',
    2 => 'getSiteInfo',
  ),
)
[ info ] [ HEADER ] array (
  'accept-language' => 'zh-CN,zh;q=0.9',
  'accept-encoding' => 'gzip, deflate',
  'referer' => 'http://test.szddkq.com/page/team',
  'content-type' => 'application/x-www-form-urlencoded; charset=UTF-8',
  'user-agent' => 'Mozilla/5.0 (Windows NT 6.1; WOW64) AppleWebKit/537.36 (KHTML, like Gecko) Chrome/72.0.3626.96 Safari/537.36',
  'origin' => 'http://test.szddkq.com',
  'accept' => '*/*',
  'content-length' => '7',
  'connection' => 'keep-alive',
  'host' => 'api.dedaokq.com',
)
[ info ] [ PARAM ] array (
  'db_id' => '2',
)
[ info ] [ RUN ] app\api\controller\Setting->getSiteInfo[ /home/wwwroot/admin/application/api/controller/Setting.php ]
[ info ] [ CACHE ] INIT File
[ info ] [ LOG ] INIT File
---------------------------------------------------------------
[ 2019-04-12T09:51:34+08:00 ] 139.224.11.233 GET /
[ info ] api.dedaokq.com/ [运行时间：0.018331s][吞吐率：54.55req/s] [内存消耗：1,724.60kb] [文件加载：81]
[ info ] [ LANG ] /home/wwwroot/admin/thinkphp/lang/zh-cn.php
[ info ] [ ROUTE ] array (
  'type' => 'module',
  'module' => 
  array (
    0 => '',
    1 => NULL,
    2 => NULL,
  ),
)
[ info ] [ HEADER ] array (
  'connection' => 'keep-alive',
  'accept' => 'text/html, image/gif, image/jpeg, *; q=.2, */*; q=.2',
  'host' => 'api.dedaokq.com',
  'user-agent' => 'Mozilla/5.0 (Linux; Android 4.1.1; Nexus 7 Build/JRO03D))',
  'content-type' => '',
  'content-length' => '',
)
[ info ] [ PARAM ] array (
)
[ info ] [ RUN ] app\index\controller\Index->index[ /home/wwwroot/admin/application/index/controller/Index.php ]
[ info ] [ VIEW ] ../template/admin/index.html [ array (
) ]
[ info ] [ LOG ] INIT File
---------------------------------------------------------------
[ 2019-04-12T10:07:54+08:00 ] 47.98.97.252 GET /
[ info ] admin.dedaokq.com/ [运行时间：0.019061s][吞吐率：52.46req/s] [内存消耗：1,724.63kb] [文件加载：81]
[ info ] [ LANG ] /home/wwwroot/admin/thinkphp/lang/zh-cn.php
[ info ] [ ROUTE ] array (
  'type' => 'module',
  'module' => 
  array (
    0 => '',
    1 => NULL,
    2 => NULL,
  ),
)
[ info ] [ HEADER ] array (
  'connection' => 'keep-alive',
  'accept' => 'text/html, image/gif, image/jpeg, *; q=.2, */*; q=.2',
  'host' => 'admin.dedaokq.com',
  'user-agent' => 'Mozilla/5.0 (Linux; Android 4.1.1; Nexus 7 Build/JRO03D))',
  'content-type' => '',
  'content-length' => '',
)
[ info ] [ PARAM ] array (
)
[ info ] [ RUN ] app\index\controller\Index->index[ /home/wwwroot/admin/application/index/controller/Index.php ]
[ info ] [ VIEW ] ../template/admin/index.html [ array (
) ]
[ info ] [ LOG ] INIT File
---------------------------------------------------------------
[ 2019-04-12T10:16:34+08:00 ] 59.42.89.202 POST /admin/index/checkLogin
[ info ] admin.dedaokq.com/admin/index/checkLogin [运行时间：0.026283s][吞吐率：38.05req/s] [内存消耗：2,448.30kb] [文件加载：87]
[ info ] [ LANG ] /home/wwwroot/admin/thinkphp/lang/zh-cn.php
[ info ] [ ROUTE ] array (
  'type' => 'module',
  'module' => 
  array (
    0 => 'admin',
    1 => 'index',
    2 => 'checkLogin',
  ),
)
[ info ] [ HEADER ] array (
  'accept-language' => 'zh-CN,zh;q=0.9,en;q=0.8,ja;q=0.7',
  'accept-encoding' => 'gzip, deflate',
  'referer' => 'http://admin.dedaokq.com/',
  'content-type' => 'application/json;charset=UTF-8',
  'user-agent' => 'Mozilla/5.0 (Windows NT 6.1; Win64; x64) AppleWebKit/537.36 (KHTML, like Gecko) Chrome/69.0.3497.92 Safari/537.36',
  'x-requested-with' => 'XMLHttpRequest',
  'origin' => 'http://admin.dedaokq.com',
  'accept' => 'application/json, text/plain, */*',
  'content-length' => '20',
  'connection' => 'keep-alive',
  'host' => 'admin.dedaokq.com',
)
[ info ] [ PARAM ] array (
  'username' => 'admin',
)
[ info ] [ DB ] INIT mysql
[ info ] [ RUN ] app\admin\controller\Index->checkLogin[ /home/wwwroot/admin/application/admin/controller/Index.php ]
[ info ] [ DB ] INIT mysql
[ info ] [ LOG ] INIT File
[ sql ] [ DB ] CONNECT:[ UseTime:0.000421s ] mysql:host=127.0.0.1;dbname=new_chengdu;charset=utf8mb4
[ sql ] [ SQL ] SHOW COLUMNS FROM `cmf_user_token` [ RunTime:0.000634s ]
[ sql ] [ SQL ] SELECT * FROM `cmf_user_token` WHERE  `token` IS NULL LIMIT 1 [ RunTime:0.000242s ]
---------------------------------------------------------------
[ 2019-04-12T10:16:34+08:00 ] 59.42.89.202 GET /admin/Login/captcha?0.9286381537302315
[ info ] admin.dedaokq.com/admin/Login/captcha?0.9286381537302315 [运行时间：0.027152s][吞吐率：36.83req/s] [内存消耗：2,456.19kb] [文件加载：87]
[ info ] [ LANG ] /home/wwwroot/admin/thinkphp/lang/zh-cn.php
[ info ] [ ROUTE ] array (
  'type' => 'module',
  'module' => 
  array (
    0 => 'admin',
    1 => 'Login',
    2 => 'captcha',
  ),
)
[ info ] [ HEADER ] array (
  'accept-language' => 'zh-CN,zh;q=0.9,en;q=0.8,ja;q=0.7',
  'accept-encoding' => 'gzip, deflate',
  'referer' => 'http://admin.dedaokq.com/',
  'accept' => 'image/webp,image/apng,image/*,*/*;q=0.8',
  'user-agent' => 'Mozilla/5.0 (Windows NT 6.1; Win64; x64) AppleWebKit/537.36 (KHTML, like Gecko) Chrome/69.0.3497.92 Safari/537.36',
  'connection' => 'keep-alive',
  'host' => 'admin.dedaokq.com',
  'content-type' => '',
  'content-length' => '',
)
[ info ] [ PARAM ] array (
  '0_9286381537302315' => '',
)
[ info ] [ DB ] INIT mysql
[ info ] [ RUN ] app\admin\controller\Login->captcha[ /home/wwwroot/admin/application/admin/controller/Login.php ]
[ info ] [ LOG ] INIT File
[ sql ] [ DB ] CONNECT:[ UseTime:0.000470s ] mysql:host=127.0.0.1;dbname=new_chengdu;charset=utf8mb4
[ sql ] [ SQL ] SHOW COLUMNS FROM `cmf_user_token` [ RunTime:0.000624s ]
[ sql ] [ SQL ] SELECT * FROM `cmf_user_token` WHERE  `token` IS NULL LIMIT 1 [ RunTime:0.000233s ]
---------------------------------------------------------------
[ 2019-04-12T11:05:01+08:00 ] 59.42.89.202 POST /api/Setting/getSiteInfo
[ info ] api.dedaokq.com/api/Setting/getSiteInfo [运行时间：0.018222s][吞吐率：54.88req/s] [内存消耗：1,565.62kb] [文件加载：82]
[ info ] [ LANG ] /home/wwwroot/admin/thinkphp/lang/zh-cn.php
[ info ] [ ROUTE ] array (
  'type' => 'module',
  'module' => 
  array (
    0 => 'api',
    1 => 'Setting',
    2 => 'getSiteInfo',
  ),
)
[ info ] [ HEADER ] array (
  'accept-language' => 'zh-CN,zh;q=0.9',
  'accept-encoding' => 'gzip, deflate',
  'referer' => 'http://www.szddkq.com/page/team?tdsourcetag=s_pcqq_aiomsg',
  'content-type' => 'application/x-www-form-urlencoded; charset=UTF-8',
  'user-agent' => 'Mozilla/5.0 (Windows NT 6.1; WOW64) AppleWebKit/537.36 (KHTML, like Gecko) Chrome/70.0.3538.25 Safari/537.36 Core/1.70.3650.400 QQBrowser/10.4.3341.400',
  'origin' => 'http://www.szddkq.com',
  'accept' => '*/*',
  'content-length' => '7',
  'connection' => 'keep-alive',
  'host' => 'api.dedaokq.com',
)
[ info ] [ PARAM ] array (
  'db_id' => '2',
)
[ info ] [ RUN ] app\api\controller\Setting->getSiteInfo[ /home/wwwroot/admin/application/api/controller/Setting.php ]
[ info ] [ CACHE ] INIT File
[ info ] [ LOG ] INIT File
---------------------------------------------------------------
[ 2019-04-12T11:05:02+08:00 ] 59.42.89.202 POST /api/Setting/getSiteInfo
[ info ] api.dedaokq.com/api/Setting/getSiteInfo [运行时间：0.018926s][吞吐率：52.84req/s] [内存消耗：1,565.62kb] [文件加载：82]
[ info ] [ LANG ] /home/wwwroot/admin/thinkphp/lang/zh-cn.php
[ info ] [ ROUTE ] array (
  'type' => 'module',
  'module' => 
  array (
    0 => 'api',
    1 => 'Setting',
    2 => 'getSiteInfo',
  ),
)
[ info ] [ HEADER ] array (
  'accept-language' => 'zh-CN,zh;q=0.9',
  'accept-encoding' => 'gzip, deflate',
  'referer' => 'http://www.szddkq.com/page/team?tdsourcetag=s_pcqq_aiomsg',
  'content-type' => 'application/x-www-form-urlencoded; charset=UTF-8',
  'user-agent' => 'Mozilla/5.0 (Windows NT 6.1; WOW64) AppleWebKit/537.36 (KHTML, like Gecko) Chrome/70.0.3538.25 Safari/537.36 Core/1.70.3650.400 QQBrowser/10.4.3341.400',
  'origin' => 'http://www.szddkq.com',
  'accept' => '*/*',
  'content-length' => '7',
  'connection' => 'keep-alive',
  'host' => 'api.dedaokq.com',
)
[ info ] [ PARAM ] array (
  'db_id' => '2',
)
[ info ] [ RUN ] app\api\controller\Setting->getSiteInfo[ /home/wwwroot/admin/application/api/controller/Setting.php ]
[ info ] [ CACHE ] INIT File
[ info ] [ LOG ] INIT File
---------------------------------------------------------------
[ 2019-04-12T16:48:02+08:00 ] 59.42.89.202 POST /api/Setting/getSiteInfo
[ info ] api.dedaokq.com/api/Setting/getSiteInfo [运行时间：0.018537s][吞吐率：53.95req/s] [内存消耗：1,564.98kb] [文件加载：82]
[ info ] [ LANG ] /home/wwwroot/admin/thinkphp/lang/zh-cn.php
[ info ] [ ROUTE ] array (
  'type' => 'module',
  'module' => 
  array (
    0 => 'api',
    1 => 'Setting',
    2 => 'getSiteInfo',
  ),
)
[ info ] [ HEADER ] array (
  'accept-language' => 'zh-CN,zh;q=0.9',
  'accept-encoding' => 'gzip, deflate',
  'referer' => 'http://test.szddkq.com/page/jky',
  'content-type' => 'application/x-www-form-urlencoded; charset=UTF-8',
  'user-agent' => 'Mozilla/5.0 (Windows NT 6.1; WOW64) AppleWebKit/537.36 (KHTML, like Gecko) Chrome/72.0.3626.96 Safari/537.36',
  'origin' => 'http://test.szddkq.com',
  'accept' => '*/*',
  'content-length' => '7',
  'connection' => 'keep-alive',
  'host' => 'api.dedaokq.com',
)
[ info ] [ PARAM ] array (
  'db_id' => '2',
)
[ info ] [ RUN ] app\api\controller\Setting->getSiteInfo[ /home/wwwroot/admin/application/api/controller/Setting.php ]
[ info ] [ CACHE ] INIT File
[ info ] [ LOG ] INIT File
---------------------------------------------------------------
[ 2019-04-12T17:12:51+08:00 ] 59.42.89.202 POST /api/Setting/getSiteInfo
[ info ] api.dedaokq.com/api/Setting/getSiteInfo [运行时间：0.018364s][吞吐率：54.45req/s] [内存消耗：1,564.98kb] [文件加载：82]
[ info ] [ LANG ] /home/wwwroot/admin/thinkphp/lang/zh-cn.php
[ info ] [ ROUTE ] array (
  'type' => 'module',
  'module' => 
  array (
    0 => 'api',
    1 => 'Setting',
    2 => 'getSiteInfo',
  ),
)
[ info ] [ HEADER ] array (
  'accept-language' => 'zh-CN,zh;q=0.9',
  'accept-encoding' => 'gzip, deflate',
  'referer' => 'http://test.szddkq.com/page/jky',
  'content-type' => 'application/x-www-form-urlencoded; charset=UTF-8',
  'user-agent' => 'Mozilla/5.0 (Windows NT 6.1; WOW64) AppleWebKit/537.36 (KHTML, like Gecko) Chrome/72.0.3626.96 Safari/537.36',
  'origin' => 'http://test.szddkq.com',
  'accept' => '*/*',
  'content-length' => '7',
  'connection' => 'keep-alive',
  'host' => 'api.dedaokq.com',
)
[ info ] [ PARAM ] array (
  'db_id' => '2',
)
[ info ] [ RUN ] app\api\controller\Setting->getSiteInfo[ /home/wwwroot/admin/application/api/controller/Setting.php ]
[ info ] [ CACHE ] INIT File
[ info ] [ LOG ] INIT File
---------------------------------------------------------------
[ 2019-04-12T17:12:56+08:00 ] 59.42.89.202 POST /api/Setting/getSiteInfo
[ info ] api.dedaokq.com/api/Setting/getSiteInfo [运行时间：0.018508s][吞吐率：54.03req/s] [内存消耗：1,564.98kb] [文件加载：82]
[ info ] [ LANG ] /home/wwwroot/admin/thinkphp/lang/zh-cn.php
[ info ] [ ROUTE ] array (
  'type' => 'module',
  'module' => 
  array (
    0 => 'api',
    1 => 'Setting',
    2 => 'getSiteInfo',
  ),
)
[ info ] [ HEADER ] array (
  'accept-language' => 'zh-CN,zh;q=0.9',
  'accept-encoding' => 'gzip, deflate',
  'referer' => 'http://test.szddkq.com/page/jky',
  'content-type' => 'application/x-www-form-urlencoded; charset=UTF-8',
  'user-agent' => 'Mozilla/5.0 (Windows NT 6.1; WOW64) AppleWebKit/537.36 (KHTML, like Gecko) Chrome/72.0.3626.96 Safari/537.36',
  'origin' => 'http://test.szddkq.com',
  'accept' => '*/*',
  'content-length' => '7',
  'connection' => 'keep-alive',
  'host' => 'api.dedaokq.com',
)
[ info ] [ PARAM ] array (
  'db_id' => '2',
)
[ info ] [ RUN ] app\api\controller\Setting->getSiteInfo[ /home/wwwroot/admin/application/api/controller/Setting.php ]
[ info ] [ CACHE ] INIT File
[ info ] [ LOG ] INIT File
---------------------------------------------------------------
[ 2019-04-12T17:13:02+08:00 ] 59.42.89.202 POST /api/Setting/getSiteInfo
[ info ] api.dedaokq.com/api/Setting/getSiteInfo [运行时间：0.018456s][吞吐率：54.18req/s] [内存消耗：1,565.88kb] [文件加载：82]
[ info ] [ LANG ] /home/wwwroot/admin/thinkphp/lang/zh-cn.php
[ info ] [ ROUTE ] array (
  'type' => 'module',
  'module' => 
  array (
    0 => 'api',
    1 => 'Setting',
    2 => 'getSiteInfo',
  ),
)
[ info ] [ HEADER ] array (
  'accept-language' => 'zh-CN,zh;q=0.9',
  'accept-encoding' => 'gzip, deflate',
  'referer' => 'http://test.szddkq.com/page/jky',
  'content-type' => 'application/x-www-form-urlencoded; charset=UTF-8',
  'user-agent' => 'Mozilla/5.0 (Windows NT 6.1; WOW64) AppleWebKit/537.36 (KHTML, like Gecko) Chrome/72.0.3626.96 Safari/537.36',
  'origin' => 'http://test.szddkq.com',
  'accept' => '*/*',
  'cache-control' => 'no-cache',
  'pragma' => 'no-cache',
  'content-length' => '7',
  'connection' => 'keep-alive',
  'host' => 'api.dedaokq.com',
)
[ info ] [ PARAM ] array (
  'db_id' => '2',
)
[ info ] [ RUN ] app\api\controller\Setting->getSiteInfo[ /home/wwwroot/admin/application/api/controller/Setting.php ]
[ info ] [ CACHE ] INIT File
[ info ] [ LOG ] INIT File
---------------------------------------------------------------
[ 2019-04-12T17:13:04+08:00 ] 59.42.89.202 POST /api/Setting/getSiteInfo
[ info ] api.dedaokq.com/api/Setting/getSiteInfo [运行时间：0.018107s][吞吐率：55.23req/s] [内存消耗：1,564.98kb] [文件加载：82]
[ info ] [ LANG ] /home/wwwroot/admin/thinkphp/lang/zh-cn.php
[ info ] [ ROUTE ] array (
  'type' => 'module',
  'module' => 
  array (
    0 => 'api',
    1 => 'Setting',
    2 => 'getSiteInfo',
  ),
)
[ info ] [ HEADER ] array (
  'accept-language' => 'zh-CN,zh;q=0.9',
  'accept-encoding' => 'gzip, deflate',
  'referer' => 'http://test.szddkq.com/page/yga',
  'content-type' => 'application/x-www-form-urlencoded; charset=UTF-8',
  'user-agent' => 'Mozilla/5.0 (Windows NT 6.1; WOW64) AppleWebKit/537.36 (KHTML, like Gecko) Chrome/72.0.3626.96 Safari/537.36',
  'origin' => 'http://test.szddkq.com',
  'accept' => '*/*',
  'content-length' => '7',
  'connection' => 'keep-alive',
  'host' => 'api.dedaokq.com',
)
[ info ] [ PARAM ] array (
  'db_id' => '2',
)
[ info ] [ RUN ] app\api\controller\Setting->getSiteInfo[ /home/wwwroot/admin/application/api/controller/Setting.php ]
[ info ] [ CACHE ] INIT File
[ info ] [ LOG ] INIT File
---------------------------------------------------------------
[ 2019-04-12T17:20:20+08:00 ] 59.42.89.202 POST /api/Setting/getSiteInfo
[ info ] api.dedaokq.com/api/Setting/getSiteInfo [运行时间：0.018575s][吞吐率：53.84req/s] [内存消耗：1,564.98kb] [文件加载：82]
[ info ] [ LANG ] /home/wwwroot/admin/thinkphp/lang/zh-cn.php
[ info ] [ ROUTE ] array (
  'type' => 'module',
  'module' => 
  array (
    0 => 'api',
    1 => 'Setting',
    2 => 'getSiteInfo',
  ),
)
[ info ] [ HEADER ] array (
  'accept-language' => 'zh-CN,zh;q=0.9',
  'accept-encoding' => 'gzip, deflate',
  'referer' => 'http://test.szddkq.com/page/yga',
  'content-type' => 'application/x-www-form-urlencoded; charset=UTF-8',
  'user-agent' => 'Mozilla/5.0 (Windows NT 6.1; WOW64) AppleWebKit/537.36 (KHTML, like Gecko) Chrome/72.0.3626.96 Safari/537.36',
  'origin' => 'http://test.szddkq.com',
  'accept' => '*/*',
  'content-length' => '7',
  'connection' => 'keep-alive',
  'host' => 'api.dedaokq.com',
)
[ info ] [ PARAM ] array (
  'db_id' => '2',
)
[ info ] [ RUN ] app\api\controller\Setting->getSiteInfo[ /home/wwwroot/admin/application/api/controller/Setting.php ]
[ info ] [ CACHE ] INIT File
[ info ] [ LOG ] INIT File
---------------------------------------------------------------
[ 2019-04-12T17:24:54+08:00 ] 59.42.89.202 POST /api/Setting/getSiteInfo
[ info ] api.dedaokq.com/api/Setting/getSiteInfo [运行时间：0.018004s][吞吐率：55.54req/s] [内存消耗：1,564.98kb] [文件加载：82]
[ info ] [ LANG ] /home/wwwroot/admin/thinkphp/lang/zh-cn.php
[ info ] [ ROUTE ] array (
  'type' => 'module',
  'module' => 
  array (
    0 => 'api',
    1 => 'Setting',
    2 => 'getSiteInfo',
  ),
)
[ info ] [ HEADER ] array (
  'accept-language' => 'zh-CN,zh;q=0.9',
  'accept-encoding' => 'gzip, deflate',
  'referer' => 'http://test.szddkq.com/page/yga',
  'content-type' => 'application/x-www-form-urlencoded; charset=UTF-8',
  'user-agent' => 'Mozilla/5.0 (Windows NT 6.1; WOW64) AppleWebKit/537.36 (KHTML, like Gecko) Chrome/72.0.3626.96 Safari/537.36',
  'origin' => 'http://test.szddkq.com',
  'accept' => '*/*',
  'content-length' => '7',
  'connection' => 'keep-alive',
  'host' => 'api.dedaokq.com',
)
[ info ] [ PARAM ] array (
  'db_id' => '2',
)
[ info ] [ RUN ] app\api\controller\Setting->getSiteInfo[ /home/wwwroot/admin/application/api/controller/Setting.php ]
[ info ] [ CACHE ] INIT File
[ info ] [ LOG ] INIT File
---------------------------------------------------------------
[ 2019-04-12T17:27:31+08:00 ] 59.42.89.202 POST /api/Setting/getSiteInfo
[ info ] api.dedaokq.com/api/Setting/getSiteInfo [运行时间：0.018574s][吞吐率：53.84req/s] [内存消耗：1,564.98kb] [文件加载：82]
[ info ] [ LANG ] /home/wwwroot/admin/thinkphp/lang/zh-cn.php
[ info ] [ ROUTE ] array (
  'type' => 'module',
  'module' => 
  array (
    0 => 'api',
    1 => 'Setting',
    2 => 'getSiteInfo',
  ),
)
[ info ] [ HEADER ] array (
  'accept-language' => 'zh-CN,zh;q=0.9',
  'accept-encoding' => 'gzip, deflate',
  'referer' => 'http://test.szddkq.com/page/yga',
  'content-type' => 'application/x-www-form-urlencoded; charset=UTF-8',
  'user-agent' => 'Mozilla/5.0 (Windows NT 6.1; WOW64) AppleWebKit/537.36 (KHTML, like Gecko) Chrome/72.0.3626.96 Safari/537.36',
  'origin' => 'http://test.szddkq.com',
  'accept' => '*/*',
  'content-length' => '7',
  'connection' => 'keep-alive',
  'host' => 'api.dedaokq.com',
)
[ info ] [ PARAM ] array (
  'db_id' => '2',
)
[ info ] [ RUN ] app\api\controller\Setting->getSiteInfo[ /home/wwwroot/admin/application/api/controller/Setting.php ]
[ info ] [ CACHE ] INIT File
[ info ] [ LOG ] INIT File
---------------------------------------------------------------
[ 2019-04-12T17:29:16+08:00 ] 59.42.89.202 POST /api/Setting/getSiteInfo
[ info ] api.dedaokq.com/api/Setting/getSiteInfo [运行时间：0.019618s][吞吐率：50.97req/s] [内存消耗：1,564.98kb] [文件加载：82]
[ info ] [ LANG ] /home/wwwroot/admin/thinkphp/lang/zh-cn.php
[ info ] [ ROUTE ] array (
  'type' => 'module',
  'module' => 
  array (
    0 => 'api',
    1 => 'Setting',
    2 => 'getSiteInfo',
  ),
)
[ info ] [ HEADER ] array (
  'accept-language' => 'zh-CN,zh;q=0.9',
  'accept-encoding' => 'gzip, deflate',
  'referer' => 'http://test.szddkq.com/page/jky',
  'content-type' => 'application/x-www-form-urlencoded; charset=UTF-8',
  'user-agent' => 'Mozilla/5.0 (Windows NT 6.1; WOW64) AppleWebKit/537.36 (KHTML, like Gecko) Chrome/72.0.3626.96 Safari/537.36',
  'origin' => 'http://test.szddkq.com',
  'accept' => '*/*',
  'content-length' => '7',
  'connection' => 'keep-alive',
  'host' => 'api.dedaokq.com',
)
[ info ] [ PARAM ] array (
  'db_id' => '2',
)
[ info ] [ RUN ] app\api\controller\Setting->getSiteInfo[ /home/wwwroot/admin/application/api/controller/Setting.php ]
[ info ] [ CACHE ] INIT File
[ info ] [ LOG ] INIT File
---------------------------------------------------------------
[ 2019-04-12T17:29:44+08:00 ] 59.42.89.202 POST /api/Setting/getSiteInfo
[ info ] api.dedaokq.com/api/Setting/getSiteInfo [运行时间：0.018193s][吞吐率：54.97req/s] [内存消耗：1,564.98kb] [文件加载：82]
[ info ] [ LANG ] /home/wwwroot/admin/thinkphp/lang/zh-cn.php
[ info ] [ ROUTE ] array (
  'type' => 'module',
  'module' => 
  array (
    0 => 'api',
    1 => 'Setting',
    2 => 'getSiteInfo',
  ),
)
[ info ] [ HEADER ] array (
  'accept-language' => 'zh-CN,zh;q=0.9',
  'accept-encoding' => 'gzip, deflate',
  'referer' => 'http://test.szddkq.com/page/yga',
  'content-type' => 'application/x-www-form-urlencoded; charset=UTF-8',
  'user-agent' => 'Mozilla/5.0 (Windows NT 6.1; WOW64) AppleWebKit/537.36 (KHTML, like Gecko) Chrome/72.0.3626.96 Safari/537.36',
  'origin' => 'http://test.szddkq.com',
  'accept' => '*/*',
  'content-length' => '7',
  'connection' => 'keep-alive',
  'host' => 'api.dedaokq.com',
)
[ info ] [ PARAM ] array (
  'db_id' => '2',
)
[ info ] [ RUN ] app\api\controller\Setting->getSiteInfo[ /home/wwwroot/admin/application/api/controller/Setting.php ]
[ info ] [ CACHE ] INIT File
[ info ] [ LOG ] INIT File
---------------------------------------------------------------
[ 2019-04-12T17:31:07+08:00 ] 59.42.89.202 POST /api/Setting/getSiteInfo
[ info ] api.dedaokq.com/api/Setting/getSiteInfo [运行时间：0.018026s][吞吐率：55.48req/s] [内存消耗：1,564.98kb] [文件加载：82]
[ info ] [ LANG ] /home/wwwroot/admin/thinkphp/lang/zh-cn.php
[ info ] [ ROUTE ] array (
  'type' => 'module',
  'module' => 
  array (
    0 => 'api',
    1 => 'Setting',
    2 => 'getSiteInfo',
  ),
)
[ info ] [ HEADER ] array (
  'accept-language' => 'zh-CN,zh;q=0.9',
  'accept-encoding' => 'gzip, deflate',
  'referer' => 'http://test.szddkq.com/page/yga',
  'content-type' => 'application/x-www-form-urlencoded; charset=UTF-8',
  'user-agent' => 'Mozilla/5.0 (Windows NT 6.1; WOW64) AppleWebKit/537.36 (KHTML, like Gecko) Chrome/72.0.3626.96 Safari/537.36',
  'origin' => 'http://test.szddkq.com',
  'accept' => '*/*',
  'content-length' => '7',
  'connection' => 'keep-alive',
  'host' => 'api.dedaokq.com',
)
[ info ] [ PARAM ] array (
  'db_id' => '2',
)
[ info ] [ RUN ] app\api\controller\Setting->getSiteInfo[ /home/wwwroot/admin/application/api/controller/Setting.php ]
[ info ] [ CACHE ] INIT File
[ info ] [ LOG ] INIT File
---------------------------------------------------------------
[ 2019-04-12T17:31:53+08:00 ] 59.42.89.202 POST /api/Setting/getSiteInfo
[ info ] api.dedaokq.com/api/Setting/getSiteInfo [运行时间：0.018427s][吞吐率：54.27req/s] [内存消耗：1,564.98kb] [文件加载：82]
[ info ] [ LANG ] /home/wwwroot/admin/thinkphp/lang/zh-cn.php
[ info ] [ ROUTE ] array (
  'type' => 'module',
  'module' => 
  array (
    0 => 'api',
    1 => 'Setting',
    2 => 'getSiteInfo',
  ),
)
[ info ] [ HEADER ] array (
  'accept-language' => 'zh-CN,zh;q=0.9',
  'accept-encoding' => 'gzip, deflate',
  'referer' => 'http://test.szddkq.com/page/jky',
  'content-type' => 'application/x-www-form-urlencoded; charset=UTF-8',
  'user-agent' => 'Mozilla/5.0 (Windows NT 6.1; WOW64) AppleWebKit/537.36 (KHTML, like Gecko) Chrome/72.0.3626.96 Safari/537.36',
  'origin' => 'http://test.szddkq.com',
  'accept' => '*/*',
  'content-length' => '7',
  'connection' => 'keep-alive',
  'host' => 'api.dedaokq.com',
)
[ info ] [ PARAM ] array (
  'db_id' => '2',
)
[ info ] [ RUN ] app\api\controller\Setting->getSiteInfo[ /home/wwwroot/admin/application/api/controller/Setting.php ]
[ info ] [ CACHE ] INIT File
[ info ] [ LOG ] INIT File
---------------------------------------------------------------
[ 2019-04-12T17:32:17+08:00 ] 59.42.89.202 POST /api/Setting/getSiteInfo
[ info ] api.dedaokq.com/api/Setting/getSiteInfo [运行时间：0.017638s][吞吐率：56.70req/s] [内存消耗：1,564.99kb] [文件加载：82]
[ info ] [ LANG ] /home/wwwroot/admin/thinkphp/lang/zh-cn.php
[ info ] [ ROUTE ] array (
  'type' => 'module',
  'module' => 
  array (
    0 => 'api',
    1 => 'Setting',
    2 => 'getSiteInfo',
  ),
)
[ info ] [ HEADER ] array (
  'accept-language' => 'zh-CN,zh;q=0.9',
  'accept-encoding' => 'gzip, deflate',
  'referer' => 'http://test.szddkq.com/page/team',
  'content-type' => 'application/x-www-form-urlencoded; charset=UTF-8',
  'user-agent' => 'Mozilla/5.0 (Windows NT 6.1; WOW64) AppleWebKit/537.36 (KHTML, like Gecko) Chrome/72.0.3626.96 Safari/537.36',
  'origin' => 'http://test.szddkq.com',
  'accept' => '*/*',
  'content-length' => '7',
  'connection' => 'keep-alive',
  'host' => 'api.dedaokq.com',
)
[ info ] [ PARAM ] array (
  'db_id' => '2',
)
[ info ] [ RUN ] app\api\controller\Setting->getSiteInfo[ /home/wwwroot/admin/application/api/controller/Setting.php ]
[ info ] [ CACHE ] INIT File
[ info ] [ LOG ] INIT File
---------------------------------------------------------------
[ 2019-04-12T17:32:27+08:00 ] 59.42.89.202 POST /api/Setting/getSiteInfo
[ info ] api.dedaokq.com/api/Setting/getSiteInfo [运行时间：0.017898s][吞吐率：55.87req/s] [内存消耗：1,564.98kb] [文件加载：82]
[ info ] [ LANG ] /home/wwwroot/admin/thinkphp/lang/zh-cn.php
[ info ] [ ROUTE ] array (
  'type' => 'module',
  'module' => 
  array (
    0 => 'api',
    1 => 'Setting',
    2 => 'getSiteInfo',
  ),
)
[ info ] [ HEADER ] array (
  'accept-language' => 'zh-CN,zh;q=0.9',
  'accept-encoding' => 'gzip, deflate',
  'referer' => 'http://test.szddkq.com/page/yga',
  'content-type' => 'application/x-www-form-urlencoded; charset=UTF-8',
  'user-agent' => 'Mozilla/5.0 (Windows NT 6.1; WOW64) AppleWebKit/537.36 (KHTML, like Gecko) Chrome/72.0.3626.96 Safari/537.36',
  'origin' => 'http://test.szddkq.com',
  'accept' => '*/*',
  'content-length' => '7',
  'connection' => 'keep-alive',
  'host' => 'api.dedaokq.com',
)
[ info ] [ PARAM ] array (
  'db_id' => '2',
)
[ info ] [ RUN ] app\api\controller\Setting->getSiteInfo[ /home/wwwroot/admin/application/api/controller/Setting.php ]
[ info ] [ CACHE ] INIT File
[ info ] [ LOG ] INIT File
---------------------------------------------------------------
[ 2019-04-12T17:34:57+08:00 ] 59.42.89.202 POST /api/Setting/getSiteInfo
[ info ] api.dedaokq.com/api/Setting/getSiteInfo [运行时间：0.018425s][吞吐率：54.27req/s] [内存消耗：1,564.98kb] [文件加载：82]
[ info ] [ LANG ] /home/wwwroot/admin/thinkphp/lang/zh-cn.php
[ info ] [ ROUTE ] array (
  'type' => 'module',
  'module' => 
  array (
    0 => 'api',
    1 => 'Setting',
    2 => 'getSiteInfo',
  ),
)
[ info ] [ HEADER ] array (
  'accept-language' => 'zh-CN,zh;q=0.9',
  'accept-encoding' => 'gzip, deflate',
  'referer' => 'http://test.szddkq.com/page/yga',
  'content-type' => 'application/x-www-form-urlencoded; charset=UTF-8',
  'user-agent' => 'Mozilla/5.0 (Windows NT 6.1; WOW64) AppleWebKit/537.36 (KHTML, like Gecko) Chrome/72.0.3626.96 Safari/537.36',
  'origin' => 'http://test.szddkq.com',
  'accept' => '*/*',
  'content-length' => '7',
  'connection' => 'keep-alive',
  'host' => 'api.dedaokq.com',
)
[ info ] [ PARAM ] array (
  'db_id' => '2',
)
[ info ] [ RUN ] app\api\controller\Setting->getSiteInfo[ /home/wwwroot/admin/application/api/controller/Setting.php ]
[ info ] [ CACHE ] INIT File
[ info ] [ LOG ] INIT File
---------------------------------------------------------------
[ 2019-04-12T17:36:49+08:00 ] 59.42.89.202 POST /api/Setting/getSiteInfo
[ info ] api.dedaokq.com/api/Setting/getSiteInfo [运行时间：0.017862s][吞吐率：55.99req/s] [内存消耗：1,564.98kb] [文件加载：82]
[ info ] [ LANG ] /home/wwwroot/admin/thinkphp/lang/zh-cn.php
[ info ] [ ROUTE ] array (
  'type' => 'module',
  'module' => 
  array (
    0 => 'api',
    1 => 'Setting',
    2 => 'getSiteInfo',
  ),
)
[ info ] [ HEADER ] array (
  'accept-language' => 'zh-CN,zh;q=0.9',
  'accept-encoding' => 'gzip, deflate',
  'referer' => 'http://test.szddkq.com/page/yga',
  'content-type' => 'application/x-www-form-urlencoded; charset=UTF-8',
  'user-agent' => 'Mozilla/5.0 (Windows NT 6.1; WOW64) AppleWebKit/537.36 (KHTML, like Gecko) Chrome/72.0.3626.96 Safari/537.36',
  'origin' => 'http://test.szddkq.com',
  'accept' => '*/*',
  'content-length' => '7',
  'connection' => 'keep-alive',
  'host' => 'api.dedaokq.com',
)
[ info ] [ PARAM ] array (
  'db_id' => '2',
)
[ info ] [ RUN ] app\api\controller\Setting->getSiteInfo[ /home/wwwroot/admin/application/api/controller/Setting.php ]
[ info ] [ CACHE ] INIT File
[ info ] [ LOG ] INIT File
---------------------------------------------------------------
[ 2019-04-12T17:56:12+08:00 ] 59.42.89.202 POST /api/Setting/getSiteInfo
[ info ] api.dedaokq.com/api/Setting/getSiteInfo [运行时间：0.018469s][吞吐率：54.14req/s] [内存消耗：1,564.98kb] [文件加载：82]
[ info ] [ LANG ] /home/wwwroot/admin/thinkphp/lang/zh-cn.php
[ info ] [ ROUTE ] array (
  'type' => 'module',
  'module' => 
  array (
    0 => 'api',
    1 => 'Setting',
    2 => 'getSiteInfo',
  ),
)
[ info ] [ HEADER ] array (
  'accept-language' => 'zh-CN,zh;q=0.9',
  'accept-encoding' => 'gzip, deflate',
  'referer' => 'http://test.szddkq.com/page/yga',
  'content-type' => 'application/x-www-form-urlencoded; charset=UTF-8',
  'user-agent' => 'Mozilla/5.0 (Windows NT 6.1; WOW64) AppleWebKit/537.36 (KHTML, like Gecko) Chrome/72.0.3626.96 Safari/537.36',
  'origin' => 'http://test.szddkq.com',
  'accept' => '*/*',
  'content-length' => '7',
  'connection' => 'keep-alive',
  'host' => 'api.dedaokq.com',
)
[ info ] [ PARAM ] array (
  'db_id' => '2',
)
[ info ] [ RUN ] app\api\controller\Setting->getSiteInfo[ /home/wwwroot/admin/application/api/controller/Setting.php ]
[ info ] [ CACHE ] INIT File
[ info ] [ LOG ] INIT File
---------------------------------------------------------------
[ 2019-04-12T17:56:14+08:00 ] 59.42.89.202 POST /api/Setting/getSiteInfo
[ info ] api.dedaokq.com/api/Setting/getSiteInfo [运行时间：0.018003s][吞吐率：55.55req/s] [内存消耗：1,564.98kb] [文件加载：82]
[ info ] [ LANG ] /home/wwwroot/admin/thinkphp/lang/zh-cn.php
[ info ] [ ROUTE ] array (
  'type' => 'module',
  'module' => 
  array (
    0 => 'api',
    1 => 'Setting',
    2 => 'getSiteInfo',
  ),
)
[ info ] [ HEADER ] array (
  'accept-language' => 'zh-CN,zh;q=0.9',
  'accept-encoding' => 'gzip, deflate',
  'referer' => 'http://test.szddkq.com/page/yga',
  'content-type' => 'application/x-www-form-urlencoded; charset=UTF-8',
  'user-agent' => 'Mozilla/5.0 (Windows NT 6.1; WOW64) AppleWebKit/537.36 (KHTML, like Gecko) Chrome/72.0.3626.96 Safari/537.36',
  'origin' => 'http://test.szddkq.com',
  'accept' => '*/*',
  'content-length' => '7',
  'connection' => 'keep-alive',
  'host' => 'api.dedaokq.com',
)
[ info ] [ PARAM ] array (
  'db_id' => '2',
)
[ info ] [ RUN ] app\api\controller\Setting->getSiteInfo[ /home/wwwroot/admin/application/api/controller/Setting.php ]
[ info ] [ CACHE ] INIT File
[ info ] [ LOG ] INIT File
---------------------------------------------------------------
[ 2019-04-12T18:01:48+08:00 ] 59.42.89.202 POST /api/Setting/getSiteInfo
[ info ] api.dedaokq.com/api/Setting/getSiteInfo [运行时间：0.018286s][吞吐率：54.69req/s] [内存消耗：1,564.98kb] [文件加载：82]
[ info ] [ LANG ] /home/wwwroot/admin/thinkphp/lang/zh-cn.php
[ info ] [ ROUTE ] array (
  'type' => 'module',
  'module' => 
  array (
    0 => 'api',
    1 => 'Setting',
    2 => 'getSiteInfo',
  ),
)
[ info ] [ HEADER ] array (
  'accept-language' => 'zh-CN,zh;q=0.9',
  'accept-encoding' => 'gzip, deflate',
  'referer' => 'http://test.szddkq.com/page/yga',
  'content-type' => 'application/x-www-form-urlencoded; charset=UTF-8',
  'user-agent' => 'Mozilla/5.0 (Windows NT 6.1; WOW64) AppleWebKit/537.36 (KHTML, like Gecko) Chrome/72.0.3626.96 Safari/537.36',
  'origin' => 'http://test.szddkq.com',
  'accept' => '*/*',
  'content-length' => '7',
  'connection' => 'keep-alive',
  'host' => 'api.dedaokq.com',
)
[ info ] [ PARAM ] array (
  'db_id' => '2',
)
[ info ] [ RUN ] app\api\controller\Setting->getSiteInfo[ /home/wwwroot/admin/application/api/controller/Setting.php ]
[ info ] [ CACHE ] INIT File
[ info ] [ LOG ] INIT File
---------------------------------------------------------------
[ 2019-04-12T18:02:36+08:00 ] 59.42.89.202 POST /api/Setting/getSiteInfo
[ info ] api.dedaokq.com/api/Setting/getSiteInfo [运行时间：0.018389s][吞吐率：54.38req/s] [内存消耗：1,564.98kb] [文件加载：82]
[ info ] [ LANG ] /home/wwwroot/admin/thinkphp/lang/zh-cn.php
[ info ] [ ROUTE ] array (
  'type' => 'module',
  'module' => 
  array (
    0 => 'api',
    1 => 'Setting',
    2 => 'getSiteInfo',
  ),
)
[ info ] [ HEADER ] array (
  'accept-language' => 'zh-CN,zh;q=0.9',
  'accept-encoding' => 'gzip, deflate',
  'referer' => 'http://test.szddkq.com/page/yga',
  'content-type' => 'application/x-www-form-urlencoded; charset=UTF-8',
  'user-agent' => 'Mozilla/5.0 (Windows NT 6.1; WOW64) AppleWebKit/537.36 (KHTML, like Gecko) Chrome/72.0.3626.96 Safari/537.36',
  'origin' => 'http://test.szddkq.com',
  'accept' => '*/*',
  'content-length' => '7',
  'connection' => 'keep-alive',
  'host' => 'api.dedaokq.com',
)
[ info ] [ PARAM ] array (
  'db_id' => '2',
)
[ info ] [ RUN ] app\api\controller\Setting->getSiteInfo[ /home/wwwroot/admin/application/api/controller/Setting.php ]
[ info ] [ CACHE ] INIT File
[ info ] [ LOG ] INIT File
---------------------------------------------------------------
[ 2019-04-12T18:07:47+08:00 ] 59.42.89.202 POST /api/Setting/getSiteInfo
[ info ] api.dedaokq.com/api/Setting/getSiteInfo [运行时间：0.018245s][吞吐率：54.81req/s] [内存消耗：1,564.98kb] [文件加载：82]
[ info ] [ LANG ] /home/wwwroot/admin/thinkphp/lang/zh-cn.php
[ info ] [ ROUTE ] array (
  'type' => 'module',
  'module' => 
  array (
    0 => 'api',
    1 => 'Setting',
    2 => 'getSiteInfo',
  ),
)
[ info ] [ HEADER ] array (
  'accept-language' => 'zh-CN,zh;q=0.9',
  'accept-encoding' => 'gzip, deflate',
  'referer' => 'http://test.szddkq.com/page/yga',
  'content-type' => 'application/x-www-form-urlencoded; charset=UTF-8',
  'user-agent' => 'Mozilla/5.0 (Windows NT 6.1; WOW64) AppleWebKit/537.36 (KHTML, like Gecko) Chrome/72.0.3626.96 Safari/537.36',
  'origin' => 'http://test.szddkq.com',
  'accept' => '*/*',
  'content-length' => '7',
  'connection' => 'keep-alive',
  'host' => 'api.dedaokq.com',
)
[ info ] [ PARAM ] array (
  'db_id' => '2',
)
[ info ] [ RUN ] app\api\controller\Setting->getSiteInfo[ /home/wwwroot/admin/application/api/controller/Setting.php ]
[ info ] [ CACHE ] INIT File
[ info ] [ LOG ] INIT File
---------------------------------------------------------------
[ 2019-04-12T18:13:55+08:00 ] 59.42.89.202 POST /api/Setting/getSiteInfo
[ info ] api.dedaokq.com/api/Setting/getSiteInfo [运行时间：0.019675s][吞吐率：50.83req/s] [内存消耗：1,564.98kb] [文件加载：82]
[ info ] [ LANG ] /home/wwwroot/admin/thinkphp/lang/zh-cn.php
[ info ] [ ROUTE ] array (
  'type' => 'module',
  'module' => 
  array (
    0 => 'api',
    1 => 'Setting',
    2 => 'getSiteInfo',
  ),
)
[ info ] [ HEADER ] array (
  'accept-language' => 'zh-CN,zh;q=0.9',
  'accept-encoding' => 'gzip, deflate',
  'referer' => 'http://test.szddkq.com/page/yga',
  'content-type' => 'application/x-www-form-urlencoded; charset=UTF-8',
  'user-agent' => 'Mozilla/5.0 (Windows NT 6.1; WOW64) AppleWebKit/537.36 (KHTML, like Gecko) Chrome/72.0.3626.96 Safari/537.36',
  'origin' => 'http://test.szddkq.com',
  'accept' => '*/*',
  'content-length' => '7',
  'connection' => 'keep-alive',
  'host' => 'api.dedaokq.com',
)
[ info ] [ PARAM ] array (
  'db_id' => '2',
)
[ info ] [ RUN ] app\api\controller\Setting->getSiteInfo[ /home/wwwroot/admin/application/api/controller/Setting.php ]
[ info ] [ CACHE ] INIT File
[ info ] [ LOG ] INIT File
---------------------------------------------------------------
[ 2019-04-12T18:23:12+08:00 ] 59.42.89.202 GET /
[ info ] admin.dedaokq.com/ [运行时间：0.018878s][吞吐率：52.97req/s] [内存消耗：1,730.07kb] [文件加载：81]
[ info ] [ LANG ] /home/wwwroot/admin/thinkphp/lang/zh-cn.php
[ info ] [ ROUTE ] array (
  'type' => 'module',
  'module' => 
  array (
    0 => '',
    1 => NULL,
    2 => NULL,
  ),
)
[ info ] [ HEADER ] array (
  'accept-language' => 'zh-CN,zh;q=0.9,en;q=0.8,ja;q=0.7',
  'accept-encodinh' => 'gzip, deflate',
  'referer' => 'http://admin.dedaokq.com/',
  'accept' => 'text/html,application/xhtml+xml,application/xml;q=0.9,image/webp,image/apng,*/*;q=0.8',
  'user-agent' => 'Mozilla/5.0 (Windows NT 6.1; Win64; x64) AppleWebKit/537.36 (KHTML, like Gecko) Chrome/69.0.3497.92 Safari/537.36',
  'upgrade-insecure-requests' => '1',
  'cache-control' => 'max-age=0',
  'connectioo' => 'keep-alive',
  'host' => 'admin.dedaokq.com',
  'content-type' => '',
  'content-length' => '',
)
[ info ] [ PARAM ] array (
)
[ info ] [ RUN ] app\index\controller\Index->index[ /home/wwwroot/admin/application/index/controller/Index.php ]
[ info ] [ VIEW ] ../template/admin/index.html [ array (
) ]
[ info ] [ LOG ] INIT File
---------------------------------------------------------------
[ 2019-04-12T18:23:13+08:00 ] 59.42.89.202 POST /admin/index/checkLogin
[ info ] admin.dedaokq.com/admin/index/checkLogin [运行时间：0.026006s][吞吐率：38.45req/s] [内存消耗：2,448.30kb] [文件加载：87]
[ info ] [ LANG ] /home/wwwroot/admin/thinkphp/lang/zh-cn.php
[ info ] [ ROUTE ] array (
  'type' => 'module',
  'module' => 
  array (
    0 => 'admin',
    1 => 'index',
    2 => 'checkLogin',
  ),
)
[ info ] [ HEADER ] array (
  'accept-language' => 'zh-CN,zh;q=0.9,en;q=0.8,ja;q=0.7',
  'accept-encoding' => 'gzip, deflate',
  'referer' => 'http://admin.dedaokq.com/',
  'content-type' => 'application/json;charset=UTF-8',
  'user-agent' => 'Mozilla/5.0 (Windows NT 6.1; Win64; x64) AppleWebKit/537.36 (KHTML, like Gecko) Chrome/69.0.3497.92 Safari/537.36',
  'x-requested-with' => 'XMLHttpRequest',
  'origin' => 'http://admin.dedaokq.com',
  'accept' => 'application/json, text/plain, */*',
  'content-length' => '20',
  'connection' => 'keep-alive',
  'host' => 'admin.dedaokq.com',
)
[ info ] [ PARAM ] array (
  'username' => 'admin',
)
[ info ] [ DB ] INIT mysql
[ info ] [ RUN ] app\admin\controller\Index->checkLogin[ /home/wwwroot/admin/application/admin/controller/Index.php ]
[ info ] [ DB ] INIT mysql
[ info ] [ LOG ] INIT File
[ sql ] [ DB ] CONNECT:[ UseTime:0.000423s ] mysql:host=127.0.0.1;dbname=new_chengdu;charset=utf8mb4
[ sql ] [ SQL ] SHOW COLUMNS FROM `cmf_user_token` [ RunTime:0.000656s ]
[ sql ] [ SQL ] SELECT * FROM `cmf_user_token` WHERE  `token` IS NULL LIMIT 1 [ RunTime:0.000228s ]
---------------------------------------------------------------
[ 2019-04-12T18:23:13+08:00 ] 59.42.89.202 GET /admin/Login/captcha?0.03171277546585127
[ info ] admin.dedaokq.com/admin/Login/captcha?0.03171277546585127 [运行时间：0.026043s][吞吐率：38.40req/s] [内存消耗：2,456.22kb] [文件加载：87]
[ info ] [ LANG ] /home/wwwroot/admin/thinkphp/lang/zh-cn.php
[ info ] [ ROUTE ] array (
  'type' => 'module',
  'module' => 
  array (
    0 => 'admin',
    1 => 'Login',
    2 => 'captcha',
  ),
)
[ info ] [ HEADER ] array (
  'accept-language' => 'zh-CN,zh;q=0.9,en;q=0.8,ja;q=0.7',
  'accept-encoding' => 'gzip, deflate',
  'referer' => 'http://admin.dedaokq.com/',
  'accept' => 'image/webp,image/apng,image/*,*/*;q=0.8',
  'user-agent' => 'Mozilla/5.0 (Windows NT 6.1; Win64; x64) AppleWebKit/537.36 (KHTML, like Gecko) Chrome/69.0.3497.92 Safari/537.36',
  'connection' => 'keep-alive',
  'host' => 'admin.dedaokq.com',
  'content-type' => '',
  'content-length' => '',
)
[ info ] [ PARAM ] array (
  '0_03171277546585127' => '',
)
[ info ] [ DB ] INIT mysql
[ info ] [ RUN ] app\admin\controller\Login->captcha[ /home/wwwroot/admin/application/admin/controller/Login.php ]
[ info ] [ LOG ] INIT File
[ sql ] [ DB ] CONNECT:[ UseTime:0.000394s ] mysql:host=127.0.0.1;dbname=new_chengdu;charset=utf8mb4
[ sql ] [ SQL ] SHOW COLUMNS FROM `cmf_user_token` [ RunTime:0.000593s ]
[ sql ] [ SQL ] SELECT * FROM `cmf_user_token` WHERE  `token` IS NULL LIMIT 1 [ RunTime:0.000220s ]
---------------------------------------------------------------
[ 2019-04-12T18:23:33+08:00 ] 59.42.89.202 GET /
[ info ] admin.dedaokq.com/ [运行时间：0.018813s][吞吐率：53.15req/s] [内存消耗：1,730.07kb] [文件加载：81]
[ info ] [ LANG ] /home/wwwroot/admin/thinkphp/lang/zh-cn.php
[ info ] [ ROUTE ] array (
  'type' => 'module',
  'module' => 
  array (
    0 => '',
    1 => NULL,
    2 => NULL,
  ),
)
[ info ] [ HEADER ] array (
  'accept-language' => 'zh-CN,zh;q=0.9,en;q=0.8,ja;q=0.7',
  'accept-encodinh' => 'gzip, deflate',
  'referer' => 'http://admin.dedaokq.com/',
  'accept' => 'text/html,application/xhtml+xml,application/xml;q=0.9,image/webp,image/apng,*/*;q=0.8',
  'user-agent' => 'Mozilla/5.0 (Windows NT 6.1; Win64; x64) AppleWebKit/537.36 (KHTML, like Gecko) Chrome/69.0.3497.92 Safari/537.36',
  'upgrade-insecure-requests' => '1',
  'cache-control' => 'max-age=0',
  'connectioo' => 'keep-alive',
  'host' => 'admin.dedaokq.com',
  'content-type' => '',
  'content-length' => '',
)
[ info ] [ PARAM ] array (
)
[ info ] [ RUN ] app\index\controller\Index->index[ /home/wwwroot/admin/application/index/controller/Index.php ]
[ info ] [ VIEW ] ../template/admin/index.html [ array (
) ]
[ info ] [ LOG ] INIT File
---------------------------------------------------------------
[ 2019-04-12T18:23:34+08:00 ] 59.42.89.202 POST /admin/index/checkLogin
[ info ] admin.dedaokq.com/admin/index/checkLogin [运行时间：0.025805s][吞吐率：38.75req/s] [内存消耗：2,448.30kb] [文件加载：87]
[ info ] [ LANG ] /home/wwwroot/admin/thinkphp/lang/zh-cn.php
[ info ] [ ROUTE ] array (
  'type' => 'module',
  'module' => 
  array (
    0 => 'admin',
    1 => 'index',
    2 => 'checkLogin',
  ),
)
[ info ] [ HEADER ] array (
  'accept-language' => 'zh-CN,zh;q=0.9,en;q=0.8,ja;q=0.7',
  'accept-encoding' => 'gzip, deflate',
  'referer' => 'http://admin.dedaokq.com/',
  'content-type' => 'application/json;charset=UTF-8',
  'user-agent' => 'Mozilla/5.0 (Windows NT 6.1; Win64; x64) AppleWebKit/537.36 (KHTML, like Gecko) Chrome/69.0.3497.92 Safari/537.36',
  'x-requested-with' => 'XMLHttpRequest',
  'origin' => 'http://admin.dedaokq.com',
  'accept' => 'application/json, text/plain, */*',
  'content-length' => '20',
  'connection' => 'keep-alive',
  'host' => 'admin.dedaokq.com',
)
[ info ] [ PARAM ] array (
  'username' => 'admin',
)
[ info ] [ DB ] INIT mysql
[ info ] [ RUN ] app\admin\controller\Index->checkLogin[ /home/wwwroot/admin/application/admin/controller/Index.php ]
[ info ] [ DB ] INIT mysql
[ info ] [ LOG ] INIT File
[ sql ] [ DB ] CONNECT:[ UseTime:0.000474s ] mysql:host=127.0.0.1;dbname=new_chengdu;charset=utf8mb4
[ sql ] [ SQL ] SHOW COLUMNS FROM `cmf_user_token` [ RunTime:0.000604s ]
[ sql ] [ SQL ] SELECT * FROM `cmf_user_token` WHERE  `token` IS NULL LIMIT 1 [ RunTime:0.000239s ]
---------------------------------------------------------------
[ 2019-04-12T18:23:34+08:00 ] 59.42.89.202 GET /admin/Login/captcha?0.5890554467711602
[ info ] admin.dedaokq.com/admin/Login/captcha?0.5890554467711602 [运行时间：0.027720s][吞吐率：36.08req/s] [内存消耗：2,456.19kb] [文件加载：87]
[ info ] [ LANG ] /home/wwwroot/admin/thinkphp/lang/zh-cn.php
[ info ] [ ROUTE ] array (
  'type' => 'module',
  'module' => 
  array (
    0 => 'admin',
    1 => 'Login',
    2 => 'captcha',
  ),
)
[ info ] [ HEADER ] array (
  'accept-language' => 'zh-CN,zh;q=0.9,en;q=0.8,ja;q=0.7',
  'accept-encoding' => 'gzip, deflate',
  'referer' => 'http://admin.dedaokq.com/',
  'accept' => 'image/webp,image/apng,image/*,*/*;q=0.8',
  'user-agent' => 'Mozilla/5.0 (Windows NT 6.1; Win64; x64) AppleWebKit/537.36 (KHTML, like Gecko) Chrome/69.0.3497.92 Safari/537.36',
  'connection' => 'keep-alive',
  'host' => 'admin.dedaokq.com',
  'content-type' => '',
  'content-length' => '',
)
[ info ] [ PARAM ] array (
  '0_5890554467711602' => '',
)
[ info ] [ DB ] INIT mysql
[ info ] [ RUN ] app\admin\controller\Login->captcha[ /home/wwwroot/admin/application/admin/controller/Login.php ]
[ info ] [ LOG ] INIT File
[ sql ] [ DB ] CONNECT:[ UseTime:0.000442s ] mysql:host=127.0.0.1;dbname=new_chengdu;charset=utf8mb4
[ sql ] [ SQL ] SHOW COLUMNS FROM `cmf_user_token` [ RunTime:0.000738s ]
[ sql ] [ SQL ] SELECT * FROM `cmf_user_token` WHERE  `token` IS NULL LIMIT 1 [ RunTime:0.000276s ]
---------------------------------------------------------------
[ 2019-04-12T18:23:52+08:00 ] 59.42.89.202 POST /api/Setting/getSiteInfo
[ info ] api.dedaokq.com/api/Setting/getSiteInfo [运行时间：0.018977s][吞吐率：52.70req/s] [内存消耗：1,564.98kb] [文件加载：82]
[ info ] [ LANG ] /home/wwwroot/admin/thinkphp/lang/zh-cn.php
[ info ] [ ROUTE ] array (
  'type' => 'module',
  'module' => 
  array (
    0 => 'api',
    1 => 'Setting',
    2 => 'getSiteInfo',
  ),
)
[ info ] [ HEADER ] array (
  'accept-language' => 'zh-CN,zh;q=0.9',
  'accept-encoding' => 'gzip, deflate',
  'referer' => 'http://test.szddkq.com/page/jky',
  'content-type' => 'application/x-www-form-urlencoded; charset=UTF-8',
  'user-agent' => 'Mozilla/5.0 (Windows NT 6.1; WOW64) AppleWebKit/537.36 (KHTML, like Gecko) Chrome/72.0.3626.96 Safari/537.36',
  'origin' => 'http://test.szddkq.com',
  'accept' => '*/*',
  'content-length' => '7',
  'connection' => 'keep-alive',
  'host' => 'api.dedaokq.com',
)
[ info ] [ PARAM ] array (
  'db_id' => '2',
)
[ info ] [ RUN ] app\api\controller\Setting->getSiteInfo[ /home/wwwroot/admin/application/api/controller/Setting.php ]
[ info ] [ CACHE ] INIT File
[ info ] [ LOG ] INIT File
---------------------------------------------------------------
[ 2019-04-12T18:24:00+08:00 ] 59.42.89.202 POST /api/Setting/getSiteInfo
[ info ] api.dedaokq.com/api/Setting/getSiteInfo [运行时间：0.018197s][吞吐率：54.95req/s] [内存消耗：1,564.99kb] [文件加载：82]
[ info ] [ LANG ] /home/wwwroot/admin/thinkphp/lang/zh-cn.php
[ info ] [ ROUTE ] array (
  'type' => 'module',
  'module' => 
  array (
    0 => 'api',
    1 => 'Setting',
    2 => 'getSiteInfo',
  ),
)
[ info ] [ HEADER ] array (
  'accept-language' => 'zh-CN,zh;q=0.9',
  'accept-encoding' => 'gzip, deflate',
  'referer' => 'http://test.szddkq.com/page/team',
  'content-type' => 'application/x-www-form-urlencoded; charset=UTF-8',
  'user-agent' => 'Mozilla/5.0 (Windows NT 6.1; WOW64) AppleWebKit/537.36 (KHTML, like Gecko) Chrome/72.0.3626.96 Safari/537.36',
  'origin' => 'http://test.szddkq.com',
  'accept' => '*/*',
  'content-length' => '7',
  'connection' => 'keep-alive',
  'host' => 'api.dedaokq.com',
)
[ info ] [ PARAM ] array (
  'db_id' => '2',
)
[ info ] [ RUN ] app\api\controller\Setting->getSiteInfo[ /home/wwwroot/admin/application/api/controller/Setting.php ]
[ info ] [ CACHE ] INIT File
[ info ] [ LOG ] INIT File
---------------------------------------------------------------
[ 2019-04-12T18:24:10+08:00 ] 59.42.89.202 POST /api/Setting/getSiteInfo
[ info ] api.dedaokq.com/api/Setting/getSiteInfo [运行时间：0.018090s][吞吐率：55.28req/s] [内存消耗：1,564.98kb] [文件加载：82]
[ info ] [ LANG ] /home/wwwroot/admin/thinkphp/lang/zh-cn.php
[ info ] [ ROUTE ] array (
  'type' => 'module',
  'module' => 
  array (
    0 => 'api',
    1 => 'Setting',
    2 => 'getSiteInfo',
  ),
)
[ info ] [ HEADER ] array (
  'accept-language' => 'zh-CN,zh;q=0.9',
  'accept-encoding' => 'gzip, deflate',
  'referer' => 'http://test.szddkq.com/page/yga',
  'content-type' => 'application/x-www-form-urlencoded; charset=UTF-8',
  'user-agent' => 'Mozilla/5.0 (Windows NT 6.1; WOW64) AppleWebKit/537.36 (KHTML, like Gecko) Chrome/72.0.3626.96 Safari/537.36',
  'origin' => 'http://test.szddkq.com',
  'accept' => '*/*',
  'content-length' => '7',
  'connection' => 'keep-alive',
  'host' => 'api.dedaokq.com',
)
[ info ] [ PARAM ] array (
  'db_id' => '2',
)
[ info ] [ RUN ] app\api\controller\Setting->getSiteInfo[ /home/wwwroot/admin/application/api/controller/Setting.php ]
[ info ] [ CACHE ] INIT File
[ info ] [ LOG ] INIT File
---------------------------------------------------------------
[ 2019-04-12T18:26:08+08:00 ] 59.42.89.202 POST /admin/Login/captcha
[ info ] api.dedaokq.com/admin/Login/captcha [运行时间：0.027714s][吞吐率：36.08req/s] [内存消耗：2,456.44kb] [文件加载：87]
[ info ] [ LANG ] /home/wwwroot/admin/thinkphp/lang/zh-cn.php
[ info ] [ ROUTE ] array (
  'type' => 'module',
  'module' => 
  array (
    0 => 'admin',
    1 => 'Login',
    2 => 'captcha',
  ),
)
[ info ] [ HEADER ] array (
  'accept-language' => 'zh-CN,zh;q=0.9,en;q=0.8,ja;q=0.7',
  'accept-encoding' => 'gzip, deflate',
  'referer' => 'http://test.cmf.com/doc',
  'user-agent' => 'Mozilla/5.0 (Windows NT 6.1; Win64; x64) AppleWebKit/537.36 (KHTML, like Gecko) Chrome/69.0.3497.92 Safari/537.36',
  'origin' => 'http://test.cmf.com',
  'accept' => 'application/json',
  'content-length' => '0',
  'connection' => 'keep-alive',
  'host' => 'api.dedaokq.com',
  'content-type' => '',
)
[ info ] [ PARAM ] array (
)
[ info ] [ DB ] INIT mysql
[ info ] [ RUN ] app\admin\controller\Login->captcha[ /home/wwwroot/admin/application/admin/controller/Login.php ]
[ info ] [ LOG ] INIT File
[ sql ] [ DB ] CONNECT:[ UseTime:0.000429s ] mysql:host=127.0.0.1;dbname=new_chengdu;charset=utf8mb4
[ sql ] [ SQL ] SHOW COLUMNS FROM `cmf_user_token` [ RunTime:0.000623s ]
[ sql ] [ SQL ] SELECT * FROM `cmf_user_token` WHERE  `token` IS NULL LIMIT 1 [ RunTime:0.000246s ]
---------------------------------------------------------------
[ 2019-04-12T18:28:55+08:00 ] 59.42.89.202 POST /api/Setting/getSiteInfo
[ info ] api.dedaokq.com/api/Setting/getSiteInfo [运行时间：0.018273s][吞吐率：54.73req/s] [内存消耗：1,564.98kb] [文件加载：82]
[ info ] [ LANG ] /home/wwwroot/admin/thinkphp/lang/zh-cn.php
[ info ] [ ROUTE ] array (
  'type' => 'module',
  'module' => 
  array (
    0 => 'api',
    1 => 'Setting',
    2 => 'getSiteInfo',
  ),
)
[ info ] [ HEADER ] array (
  'accept-language' => 'zh-CN,zh;q=0.9',
  'accept-encoding' => 'gzip, deflate',
  'referer' => 'http://test.szddkq.com/page/yga',
  'content-type' => 'application/x-www-form-urlencoded; charset=UTF-8',
  'user-agent' => 'Mozilla/5.0 (Windows NT 6.1; WOW64) AppleWebKit/537.36 (KHTML, like Gecko) Chrome/72.0.3626.96 Safari/537.36',
  'origin' => 'http://test.szddkq.com',
  'accept' => '*/*',
  'content-length' => '7',
  'connection' => 'keep-alive',
  'host' => 'api.dedaokq.com',
)
[ info ] [ PARAM ] array (
  'db_id' => '2',
)
[ info ] [ RUN ] app\api\controller\Setting->getSiteInfo[ /home/wwwroot/admin/application/api/controller/Setting.php ]
[ info ] [ CACHE ] INIT File
[ info ] [ LOG ] INIT File
---------------------------------------------------------------
[ 2019-04-12T18:32:41+08:00 ] 59.42.89.202 POST /api/Setting/getSiteInfo
[ info ] api.dedaokq.com/api/Setting/getSiteInfo [运行时间：0.017766s][吞吐率：56.29req/s] [内存消耗：1,564.98kb] [文件加载：82]
[ info ] [ LANG ] /home/wwwroot/admin/thinkphp/lang/zh-cn.php
[ info ] [ ROUTE ] array (
  'type' => 'module',
  'module' => 
  array (
    0 => 'api',
    1 => 'Setting',
    2 => 'getSiteInfo',
  ),
)
[ info ] [ HEADER ] array (
  'accept-language' => 'zh-CN,zh;q=0.9',
  'accept-encoding' => 'gzip, deflate',
  'referer' => 'http://test.szddkq.com/page/yga',
  'content-type' => 'application/x-www-form-urlencoded; charset=UTF-8',
  'user-agent' => 'Mozilla/5.0 (Windows NT 6.1; WOW64) AppleWebKit/537.36 (KHTML, like Gecko) Chrome/72.0.3626.96 Safari/537.36',
  'origin' => 'http://test.szddkq.com',
  'accept' => '*/*',
  'content-length' => '7',
  'connection' => 'keep-alive',
  'host' => 'api.dedaokq.com',
)
[ info ] [ PARAM ] array (
  'db_id' => '2',
)
[ info ] [ RUN ] app\api\controller\Setting->getSiteInfo[ /home/wwwroot/admin/application/api/controller/Setting.php ]
[ info ] [ CACHE ] INIT File
[ info ] [ LOG ] INIT File
---------------------------------------------------------------
[ 2019-04-12T18:32:44+08:00 ] 59.42.89.202 POST /api/Setting/getSiteInfo
[ info ] api.dedaokq.com/api/Setting/getSiteInfo [运行时间：0.018679s][吞吐率：53.54req/s] [内存消耗：1,564.98kb] [文件加载：82]
[ info ] [ LANG ] /home/wwwroot/admin/thinkphp/lang/zh-cn.php
[ info ] [ ROUTE ] array (
  'type' => 'module',
  'module' => 
  array (
    0 => 'api',
    1 => 'Setting',
    2 => 'getSiteInfo',
  ),
)
[ info ] [ HEADER ] array (
  'accept-language' => 'zh-CN,zh;q=0.9',
  'accept-encoding' => 'gzip, deflate',
  'referer' => 'http://test.szddkq.com/page/yga',
  'content-type' => 'application/x-www-form-urlencoded; charset=UTF-8',
  'user-agent' => 'Mozilla/5.0 (Windows NT 6.1; WOW64) AppleWebKit/537.36 (KHTML, like Gecko) Chrome/72.0.3626.96 Safari/537.36',
  'origin' => 'http://test.szddkq.com',
  'accept' => '*/*',
  'content-length' => '7',
  'connection' => 'keep-alive',
  'host' => 'api.dedaokq.com',
)
[ info ] [ PARAM ] array (
  'db_id' => '2',
)
[ info ] [ RUN ] app\api\controller\Setting->getSiteInfo[ /home/wwwroot/admin/application/api/controller/Setting.php ]
[ info ] [ CACHE ] INIT File
[ info ] [ LOG ] INIT File
---------------------------------------------------------------
[ 2019-04-12T18:33:26+08:00 ] 59.42.89.202 POST /api/Setting/getSiteInfo
[ info ] api.dedaokq.com/api/Setting/getSiteInfo [运行时间：0.018141s][吞吐率：55.12req/s] [内存消耗：1,564.98kb] [文件加载：82]
[ info ] [ LANG ] /home/wwwroot/admin/thinkphp/lang/zh-cn.php
[ info ] [ ROUTE ] array (
  'type' => 'module',
  'module' => 
  array (
    0 => 'api',
    1 => 'Setting',
    2 => 'getSiteInfo',
  ),
)
[ info ] [ HEADER ] array (
  'accept-language' => 'zh-CN,zh;q=0.9',
  'accept-encoding' => 'gzip, deflate',
  'referer' => 'http://test.szddkq.com/page/yga',
  'content-type' => 'application/x-www-form-urlencoded; charset=UTF-8',
  'user-agent' => 'Mozilla/5.0 (Windows NT 6.1; WOW64) AppleWebKit/537.36 (KHTML, like Gecko) Chrome/72.0.3626.96 Safari/537.36',
  'origin' => 'http://test.szddkq.com',
  'accept' => '*/*',
  'content-length' => '7',
  'connection' => 'keep-alive',
  'host' => 'api.dedaokq.com',
)
[ info ] [ PARAM ] array (
  'db_id' => '2',
)
[ info ] [ RUN ] app\api\controller\Setting->getSiteInfo[ /home/wwwroot/admin/application/api/controller/Setting.php ]
[ info ] [ CACHE ] INIT File
[ info ] [ LOG ] INIT File
---------------------------------------------------------------
[ 2019-04-12T18:33:28+08:00 ] 59.42.89.202 POST /api/Setting/getSiteInfo
[ info ] api.dedaokq.com/api/Setting/getSiteInfo [运行时间：0.017728s][吞吐率：56.41req/s] [内存消耗：1,564.98kb] [文件加载：82]
[ info ] [ LANG ] /home/wwwroot/admin/thinkphp/lang/zh-cn.php
[ info ] [ ROUTE ] array (
  'type' => 'module',
  'module' => 
  array (
    0 => 'api',
    1 => 'Setting',
    2 => 'getSiteInfo',
  ),
)
[ info ] [ HEADER ] array (
  'accept-language' => 'zh-CN,zh;q=0.9',
  'accept-encoding' => 'gzip, deflate',
  'referer' => 'http://test.szddkq.com/page/yga',
  'content-type' => 'application/x-www-form-urlencoded; charset=UTF-8',
  'user-agent' => 'Mozilla/5.0 (Windows NT 6.1; WOW64) AppleWebKit/537.36 (KHTML, like Gecko) Chrome/72.0.3626.96 Safari/537.36',
  'origin' => 'http://test.szddkq.com',
  'accept' => '*/*',
  'content-length' => '7',
  'connection' => 'keep-alive',
  'host' => 'api.dedaokq.com',
)
[ info ] [ PARAM ] array (
  'db_id' => '2',
)
[ info ] [ RUN ] app\api\controller\Setting->getSiteInfo[ /home/wwwroot/admin/application/api/controller/Setting.php ]
[ info ] [ CACHE ] INIT File
[ info ] [ LOG ] INIT File
---------------------------------------------------------------
[ 2019-04-12T18:34:40+08:00 ] 59.42.89.202 POST /api/Setting/getSiteInfo
[ info ] api.dedaokq.com/api/Setting/getSiteInfo [运行时间：0.018168s][吞吐率：55.04req/s] [内存消耗：1,565.88kb] [文件加载：82]
[ info ] [ LANG ] /home/wwwroot/admin/thinkphp/lang/zh-cn.php
[ info ] [ ROUTE ] array (
  'type' => 'module',
  'module' => 
  array (
    0 => 'api',
    1 => 'Setting',
    2 => 'getSiteInfo',
  ),
)
[ info ] [ HEADER ] array (
  'accept-language' => 'zh-CN,zh;q=0.9',
  'accept-encoding' => 'gzip, deflate',
  'referer' => 'http://test.szddkq.com/page/yga',
  'content-type' => 'application/x-www-form-urlencoded; charset=UTF-8',
  'user-agent' => 'Mozilla/5.0 (Windows NT 6.1; WOW64) AppleWebKit/537.36 (KHTML, like Gecko) Chrome/72.0.3626.96 Safari/537.36',
  'origin' => 'http://test.szddkq.com',
  'accept' => '*/*',
  'cache-control' => 'no-cache',
  'pragma' => 'no-cache',
  'content-length' => '7',
  'connection' => 'keep-alive',
  'host' => 'api.dedaokq.com',
)
[ info ] [ PARAM ] array (
  'db_id' => '2',
)
[ info ] [ RUN ] app\api\controller\Setting->getSiteInfo[ /home/wwwroot/admin/application/api/controller/Setting.php ]
[ info ] [ CACHE ] INIT File
[ info ] [ LOG ] INIT File
---------------------------------------------------------------
[ 2019-04-12T18:40:23+08:00 ] 59.42.89.202 POST /api/Setting/getSiteInfo
[ info ] api.dedaokq.com/api/Setting/getSiteInfo [运行时间：0.017600s][吞吐率：56.82req/s] [内存消耗：1,564.98kb] [文件加载：82]
[ info ] [ LANG ] /home/wwwroot/admin/thinkphp/lang/zh-cn.php
[ info ] [ ROUTE ] array (
  'type' => 'module',
  'module' => 
  array (
    0 => 'api',
    1 => 'Setting',
    2 => 'getSiteInfo',
  ),
)
[ info ] [ HEADER ] array (
  'accept-language' => 'zh-CN,zh;q=0.9',
  'accept-encoding' => 'gzip, deflate',
  'referer' => 'http://test.szddkq.com/page/yga',
  'content-type' => 'application/x-www-form-urlencoded; charset=UTF-8',
  'user-agent' => 'Mozilla/5.0 (Windows NT 6.1; WOW64) AppleWebKit/537.36 (KHTML, like Gecko) Chrome/72.0.3626.96 Safari/537.36',
  'origin' => 'http://test.szddkq.com',
  'accept' => '*/*',
  'content-length' => '7',
  'connection' => 'keep-alive',
  'host' => 'api.dedaokq.com',
)
[ info ] [ PARAM ] array (
  'db_id' => '2',
)
[ info ] [ RUN ] app\api\controller\Setting->getSiteInfo[ /home/wwwroot/admin/application/api/controller/Setting.php ]
[ info ] [ CACHE ] INIT File
[ info ] [ LOG ] INIT File
---------------------------------------------------------------
[ 2019-04-12T18:47:09+08:00 ] 59.42.89.202 POST /api/Setting/getSiteInfo
[ info ] api.dedaokq.com/api/Setting/getSiteInfo [运行时间：0.017925s][吞吐率：55.79req/s] [内存消耗：1,564.98kb] [文件加载：82]
[ info ] [ LANG ] /home/wwwroot/admin/thinkphp/lang/zh-cn.php
[ info ] [ ROUTE ] array (
  'type' => 'module',
  'module' => 
  array (
    0 => 'api',
    1 => 'Setting',
    2 => 'getSiteInfo',
  ),
)
[ info ] [ HEADER ] array (
  'accept-language' => 'zh-CN,zh;q=0.9',
  'accept-encoding' => 'gzip, deflate',
  'referer' => 'http://test.szddkq.com/page/jky',
  'content-type' => 'application/x-www-form-urlencoded; charset=UTF-8',
  'user-agent' => 'Mozilla/5.0 (Windows NT 6.1; WOW64) AppleWebKit/537.36 (KHTML, like Gecko) Chrome/72.0.3626.96 Safari/537.36',
  'origin' => 'http://test.szddkq.com',
  'accept' => '*/*',
  'content-length' => '7',
  'connection' => 'keep-alive',
  'host' => 'api.dedaokq.com',
)
[ info ] [ PARAM ] array (
  'db_id' => '2',
)
[ info ] [ RUN ] app\api\controller\Setting->getSiteInfo[ /home/wwwroot/admin/application/api/controller/Setting.php ]
[ info ] [ CACHE ] INIT File
[ info ] [ LOG ] INIT File
---------------------------------------------------------------
[ 2019-04-12T18:47:21+08:00 ] 59.42.89.202 POST /api/Setting/getSiteInfo
[ info ] api.dedaokq.com/api/Setting/getSiteInfo [运行时间：0.018198s][吞吐率：54.95req/s] [内存消耗：1,564.99kb] [文件加载：82]
[ info ] [ LANG ] /home/wwwroot/admin/thinkphp/lang/zh-cn.php
[ info ] [ ROUTE ] array (
  'type' => 'module',
  'module' => 
  array (
    0 => 'api',
    1 => 'Setting',
    2 => 'getSiteInfo',
  ),
)
[ info ] [ HEADER ] array (
  'accept-language' => 'zh-CN,zh;q=0.9',
  'accept-encoding' => 'gzip, deflate',
  'referer' => 'http://test.szddkq.com/page/team',
  'content-type' => 'application/x-www-form-urlencoded; charset=UTF-8',
  'user-agent' => 'Mozilla/5.0 (Windows NT 6.1; WOW64) AppleWebKit/537.36 (KHTML, like Gecko) Chrome/72.0.3626.96 Safari/537.36',
  'origin' => 'http://test.szddkq.com',
  'accept' => '*/*',
  'content-length' => '7',
  'connection' => 'keep-alive',
  'host' => 'api.dedaokq.com',
)
[ info ] [ PARAM ] array (
  'db_id' => '2',
)
[ info ] [ RUN ] app\api\controller\Setting->getSiteInfo[ /home/wwwroot/admin/application/api/controller/Setting.php ]
[ info ] [ CACHE ] INIT File
[ info ] [ LOG ] INIT File
---------------------------------------------------------------
[ 2019-04-12T18:47:29+08:00 ] 59.42.89.202 POST /api/Setting/getSiteInfo
[ info ] api.dedaokq.com/api/Setting/getSiteInfo [运行时间：0.018366s][吞吐率：54.45req/s] [内存消耗：1,564.98kb] [文件加载：82]
[ info ] [ LANG ] /home/wwwroot/admin/thinkphp/lang/zh-cn.php
[ info ] [ ROUTE ] array (
  'type' => 'module',
  'module' => 
  array (
    0 => 'api',
    1 => 'Setting',
    2 => 'getSiteInfo',
  ),
)
[ info ] [ HEADER ] array (
  'accept-language' => 'zh-CN,zh;q=0.9',
  'accept-encoding' => 'gzip, deflate',
  'referer' => 'http://test.szddkq.com/page/yga',
  'content-type' => 'application/x-www-form-urlencoded; charset=UTF-8',
  'user-agent' => 'Mozilla/5.0 (Windows NT 6.1; WOW64) AppleWebKit/537.36 (KHTML, like Gecko) Chrome/72.0.3626.96 Safari/537.36',
  'origin' => 'http://test.szddkq.com',
  'accept' => '*/*',
  'content-length' => '7',
  'connection' => 'keep-alive',
  'host' => 'api.dedaokq.com',
)
[ info ] [ PARAM ] array (
  'db_id' => '2',
)
[ info ] [ RUN ] app\api\controller\Setting->getSiteInfo[ /home/wwwroot/admin/application/api/controller/Setting.php ]
[ info ] [ CACHE ] INIT File
[ info ] [ LOG ] INIT File
---------------------------------------------------------------
[ 2019-04-12T18:49:46+08:00 ] 59.42.89.202 POST /api/Setting/getSiteInfo
[ info ] api.dedaokq.com/api/Setting/getSiteInfo [运行时间：0.019574s][吞吐率：51.09req/s] [内存消耗：1,564.98kb] [文件加载：82]
[ info ] [ LANG ] /home/wwwroot/admin/thinkphp/lang/zh-cn.php
[ info ] [ ROUTE ] array (
  'type' => 'module',
  'module' => 
  array (
    0 => 'api',
    1 => 'Setting',
    2 => 'getSiteInfo',
  ),
)
[ info ] [ HEADER ] array (
  'accept-language' => 'zh-CN,zh;q=0.9',
  'accept-encoding' => 'gzip, deflate',
  'referer' => 'http://test.szddkq.com/page/yga',
  'content-type' => 'application/x-www-form-urlencoded; charset=UTF-8',
  'user-agent' => 'Mozilla/5.0 (Windows NT 6.1; WOW64) AppleWebKit/537.36 (KHTML, like Gecko) Chrome/72.0.3626.96 Safari/537.36',
  'origin' => 'http://test.szddkq.com',
  'accept' => '*/*',
  'content-length' => '7',
  'connection' => 'keep-alive',
  'host' => 'api.dedaokq.com',
)
[ info ] [ PARAM ] array (
  'db_id' => '2',
)
[ info ] [ RUN ] app\api\controller\Setting->getSiteInfo[ /home/wwwroot/admin/application/api/controller/Setting.php ]
[ info ] [ CACHE ] INIT File
[ info ] [ LOG ] INIT File
---------------------------------------------------------------
[ 2019-04-12T18:50:30+08:00 ] 59.42.89.202 POST /api/Setting/getSiteInfo
[ info ] api.dedaokq.com/api/Setting/getSiteInfo [运行时间：0.018349s][吞吐率：54.50req/s] [内存消耗：1,564.98kb] [文件加载：82]
[ info ] [ LANG ] /home/wwwroot/admin/thinkphp/lang/zh-cn.php
[ info ] [ ROUTE ] array (
  'type' => 'module',
  'module' => 
  array (
    0 => 'api',
    1 => 'Setting',
    2 => 'getSiteInfo',
  ),
)
[ info ] [ HEADER ] array (
  'accept-language' => 'zh-CN,zh;q=0.9',
  'accept-encoding' => 'gzip, deflate',
  'referer' => 'http://test.szddkq.com/page/yga',
  'content-type' => 'application/x-www-form-urlencoded; charset=UTF-8',
  'user-agent' => 'Mozilla/5.0 (Windows NT 6.1; WOW64) AppleWebKit/537.36 (KHTML, like Gecko) Chrome/72.0.3626.96 Safari/537.36',
  'origin' => 'http://test.szddkq.com',
  'accept' => '*/*',
  'content-length' => '7',
  'connection' => 'keep-alive',
  'host' => 'api.dedaokq.com',
)
[ info ] [ PARAM ] array (
  'db_id' => '2',
)
[ info ] [ RUN ] app\api\controller\Setting->getSiteInfo[ /home/wwwroot/admin/application/api/controller/Setting.php ]
[ info ] [ CACHE ] INIT File
[ info ] [ LOG ] INIT File
---------------------------------------------------------------
[ 2019-04-12T18:53:00+08:00 ] 59.42.89.202 POST /api/Setting/getSiteInfo
[ info ] api.dedaokq.com/api/Setting/getSiteInfo [运行时间：0.018701s][吞吐率：53.47req/s] [内存消耗：1,564.98kb] [文件加载：82]
[ info ] [ LANG ] /home/wwwroot/admin/thinkphp/lang/zh-cn.php
[ info ] [ ROUTE ] array (
  'type' => 'module',
  'module' => 
  array (
    0 => 'api',
    1 => 'Setting',
    2 => 'getSiteInfo',
  ),
)
[ info ] [ HEADER ] array (
  'accept-language' => 'zh-CN,zh;q=0.9',
  'accept-encoding' => 'gzip, deflate',
  'referer' => 'http://test.szddkq.com/page/yga',
  'content-type' => 'application/x-www-form-urlencoded; charset=UTF-8',
  'user-agent' => 'Mozilla/5.0 (Windows NT 6.1; WOW64) AppleWebKit/537.36 (KHTML, like Gecko) Chrome/72.0.3626.96 Safari/537.36',
  'origin' => 'http://test.szddkq.com',
  'accept' => '*/*',
  'content-length' => '7',
  'connection' => 'keep-alive',
  'host' => 'api.dedaokq.com',
)
[ info ] [ PARAM ] array (
  'db_id' => '2',
)
[ info ] [ RUN ] app\api\controller\Setting->getSiteInfo[ /home/wwwroot/admin/application/api/controller/Setting.php ]
[ info ] [ CACHE ] INIT File
[ info ] [ LOG ] INIT File
---------------------------------------------------------------
[ 2019-04-12T18:57:47+08:00 ] 59.42.89.202 POST /api/Setting/getSiteInfo
[ info ] api.dedaokq.com/api/Setting/getSiteInfo [运行时间：0.017612s][吞吐率：56.78req/s] [内存消耗：1,564.98kb] [文件加载：82]
[ info ] [ LANG ] /home/wwwroot/admin/thinkphp/lang/zh-cn.php
[ info ] [ ROUTE ] array (
  'type' => 'module',
  'module' => 
  array (
    0 => 'api',
    1 => 'Setting',
    2 => 'getSiteInfo',
  ),
)
[ info ] [ HEADER ] array (
  'accept-language' => 'zh-CN,zh;q=0.9',
  'accept-encoding' => 'gzip, deflate',
  'referer' => 'http://test.szddkq.com/page/jky',
  'content-type' => 'application/x-www-form-urlencoded; charset=UTF-8',
  'user-agent' => 'Mozilla/5.0 (Windows NT 6.1; WOW64) AppleWebKit/537.36 (KHTML, like Gecko) Chrome/72.0.3626.96 Safari/537.36',
  'origin' => 'http://test.szddkq.com',
  'accept' => '*/*',
  'content-length' => '7',
  'connection' => 'keep-alive',
  'host' => 'api.dedaokq.com',
)
[ info ] [ PARAM ] array (
  'db_id' => '2',
)
[ info ] [ RUN ] app\api\controller\Setting->getSiteInfo[ /home/wwwroot/admin/application/api/controller/Setting.php ]
[ info ] [ CACHE ] INIT File
[ info ] [ LOG ] INIT File
---------------------------------------------------------------
[ 2019-04-12T18:57:54+08:00 ] 59.42.89.202 POST /api/Setting/getSiteInfo
[ info ] api.dedaokq.com/api/Setting/getSiteInfo [运行时间：0.018003s][吞吐率：55.55req/s] [内存消耗：1,564.99kb] [文件加载：82]
[ info ] [ LANG ] /home/wwwroot/admin/thinkphp/lang/zh-cn.php
[ info ] [ ROUTE ] array (
  'type' => 'module',
  'module' => 
  array (
    0 => 'api',
    1 => 'Setting',
    2 => 'getSiteInfo',
  ),
)
[ info ] [ HEADER ] array (
  'accept-language' => 'zh-CN,zh;q=0.9',
  'accept-encoding' => 'gzip, deflate',
  'referer' => 'http://test.szddkq.com/page/team',
  'content-type' => 'application/x-www-form-urlencoded; charset=UTF-8',
  'user-agent' => 'Mozilla/5.0 (Windows NT 6.1; WOW64) AppleWebKit/537.36 (KHTML, like Gecko) Chrome/72.0.3626.96 Safari/537.36',
  'origin' => 'http://test.szddkq.com',
  'accept' => '*/*',
  'content-length' => '7',
  'connection' => 'keep-alive',
  'host' => 'api.dedaokq.com',
)
[ info ] [ PARAM ] array (
  'db_id' => '2',
)
[ info ] [ RUN ] app\api\controller\Setting->getSiteInfo[ /home/wwwroot/admin/application/api/controller/Setting.php ]
[ info ] [ CACHE ] INIT File
[ info ] [ LOG ] INIT File
---------------------------------------------------------------
[ 2019-04-12T19:04:29+08:00 ] 59.42.89.202 POST /api/Setting/getSiteInfo
[ info ] api.dedaokq.com/api/Setting/getSiteInfo [运行时间：0.017811s][吞吐率：56.15req/s] [内存消耗：1,564.98kb] [文件加载：82]
[ info ] [ LANG ] /home/wwwroot/admin/thinkphp/lang/zh-cn.php
[ info ] [ ROUTE ] array (
  'type' => 'module',
  'module' => 
  array (
    0 => 'api',
    1 => 'Setting',
    2 => 'getSiteInfo',
  ),
)
[ info ] [ HEADER ] array (
  'accept-language' => 'zh-CN,zh;q=0.9',
  'accept-encoding' => 'gzip, deflate',
  'referer' => 'http://test.szddkq.com/page/yga',
  'content-type' => 'application/x-www-form-urlencoded; charset=UTF-8',
  'user-agent' => 'Mozilla/5.0 (Windows NT 6.1; WOW64) AppleWebKit/537.36 (KHTML, like Gecko) Chrome/72.0.3626.96 Safari/537.36',
  'origin' => 'http://test.szddkq.com',
  'accept' => '*/*',
  'content-length' => '7',
  'connection' => 'keep-alive',
  'host' => 'api.dedaokq.com',
)
[ info ] [ PARAM ] array (
  'db_id' => '2',
)
[ info ] [ RUN ] app\api\controller\Setting->getSiteInfo[ /home/wwwroot/admin/application/api/controller/Setting.php ]
[ info ] [ CACHE ] INIT File
[ info ] [ LOG ] INIT File
---------------------------------------------------------------
[ 2019-04-12T19:04:30+08:00 ] 59.42.89.202 POST /api/Setting/getSiteInfo
[ info ] api.dedaokq.com/api/Setting/getSiteInfo [运行时间：0.017414s][吞吐率：57.43req/s] [内存消耗：1,564.98kb] [文件加载：82]
[ info ] [ LANG ] /home/wwwroot/admin/thinkphp/lang/zh-cn.php
[ info ] [ ROUTE ] array (
  'type' => 'module',
  'module' => 
  array (
    0 => 'api',
    1 => 'Setting',
    2 => 'getSiteInfo',
  ),
)
[ info ] [ HEADER ] array (
  'accept-language' => 'zh-CN,zh;q=0.9',
  'accept-encoding' => 'gzip, deflate',
  'referer' => 'http://test.szddkq.com/page/yga',
  'content-type' => 'application/x-www-form-urlencoded; charset=UTF-8',
  'user-agent' => 'Mozilla/5.0 (Windows NT 6.1; WOW64) AppleWebKit/537.36 (KHTML, like Gecko) Chrome/72.0.3626.96 Safari/537.36',
  'origin' => 'http://test.szddkq.com',
  'accept' => '*/*',
  'content-length' => '7',
  'connection' => 'keep-alive',
  'host' => 'api.dedaokq.com',
)
[ info ] [ PARAM ] array (
  'db_id' => '2',
)
[ info ] [ RUN ] app\api\controller\Setting->getSiteInfo[ /home/wwwroot/admin/application/api/controller/Setting.php ]
[ info ] [ CACHE ] INIT File
[ info ] [ LOG ] INIT File
---------------------------------------------------------------
[ 2019-04-12T19:05:28+08:00 ] 59.42.89.202 POST /api/Setting/getSiteInfo
[ info ] api.dedaokq.com/api/Setting/getSiteInfo [运行时间：0.018278s][吞吐率：54.71req/s] [内存消耗：1,564.98kb] [文件加载：82]
[ info ] [ LANG ] /home/wwwroot/admin/thinkphp/lang/zh-cn.php
[ info ] [ ROUTE ] array (
  'type' => 'module',
  'module' => 
  array (
    0 => 'api',
    1 => 'Setting',
    2 => 'getSiteInfo',
  ),
)
[ info ] [ HEADER ] array (
  'accept-language' => 'zh-CN,zh;q=0.9',
  'accept-encoding' => 'gzip, deflate',
  'referer' => 'http://test.szddkq.com/page/yga',
  'content-type' => 'application/x-www-form-urlencoded; charset=UTF-8',
  'user-agent' => 'Mozilla/5.0 (Windows NT 6.1; WOW64) AppleWebKit/537.36 (KHTML, like Gecko) Chrome/72.0.3626.96 Safari/537.36',
  'origin' => 'http://test.szddkq.com',
  'accept' => '*/*',
  'content-length' => '7',
  'connection' => 'keep-alive',
  'host' => 'api.dedaokq.com',
)
[ info ] [ PARAM ] array (
  'db_id' => '2',
)
[ info ] [ RUN ] app\api\controller\Setting->getSiteInfo[ /home/wwwroot/admin/application/api/controller/Setting.php ]
[ info ] [ CACHE ] INIT File
[ info ] [ LOG ] INIT File
