[ 2019-08-27T11:56:07+08:00 ] 59.42.90.126 /Tables/AdminTables/determine/id/6864.html
INFO: [ app_begin ] --START--
INFO: Run Behavior\ReadHtmlCacheBehavior [ RunTime:0.000372s ]
INFO: Run Behavior\CheckLangBehavior [ RunTime:0.000529s ]
INFO: [ app_begin ] --END-- [ RunTime:0.001165s ]
SQL: SHOW COLUMNS FROM `cmf_users` [ RunTime:0.0006s ]
SQL: SELECT * FROM `cmf_users` WHERE ( id=20 ) LIMIT 1   [ RunTime:0.0002s ]
SQL: SHOW COLUMNS FROM `cmf_role_user` [ RunTime:0.0003s ]
SQL: SELECT `role_id` FROM cmf_role_user a INNER JOIN cmf_role as b on a.role_id =b.id  WHERE `user_id` = '20' AND `status` = 1  [ RunTime:0.0003s ]
SQL: SHOW COLUMNS FROM `cmf_tables` [ RunTime:0.0003s ]
SQL: SHOW COLUMNS FROM `cmf_tables_options` [ RunTime:0.0003s ]
SQL: SHOW COLUMNS FROM `cmf_tables_data` [ RunTime:0.0003s ]
SQL: UPDATE `cmf_tables_data` SET `status`='1' WHERE ( id=6864 ) [ RunTime:0.0030s ]

[ 2019-08-27T11:56:10+08:00 ] 59.42.90.126 /Tables/AdminTables/determine/id/6865.html
INFO: [ app_begin ] --START--
INFO: Run Behavior\ReadHtmlCacheBehavior [ RunTime:0.000428s ]
INFO: Run Behavior\CheckLangBehavior [ RunTime:0.000547s ]
INFO: [ app_begin ] --END-- [ RunTime:0.001255s ]
SQL: SHOW COLUMNS FROM `cmf_users` [ RunTime:0.0006s ]
SQL: SELECT * FROM `cmf_users` WHERE ( id=20 ) LIMIT 1   [ RunTime:0.0003s ]
SQL: SHOW COLUMNS FROM `cmf_role_user` [ RunTime:0.0003s ]
SQL: SELECT `role_id` FROM cmf_role_user a INNER JOIN cmf_role as b on a.role_id =b.id  WHERE `user_id` = '20' AND `status` = 1  [ RunTime:0.0003s ]
SQL: SHOW COLUMNS FROM `cmf_tables` [ RunTime:0.0003s ]
SQL: SHOW COLUMNS FROM `cmf_tables_options` [ RunTime:0.0003s ]
SQL: SHOW COLUMNS FROM `cmf_tables_data` [ RunTime:0.0003s ]
SQL: UPDATE `cmf_tables_data` SET `status`='1' WHERE ( id=6865 ) [ RunTime:0.0032s ]

[ 2019-08-27T13:46:06+08:00 ] 59.42.90.126 /Tables/AdminTables/determine/id/6866.html
INFO: [ app_begin ] --START--
INFO: Run Behavior\ReadHtmlCacheBehavior [ RunTime:0.000363s ]
INFO: Run Behavior\CheckLangBehavior [ RunTime:0.000594s ]
INFO: [ app_begin ] --END-- [ RunTime:0.001253s ]
SQL: SHOW COLUMNS FROM `cmf_users` [ RunTime:0.0006s ]
SQL: SELECT * FROM `cmf_users` WHERE ( id=20 ) LIMIT 1   [ RunTime:0.0002s ]
SQL: SHOW COLUMNS FROM `cmf_role_user` [ RunTime:0.0003s ]
SQL: SELECT `role_id` FROM cmf_role_user a INNER JOIN cmf_role as b on a.role_id =b.id  WHERE `user_id` = '20' AND `status` = 1  [ RunTime:0.0003s ]
SQL: SHOW COLUMNS FROM `cmf_tables` [ RunTime:0.0004s ]
SQL: SHOW COLUMNS FROM `cmf_tables_options` [ RunTime:0.0003s ]
SQL: SHOW COLUMNS FROM `cmf_tables_data` [ RunTime:0.0003s ]
SQL: UPDATE `cmf_tables_data` SET `status`='1' WHERE ( id=6866 ) [ RunTime:0.0076s ]

[ 2019-08-27T14:00:34+08:00 ] 59.42.90.126 /Tables/AdminTables/determine/id/6867.html
INFO: [ app_begin ] --START--
INFO: Run Behavior\ReadHtmlCacheBehavior [ RunTime:0.000446s ]
INFO: Run Behavior\CheckLangBehavior [ RunTime:0.000586s ]
INFO: [ app_begin ] --END-- [ RunTime:0.001343s ]
SQL: SHOW COLUMNS FROM `cmf_users` [ RunTime:0.0006s ]
SQL: SELECT * FROM `cmf_users` WHERE ( id=20 ) LIMIT 1   [ RunTime:0.0003s ]
SQL: SHOW COLUMNS FROM `cmf_role_user` [ RunTime:0.0003s ]
SQL: SELECT `role_id` FROM cmf_role_user a INNER JOIN cmf_role as b on a.role_id =b.id  WHERE `user_id` = '20' AND `status` = 1  [ RunTime:0.0003s ]
SQL: SHOW COLUMNS FROM `cmf_tables` [ RunTime:0.0003s ]
SQL: SHOW COLUMNS FROM `cmf_tables_options` [ RunTime:0.0003s ]
SQL: SHOW COLUMNS FROM `cmf_tables_data` [ RunTime:0.0003s ]
SQL: UPDATE `cmf_tables_data` SET `status`='1' WHERE ( id=6867 ) [ RunTime:0.0100s ]

[ 2019-08-27T17:02:01+08:00 ] 59.42.90.126 /Tables/AdminTables/determine/id/6868.html
INFO: [ app_begin ] --START--
INFO: Run Behavior\ReadHtmlCacheBehavior [ RunTime:0.000392s ]
INFO: Run Behavior\CheckLangBehavior [ RunTime:0.000549s ]
INFO: [ app_begin ] --END-- [ RunTime:0.001210s ]
SQL: SHOW COLUMNS FROM `cmf_users` [ RunTime:0.0006s ]
SQL: SELECT * FROM `cmf_users` WHERE ( id=20 ) LIMIT 1   [ RunTime:0.0002s ]
SQL: SHOW COLUMNS FROM `cmf_role_user` [ RunTime:0.0003s ]
SQL: SELECT `role_id` FROM cmf_role_user a INNER JOIN cmf_role as b on a.role_id =b.id  WHERE `user_id` = '20' AND `status` = 1  [ RunTime:0.0003s ]
SQL: SHOW COLUMNS FROM `cmf_tables` [ RunTime:0.0003s ]
SQL: SHOW COLUMNS FROM `cmf_tables_options` [ RunTime:0.0003s ]
SQL: SHOW COLUMNS FROM `cmf_tables_data` [ RunTime:0.0003s ]
SQL: UPDATE `cmf_tables_data` SET `status`='1' WHERE ( id=6868 ) [ RunTime:0.0033s ]

[ 2019-08-27T17:02:25+08:00 ] 59.42.90.126 /Tables/AdminTables/determine/id/6869.html
INFO: [ app_begin ] --START--
INFO: Run Behavior\ReadHtmlCacheBehavior [ RunTime:0.000429s ]
INFO: Run Behavior\CheckLangBehavior [ RunTime:0.000581s ]
INFO: [ app_begin ] --END-- [ RunTime:0.001310s ]
SQL: SHOW COLUMNS FROM `cmf_users` [ RunTime:0.0007s ]
SQL: SELECT * FROM `cmf_users` WHERE ( id=20 ) LIMIT 1   [ RunTime:0.0002s ]
SQL: SHOW COLUMNS FROM `cmf_role_user` [ RunTime:0.0003s ]
SQL: SELECT `role_id` FROM cmf_role_user a INNER JOIN cmf_role as b on a.role_id =b.id  WHERE `user_id` = '20' AND `status` = 1  [ RunTime:0.0003s ]
SQL: SHOW COLUMNS FROM `cmf_tables` [ RunTime:0.0003s ]
SQL: SHOW COLUMNS FROM `cmf_tables_options` [ RunTime:0.0004s ]
SQL: SHOW COLUMNS FROM `cmf_tables_data` [ RunTime:0.0003s ]
SQL: UPDATE `cmf_tables_data` SET `status`='1' WHERE ( id=6869 ) [ RunTime:0.0032s ]

[ 2019-08-27T17:02:28+08:00 ] 59.42.90.126 /Tables/AdminTables/determine/id/6870.html
INFO: [ app_begin ] --START--
INFO: Run Behavior\ReadHtmlCacheBehavior [ RunTime:0.000376s ]
INFO: Run Behavior\CheckLangBehavior [ RunTime:0.000597s ]
INFO: [ app_begin ] --END-- [ RunTime:0.001247s ]
SQL: SHOW COLUMNS FROM `cmf_users` [ RunTime:0.0006s ]
SQL: SELECT * FROM `cmf_users` WHERE ( id=20 ) LIMIT 1   [ RunTime:0.0002s ]
SQL: SHOW COLUMNS FROM `cmf_role_user` [ RunTime:0.0003s ]
SQL: SELECT `role_id` FROM cmf_role_user a INNER JOIN cmf_role as b on a.role_id =b.id  WHERE `user_id` = '20' AND `status` = 1  [ RunTime:0.0003s ]
SQL: SHOW COLUMNS FROM `cmf_tables` [ RunTime:0.0003s ]
SQL: SHOW COLUMNS FROM `cmf_tables_options` [ RunTime:0.0003s ]
SQL: SHOW COLUMNS FROM `cmf_tables_data` [ RunTime:0.0003s ]
SQL: UPDATE `cmf_tables_data` SET `status`='1' WHERE ( id=6870 ) [ RunTime:0.0032s ]

