[ 2019-08-23T09:14:47+08:00 ] 59.42.88.106 /Tables/AdminTables/determine/id/6838.html
INFO: [ app_begin ] --START--
INFO: Run Behavior\ReadHtmlCacheBehavior [ RunTime:0.000379s ]
INFO: Run Behavior\CheckLangBehavior [ RunTime:0.000572s ]
INFO: [ app_begin ] --END-- [ RunTime:0.001218s ]
SQL: SHOW COLUMNS FROM `cmf_users` [ RunTime:0.0006s ]
SQL: SELECT * FROM `cmf_users` WHERE ( id=20 ) LIMIT 1   [ RunTime:0.0003s ]
SQL: SHOW COLUMNS FROM `cmf_role_user` [ RunTime:0.0003s ]
SQL: SELECT `role_id` FROM cmf_role_user a INNER JOIN cmf_role as b on a.role_id =b.id  WHERE `user_id` = '20' AND `status` = 1  [ RunTime:0.0003s ]
SQL: SHOW COLUMNS FROM `cmf_auth_access` [ RunTime:0.0003s ]
SQL: SELECT * FROM cmf_auth_access a INNER JOIN cmf_auth_rule as b on a.rule_name =b.name  WHERE a.role_id IN ('5') AND b.name IN ('tables/admintables/determine')  [ RunTime:0.0004s ]

[ 2019-08-23T09:14:51+08:00 ] 59.42.88.106 /Tables/AdminTables/determine/id/6837.html
INFO: [ app_begin ] --START--
INFO: Run Behavior\ReadHtmlCacheBehavior [ RunTime:0.000359s ]
INFO: Run Behavior\CheckLangBehavior [ RunTime:0.000547s ]
INFO: [ app_begin ] --END-- [ RunTime:0.001185s ]
SQL: SHOW COLUMNS FROM `cmf_users` [ RunTime:0.0006s ]
SQL: SELECT * FROM `cmf_users` WHERE ( id=20 ) LIMIT 1   [ RunTime:0.0002s ]
SQL: SHOW COLUMNS FROM `cmf_role_user` [ RunTime:0.0003s ]
SQL: SELECT `role_id` FROM cmf_role_user a INNER JOIN cmf_role as b on a.role_id =b.id  WHERE `user_id` = '20' AND `status` = 1  [ RunTime:0.0002s ]
SQL: SHOW COLUMNS FROM `cmf_auth_access` [ RunTime:0.0003s ]
SQL: SELECT * FROM cmf_auth_access a INNER JOIN cmf_auth_rule as b on a.rule_name =b.name  WHERE a.role_id IN ('5') AND b.name IN ('tables/admintables/determine')  [ RunTime:0.0003s ]

[ 2019-08-23T16:53:50+08:00 ] 59.42.88.106 /Tables/AdminTables/view_data_delete/id/6839.html
INFO: [ app_begin ] --START--
INFO: Run Behavior\ReadHtmlCacheBehavior [ RunTime:0.000426s ]
INFO: Run Behavior\CheckLangBehavior [ RunTime:0.000572s ]
INFO: [ app_begin ] --END-- [ RunTime:0.001317s ]
SQL: SHOW COLUMNS FROM `cmf_users` [ RunTime:0.0006s ]
SQL: SELECT * FROM `cmf_users` WHERE ( id=1 ) LIMIT 1   [ RunTime:0.0003s ]
SQL: SHOW COLUMNS FROM `cmf_tables` [ RunTime:0.0003s ]
SQL: SHOW COLUMNS FROM `cmf_tables_options` [ RunTime:0.0003s ]
SQL: SHOW COLUMNS FROM `cmf_tables_data` [ RunTime:0.0003s ]
SQL: DELETE FROM `cmf_tables_data` WHERE ( id = 6839 ) [ RunTime:0.0041s ]

[ 2019-08-23T17:27:16+08:00 ] 59.42.88.106 /Tables/AdminTables/determine/id/6838.html
INFO: [ app_begin ] --START--
INFO: Run Behavior\ReadHtmlCacheBehavior [ RunTime:0.000401s ]
INFO: Run Behavior\CheckLangBehavior [ RunTime:0.000513s ]
INFO: [ app_begin ] --END-- [ RunTime:0.001182s ]
SQL: SHOW COLUMNS FROM `cmf_users` [ RunTime:0.0006s ]
SQL: SELECT * FROM `cmf_users` WHERE ( id=20 ) LIMIT 1   [ RunTime:0.0002s ]
SQL: SHOW COLUMNS FROM `cmf_role_user` [ RunTime:0.0003s ]
SQL: SELECT `role_id` FROM cmf_role_user a INNER JOIN cmf_role as b on a.role_id =b.id  WHERE `user_id` = '20' AND `status` = 1  [ RunTime:0.0004s ]
SQL: SHOW COLUMNS FROM `cmf_auth_access` [ RunTime:0.0004s ]
SQL: SELECT * FROM cmf_auth_access a INNER JOIN cmf_auth_rule as b on a.rule_name =b.name  WHERE a.role_id IN ('5') AND b.name IN ('tables/admintables/determine')  [ RunTime:0.0004s ]

[ 2019-08-23T17:27:20+08:00 ] 59.42.88.106 /Tables/AdminTables/determine/id/6838.html
INFO: [ app_begin ] --START--
INFO: Run Behavior\ReadHtmlCacheBehavior [ RunTime:0.000390s ]
INFO: Run Behavior\CheckLangBehavior [ RunTime:0.000596s ]
INFO: [ app_begin ] --END-- [ RunTime:0.001254s ]
SQL: SHOW COLUMNS FROM `cmf_users` [ RunTime:0.0006s ]
SQL: SELECT * FROM `cmf_users` WHERE ( id=20 ) LIMIT 1   [ RunTime:0.0003s ]
SQL: SHOW COLUMNS FROM `cmf_role_user` [ RunTime:0.0003s ]
SQL: SELECT `role_id` FROM cmf_role_user a INNER JOIN cmf_role as b on a.role_id =b.id  WHERE `user_id` = '20' AND `status` = 1  [ RunTime:0.0003s ]
SQL: SHOW COLUMNS FROM `cmf_auth_access` [ RunTime:0.0003s ]
SQL: SELECT * FROM cmf_auth_access a INNER JOIN cmf_auth_rule as b on a.rule_name =b.name  WHERE a.role_id IN ('5') AND b.name IN ('tables/admintables/determine')  [ RunTime:0.0003s ]

[ 2019-08-23T17:27:23+08:00 ] 59.42.88.106 /Tables/AdminTables/determine/id/6838.html
INFO: [ app_begin ] --START--
INFO: Run Behavior\ReadHtmlCacheBehavior [ RunTime:0.000410s ]
INFO: Run Behavior\CheckLangBehavior [ RunTime:0.000536s ]
INFO: [ app_begin ] --END-- [ RunTime:0.001223s ]
SQL: SHOW COLUMNS FROM `cmf_users` [ RunTime:0.0006s ]
SQL: SELECT * FROM `cmf_users` WHERE ( id=20 ) LIMIT 1   [ RunTime:0.0003s ]
SQL: SHOW COLUMNS FROM `cmf_role_user` [ RunTime:0.0004s ]
SQL: SELECT `role_id` FROM cmf_role_user a INNER JOIN cmf_role as b on a.role_id =b.id  WHERE `user_id` = '20' AND `status` = 1  [ RunTime:0.0003s ]
SQL: SHOW COLUMNS FROM `cmf_auth_access` [ RunTime:0.0003s ]
SQL: SELECT * FROM cmf_auth_access a INNER JOIN cmf_auth_rule as b on a.rule_name =b.name  WHERE a.role_id IN ('5') AND b.name IN ('tables/admintables/determine')  [ RunTime:0.0004s ]

[ 2019-08-23T17:36:50+08:00 ] 59.42.88.106 /Tables/AdminTables/determine/id/6838.html
INFO: [ app_begin ] --START--
INFO: Run Behavior\ReadHtmlCacheBehavior [ RunTime:0.000381s ]
INFO: Run Behavior\CheckLangBehavior [ RunTime:0.000568s ]
INFO: [ app_begin ] --END-- [ RunTime:0.001231s ]
SQL: SHOW COLUMNS FROM `cmf_users` [ RunTime:0.0006s ]
SQL: SELECT * FROM `cmf_users` WHERE ( id=20 ) LIMIT 1   [ RunTime:0.0002s ]
SQL: SHOW COLUMNS FROM `cmf_role_user` [ RunTime:0.0003s ]
SQL: SELECT `role_id` FROM cmf_role_user a INNER JOIN cmf_role as b on a.role_id =b.id  WHERE `user_id` = '20' AND `status` = 1  [ RunTime:0.0002s ]
SQL: SHOW COLUMNS FROM `cmf_auth_access` [ RunTime:0.0003s ]
SQL: SELECT * FROM cmf_auth_access a INNER JOIN cmf_auth_rule as b on a.rule_name =b.name  WHERE a.role_id IN ('5') AND b.name IN ('tables/admintables/determine')  [ RunTime:0.0004s ]

