[ 2019-08-26T10:49:15+08:00 ] 59.42.90.58 /Tables/AdminTables/determine/id/6857.html
INFO: [ app_begin ] --START--
INFO: Run Behavior\ReadHtmlCacheBehavior [ RunTime:0.000400s ]
INFO: Run Behavior\CheckLangBehavior [ RunTime:0.000561s ]
INFO: [ app_begin ] --END-- [ RunTime:0.001278s ]
SQL: SHOW COLUMNS FROM `cmf_users` [ RunTime:0.0006s ]
SQL: SELECT * FROM `cmf_users` WHERE ( id=20 ) LIMIT 1   [ RunTime:0.0002s ]
SQL: SHOW COLUMNS FROM `cmf_role_user` [ RunTime:0.0003s ]
SQL: SELECT `role_id` FROM cmf_role_user a INNER JOIN cmf_role as b on a.role_id =b.id  WHERE `user_id` = '20' AND `status` = 1  [ RunTime:0.0003s ]
SQL: SHOW COLUMNS FROM `cmf_tables` [ RunTime:0.0003s ]
SQL: SHOW COLUMNS FROM `cmf_tables_options` [ RunTime:0.0003s ]
SQL: SHOW COLUMNS FROM `cmf_tables_data` [ RunTime:0.0003s ]
SQL: UPDATE `cmf_tables_data` SET `status`='1' WHERE ( id=6857 ) [ RunTime:0.0030s ]

[ 2019-08-26T10:54:51+08:00 ] 59.42.90.58 /Tables/AdminTables/determine/id/6860.html
INFO: [ app_begin ] --START--
INFO: Run Behavior\ReadHtmlCacheBehavior [ RunTime:0.000374s ]
INFO: Run Behavior\CheckLangBehavior [ RunTime:0.000525s ]
INFO: [ app_begin ] --END-- [ RunTime:0.001168s ]
SQL: SHOW COLUMNS FROM `cmf_users` [ RunTime:0.0006s ]
SQL: SELECT * FROM `cmf_users` WHERE ( id=20 ) LIMIT 1   [ RunTime:0.0003s ]
SQL: SHOW COLUMNS FROM `cmf_role_user` [ RunTime:0.0003s ]
SQL: SELECT `role_id` FROM cmf_role_user a INNER JOIN cmf_role as b on a.role_id =b.id  WHERE `user_id` = '20' AND `status` = 1  [ RunTime:0.0003s ]
SQL: SHOW COLUMNS FROM `cmf_tables` [ RunTime:0.0003s ]
SQL: SHOW COLUMNS FROM `cmf_tables_options` [ RunTime:0.0003s ]
SQL: SHOW COLUMNS FROM `cmf_tables_data` [ RunTime:0.0003s ]
SQL: UPDATE `cmf_tables_data` SET `status`='1' WHERE ( id=6860 ) [ RunTime:0.0025s ]

[ 2019-08-26T10:54:53+08:00 ] 59.42.90.58 /Tables/AdminTables/determine/id/6861.html
INFO: [ app_begin ] --START--
INFO: Run Behavior\ReadHtmlCacheBehavior [ RunTime:0.000372s ]
INFO: Run Behavior\CheckLangBehavior [ RunTime:0.000541s ]
INFO: [ app_begin ] --END-- [ RunTime:0.001178s ]
SQL: SHOW COLUMNS FROM `cmf_users` [ RunTime:0.0006s ]
SQL: SELECT * FROM `cmf_users` WHERE ( id=20 ) LIMIT 1   [ RunTime:0.0003s ]
SQL: SHOW COLUMNS FROM `cmf_role_user` [ RunTime:0.0003s ]
SQL: SELECT `role_id` FROM cmf_role_user a INNER JOIN cmf_role as b on a.role_id =b.id  WHERE `user_id` = '20' AND `status` = 1  [ RunTime:0.0003s ]
SQL: SHOW COLUMNS FROM `cmf_tables` [ RunTime:0.0003s ]
SQL: SHOW COLUMNS FROM `cmf_tables_options` [ RunTime:0.0003s ]
SQL: SHOW COLUMNS FROM `cmf_tables_data` [ RunTime:0.0003s ]
SQL: UPDATE `cmf_tables_data` SET `status`='1' WHERE ( id=6861 ) [ RunTime:0.0034s ]

[ 2019-08-26T10:54:55+08:00 ] 59.42.90.58 /Tables/AdminTables/determine/id/6862.html
INFO: [ app_begin ] --START--
INFO: Run Behavior\ReadHtmlCacheBehavior [ RunTime:0.000407s ]
INFO: Run Behavior\CheckLangBehavior [ RunTime:0.000514s ]
INFO: [ app_begin ] --END-- [ RunTime:0.001190s ]
SQL: SHOW COLUMNS FROM `cmf_users` [ RunTime:0.0008s ]
SQL: SELECT * FROM `cmf_users` WHERE ( id=20 ) LIMIT 1   [ RunTime:0.0003s ]
SQL: SHOW COLUMNS FROM `cmf_role_user` [ RunTime:0.0004s ]
SQL: SELECT `role_id` FROM cmf_role_user a INNER JOIN cmf_role as b on a.role_id =b.id  WHERE `user_id` = '20' AND `status` = 1  [ RunTime:0.0003s ]
SQL: SHOW COLUMNS FROM `cmf_tables` [ RunTime:0.0004s ]
SQL: SHOW COLUMNS FROM `cmf_tables_options` [ RunTime:0.0004s ]
SQL: SHOW COLUMNS FROM `cmf_tables_data` [ RunTime:0.0004s ]
SQL: UPDATE `cmf_tables_data` SET `status`='1' WHERE ( id=6862 ) [ RunTime:0.0032s ]

[ 2019-08-26T10:55:03+08:00 ] 59.42.90.58 /Tables/AdminTables/determine/id/6859.html
INFO: [ app_begin ] --START--
INFO: Run Behavior\ReadHtmlCacheBehavior [ RunTime:0.000377s ]
INFO: Run Behavior\CheckLangBehavior [ RunTime:0.000532s ]
INFO: [ app_begin ] --END-- [ RunTime:0.001178s ]
SQL: SHOW COLUMNS FROM `cmf_users` [ RunTime:0.0006s ]
SQL: SELECT * FROM `cmf_users` WHERE ( id=20 ) LIMIT 1   [ RunTime:0.0002s ]
SQL: SHOW COLUMNS FROM `cmf_role_user` [ RunTime:0.0003s ]
SQL: SELECT `role_id` FROM cmf_role_user a INNER JOIN cmf_role as b on a.role_id =b.id  WHERE `user_id` = '20' AND `status` = 1  [ RunTime:0.0003s ]
SQL: SHOW COLUMNS FROM `cmf_tables` [ RunTime:0.0003s ]
SQL: SHOW COLUMNS FROM `cmf_tables_options` [ RunTime:0.0003s ]
SQL: SHOW COLUMNS FROM `cmf_tables_data` [ RunTime:0.0003s ]
SQL: UPDATE `cmf_tables_data` SET `status`='1' WHERE ( id=6859 ) [ RunTime:0.0045s ]

[ 2019-08-26T10:55:05+08:00 ] 59.42.90.58 /Tables/AdminTables/determine/id/6858.html
INFO: [ app_begin ] --START--
INFO: Run Behavior\ReadHtmlCacheBehavior [ RunTime:0.000390s ]
INFO: Run Behavior\CheckLangBehavior [ RunTime:0.000509s ]
INFO: [ app_begin ] --END-- [ RunTime:0.001163s ]
SQL: SHOW COLUMNS FROM `cmf_users` [ RunTime:0.0006s ]
SQL: SELECT * FROM `cmf_users` WHERE ( id=20 ) LIMIT 1   [ RunTime:0.0003s ]
SQL: SHOW COLUMNS FROM `cmf_role_user` [ RunTime:0.0003s ]
SQL: SELECT `role_id` FROM cmf_role_user a INNER JOIN cmf_role as b on a.role_id =b.id  WHERE `user_id` = '20' AND `status` = 1  [ RunTime:0.0003s ]
SQL: SHOW COLUMNS FROM `cmf_tables` [ RunTime:0.0003s ]
SQL: SHOW COLUMNS FROM `cmf_tables_options` [ RunTime:0.0003s ]
SQL: SHOW COLUMNS FROM `cmf_tables_data` [ RunTime:0.0003s ]
SQL: UPDATE `cmf_tables_data` SET `status`='1' WHERE ( id=6858 ) [ RunTime:0.0031s ]

[ 2019-08-26T16:56:32+08:00 ] 59.42.90.58 /Tables/AdminTables/determine/id/6863.html
INFO: [ app_begin ] --START--
INFO: Run Behavior\ReadHtmlCacheBehavior [ RunTime:0.000366s ]
INFO: Run Behavior\CheckLangBehavior [ RunTime:0.000602s ]
INFO: [ app_begin ] --END-- [ RunTime:0.001276s ]
SQL: SHOW COLUMNS FROM `cmf_users` [ RunTime:0.0006s ]
SQL: SELECT * FROM `cmf_users` WHERE ( id=20 ) LIMIT 1   [ RunTime:0.0002s ]
SQL: SHOW COLUMNS FROM `cmf_role_user` [ RunTime:0.0003s ]
SQL: SELECT `role_id` FROM cmf_role_user a INNER JOIN cmf_role as b on a.role_id =b.id  WHERE `user_id` = '20' AND `status` = 1  [ RunTime:0.0003s ]
SQL: SHOW COLUMNS FROM `cmf_tables` [ RunTime:0.0003s ]
SQL: SHOW COLUMNS FROM `cmf_tables_options` [ RunTime:0.0003s ]
SQL: SHOW COLUMNS FROM `cmf_tables_data` [ RunTime:0.0003s ]
SQL: UPDATE `cmf_tables_data` SET `status`='1' WHERE ( id=6863 ) [ RunTime:0.0057s ]

