---------------------------------------------------------------
[ 2019-08-13T08:51:49+08:00 ] 47.101.193.213 GET /
[ info ] admin.dedaokq.com/ [运行时间：0.018468s][吞吐率：54.15req/s] [内存消耗：1,727.16kb] [文件加载：81]
[ info ] [ LANG ] /home/wwwroot/admin/thinkphp/lang/zh-cn.php
[ info ] [ ROUTE ] array (
  'type' => 'module',
  'module' => 
  array (
    0 => '',
    1 => NULL,
    2 => NULL,
  ),
)
[ info ] [ HEADER ] array (
  'accept-encoding' => 'gzip',
  'connection' => 'Keep-Alive',
  'host' => 'admin.dedaokq.com',
  'user-agent' => 'Mozilla/5.0 (X11; Ubuntu; Linux x86_64; rv:36.0) Gecko/20100101 Firefox/36.0',
  'content-type' => '',
  'content-length' => '',
)
[ info ] [ PARAM ] array (
)
[ info ] [ RUN ] app\index\controller\Index->index[ /home/wwwroot/admin/application/index/controller/Index.php ]
[ info ] [ VIEW ] ../template/admin/index.html [ array (
) ]
[ info ] [ LOG ] INIT File
---------------------------------------------------------------
[ 2019-08-13T20:22:34+08:00 ] 59.42.87.186 POST /api/Slide/getSlidedata
[ info ] api.dedaokq.com/api/Slide/getSlidedata [运行时间：0.045041s][吞吐率：22.20req/s] [内存消耗：2,324.18kb] [文件加载：85]
[ info ] [ LANG ] /home/wwwroot/admin/thinkphp/lang/zh-cn.php
[ info ] [ ROUTE ] array (
  'type' => 'module',
  'module' => 
  array (
    0 => 'api',
    1 => 'Slide',
    2 => 'getSlidedata',
  ),
)
[ info ] [ HEADER ] array (
  'accept-language' => 'zh-CN,zh;q=0.9,en;q=0.8,ja;q=0.7',
  'accept-encoding' => 'gzip, deflate',
  'referer' => 'http://test.hzmekq.test/',
  'content-type' => 'application/x-www-form-urlencoded; charset=UTF-8',
  'user-agent' => 'Mozilla/5.0 (Windows NT 10.0; Win64; x64) AppleWebKit/537.36 (KHTML, like Gecko) Chrome/75.0.3770.142 Safari/537.36',
  'origin' => 'http://test.hzmekq.test',
  'accept' => '*/*',
  'content-length' => '16',
  'connection' => 'keep-alive',
  'host' => 'api.dedaokq.com',
)
[ info ] [ PARAM ] array (
  'db_id' => '1',
  'cat_id' => '4',
)
[ info ] [ RUN ] app\api\controller\Slide->getSlidedata[ /home/wwwroot/admin/application/api/controller/Slide.php ]
[ info ] [ DB ] INIT mysql
[ info ] [ LOG ] INIT File
---------------------------------------------------------------
[ 2019-08-13T20:22:34+08:00 ] 59.42.87.186 POST /api/Link/getLinkData
[ info ] api.dedaokq.com/api/Link/getLinkData [运行时间：0.045272s][吞吐率：22.09req/s] [内存消耗：2,317.45kb] [文件加载：85]
[ info ] [ LANG ] /home/wwwroot/admin/thinkphp/lang/zh-cn.php
[ info ] [ ROUTE ] array (
  'type' => 'module',
  'module' => 
  array (
    0 => 'api',
    1 => 'Link',
    2 => 'getLinkData',
  ),
)
[ info ] [ HEADER ] array (
  'accept-language' => 'zh-CN,zh;q=0.9,en;q=0.8,ja;q=0.7',
  'accept-encoding' => 'gzip, deflate',
  'referer' => 'http://test.hzmekq.test/',
  'content-type' => 'application/x-www-form-urlencoded; charset=UTF-8',
  'user-agent' => 'Mozilla/5.0 (Windows NT 10.0; Win64; x64) AppleWebKit/537.36 (KHTML, like Gecko) Chrome/75.0.3770.142 Safari/537.36',
  'origin' => 'http://test.hzmekq.test',
  'accept' => '*/*',
  'content-length' => '7',
  'connection' => 'keep-alive',
  'host' => 'api.dedaokq.com',
)
[ info ] [ PARAM ] array (
  'db_id' => '1',
)
[ info ] [ RUN ] app\api\controller\Link->getLinkData[ /home/wwwroot/admin/application/api/controller/Link.php ]
[ info ] [ DB ] INIT mysql
[ info ] [ LOG ] INIT File
---------------------------------------------------------------
[ 2019-08-13T20:22:34+08:00 ] 59.42.87.186 POST /api/Setting/getSiteInfo
[ info ] api.dedaokq.com/api/Setting/getSiteInfo [运行时间：0.046097s][吞吐率：21.69req/s] [内存消耗：2,380.50kb] [文件加载：88]
[ info ] [ LANG ] /home/wwwroot/admin/thinkphp/lang/zh-cn.php
[ info ] [ ROUTE ] array (
  'type' => 'module',
  'module' => 
  array (
    0 => 'api',
    1 => 'Setting',
    2 => 'getSiteInfo',
  ),
)
[ info ] [ HEADER ] array (
  'accept-language' => 'zh-CN,zh;q=0.9,en;q=0.8,ja;q=0.7',
  'accept-encoding' => 'gzip, deflate',
  'referer' => 'http://test.hzmekq.test/',
  'content-type' => 'application/x-www-form-urlencoded; charset=UTF-8',
  'user-agent' => 'Mozilla/5.0 (Windows NT 10.0; Win64; x64) AppleWebKit/537.36 (KHTML, like Gecko) Chrome/75.0.3770.142 Safari/537.36',
  'origin' => 'http://test.hzmekq.test',
  'accept' => '*/*',
  'content-length' => '7',
  'connection' => 'keep-alive',
  'host' => 'api.dedaokq.com',
)
[ info ] [ PARAM ] array (
  'db_id' => '1',
)
[ info ] [ RUN ] app\api\controller\Setting->getSiteInfo[ /home/wwwroot/admin/application/api/controller/Setting.php ]
[ info ] [ CACHE ] INIT File
[ info ] [ DB ] INIT mysql
[ info ] [ LOG ] INIT File
---------------------------------------------------------------
[ 2019-08-13T20:22:34+08:00 ] 59.42.87.186 POST /api/Slide/getSlidedata
[ info ] api.dedaokq.com/api/Slide/getSlidedata [运行时间：0.047940s][吞吐率：20.86req/s] [内存消耗：2,322.70kb] [文件加载：85]
[ info ] [ LANG ] /home/wwwroot/admin/thinkphp/lang/zh-cn.php
[ info ] [ ROUTE ] array (
  'type' => 'module',
  'module' => 
  array (
    0 => 'api',
    1 => 'Slide',
    2 => 'getSlidedata',
  ),
)
[ info ] [ HEADER ] array (
  'accept-language' => 'zh-CN,zh;q=0.9,en;q=0.8,ja;q=0.7',
  'accept-encoding' => 'gzip, deflate',
  'referer' => 'http://test.hzmekq.test/',
  'content-type' => 'application/x-www-form-urlencoded; charset=UTF-8',
  'user-agent' => 'Mozilla/5.0 (Windows NT 10.0; Win64; x64) AppleWebKit/537.36 (KHTML, like Gecko) Chrome/75.0.3770.142 Safari/537.36',
  'origin' => 'http://test.hzmekq.test',
  'accept' => '*/*',
  'content-length' => '17',
  'connection' => 'keep-alive',
  'host' => 'api.dedaokq.com',
)
[ info ] [ PARAM ] array (
  'db_id' => '1',
  'cat_id' => '28',
)
[ info ] [ RUN ] app\api\controller\Slide->getSlidedata[ /home/wwwroot/admin/application/api/controller/Slide.php ]
[ info ] [ DB ] INIT mysql
[ info ] [ LOG ] INIT File
---------------------------------------------------------------
[ 2019-08-13T20:22:34+08:00 ] 59.42.87.186 POST /api/nav/getNavData
[ info ] api.dedaokq.com/api/nav/getNavData [运行时间：0.054433s][吞吐率：18.37req/s] [内存消耗：2,388.39kb] [文件加载：86]
[ info ] [ LANG ] /home/wwwroot/admin/thinkphp/lang/zh-cn.php
[ info ] [ ROUTE ] array (
  'type' => 'module',
  'module' => 
  array (
    0 => 'api',
    1 => 'nav',
    2 => 'getNavData',
  ),
)
[ info ] [ HEADER ] array (
  'accept-language' => 'zh-CN,zh;q=0.9,en;q=0.8,ja;q=0.7',
  'accept-encoding' => 'gzip, deflate',
  'referer' => 'http://test.hzmekq.test/',
  'content-type' => 'application/x-www-form-urlencoded; charset=UTF-8',
  'user-agent' => 'Mozilla/5.0 (Windows NT 10.0; Win64; x64) AppleWebKit/537.36 (KHTML, like Gecko) Chrome/75.0.3770.142 Safari/537.36',
  'origin' => 'http://test.hzmekq.test',
  'accept' => '*/*',
  'content-length' => '16',
  'connection' => 'keep-alive',
  'host' => 'api.dedaokq.com',
)
[ info ] [ PARAM ] array (
  'db_id' => '1',
  'cat_id' => '1',
)
[ info ] [ RUN ] app\api\controller\Nav->getNavData[ /home/wwwroot/admin/application/api/controller/Nav.php ]
[ info ] [ DB ] INIT mysql
[ info ] [ LOG ] INIT File
---------------------------------------------------------------
[ 2019-08-13T20:22:34+08:00 ] 59.42.87.186 POST /protal/Lists/getCategoryPostLists
[ info ] api.dedaokq.com/protal/Lists/getCategoryPostLists [运行时间：0.049707s][吞吐率：20.12req/s] [内存消耗：2,625.59kb] [文件加载：88]
[ info ] [ LANG ] /home/wwwroot/admin/thinkphp/lang/zh-cn.php
[ info ] [ ROUTE ] array (
  'type' => 'module',
  'module' => 
  array (
    0 => 'protal',
    1 => 'Lists',
    2 => 'getCategoryPostLists',
  ),
)
[ info ] [ HEADER ] array (
  'accept-language' => 'zh-CN,zh;q=0.9,en;q=0.8,ja;q=0.7',
  'accept-encoding' => 'gzip, deflate',
  'referer' => 'http://test.hzmekq.test/',
  'content-type' => 'application/x-www-form-urlencoded; charset=UTF-8',
  'user-agent' => 'Mozilla/5.0 (Windows NT 10.0; Win64; x64) AppleWebKit/537.36 (KHTML, like Gecko) Chrome/75.0.3770.142 Safari/537.36',
  'origin' => 'http://test.hzmekq.test',
  'accept' => '*/*',
  'content-length' => '48',
  'connection' => 'keep-alive',
  'host' => 'api.dedaokq.com',
)
[ info ] [ PARAM ] array (
  'db_id' => '1',
  'category_id' => '108',
  'is_recommended' => '1',
  'limit' => '4',
)
[ info ] [ RUN ] app\protal\controller\Lists->getCategoryPostLists[ /home/wwwroot/admin/application/protal/controller/Lists.php ]
[ info ] [ DB ] INIT mysql
[ info ] [ LOG ] INIT File
---------------------------------------------------------------
[ 2019-08-13T20:22:35+08:00 ] 59.42.87.186 POST /protal/Lists/getCategoryPostLists
[ info ] api.dedaokq.com/protal/Lists/getCategoryPostLists [运行时间：0.039806s][吞吐率：25.12req/s] [内存消耗：2,625.15kb] [文件加载：88]
[ info ] [ LANG ] /home/wwwroot/admin/thinkphp/lang/zh-cn.php
[ info ] [ ROUTE ] array (
  'type' => 'module',
  'module' => 
  array (
    0 => 'protal',
    1 => 'Lists',
    2 => 'getCategoryPostLists',
  ),
)
[ info ] [ HEADER ] array (
  'accept-language' => 'zh-CN,zh;q=0.9,en;q=0.8,ja;q=0.7',
  'accept-encoding' => 'gzip, deflate',
  'referer' => 'http://test.hzmekq.test/',
  'content-type' => 'application/x-www-form-urlencoded; charset=UTF-8',
  'user-agent' => 'Mozilla/5.0 (Windows NT 10.0; Win64; x64) AppleWebKit/537.36 (KHTML, like Gecko) Chrome/75.0.3770.142 Safari/537.36',
  'origin' => 'http://test.hzmekq.test',
  'accept' => '*/*',
  'content-length' => '40',
  'connection' => 'keep-alive',
  'host' => 'api.dedaokq.com',
)
[ info ] [ PARAM ] array (
  'db_id' => '1',
  'category_id' => '145',
  'is_top' => '1',
  'limit' => '2',
)
[ info ] [ RUN ] app\protal\controller\Lists->getCategoryPostLists[ /home/wwwroot/admin/application/protal/controller/Lists.php ]
[ info ] [ DB ] INIT mysql
[ info ] [ LOG ] INIT File
---------------------------------------------------------------
[ 2019-08-13T20:22:35+08:00 ] 59.42.87.186 POST /api/Slide/getSlidedata
[ info ] api.dedaokq.com/api/Slide/getSlidedata [运行时间：0.042186s][吞吐率：23.70req/s] [内存消耗：2,325.59kb] [文件加载：85]
[ info ] [ LANG ] /home/wwwroot/admin/thinkphp/lang/zh-cn.php
[ info ] [ ROUTE ] array (
  'type' => 'module',
  'module' => 
  array (
    0 => 'api',
    1 => 'Slide',
    2 => 'getSlidedata',
  ),
)
[ info ] [ HEADER ] array (
  'accept-language' => 'zh-CN,zh;q=0.9,en;q=0.8,ja;q=0.7',
  'accept-encoding' => 'gzip, deflate',
  'referer' => 'http://test.hzmekq.test/',
  'content-type' => 'application/x-www-form-urlencoded; charset=UTF-8',
  'user-agent' => 'Mozilla/5.0 (Windows NT 10.0; Win64; x64) AppleWebKit/537.36 (KHTML, like Gecko) Chrome/75.0.3770.142 Safari/537.36',
  'origin' => 'http://test.hzmekq.test',
  'accept' => '*/*',
  'content-length' => '17',
  'connection' => 'keep-alive',
  'host' => 'api.dedaokq.com',
)
[ info ] [ PARAM ] array (
  'db_id' => '1',
  'cat_id' => '29',
)
[ info ] [ RUN ] app\api\controller\Slide->getSlidedata[ /home/wwwroot/admin/application/api/controller/Slide.php ]
[ info ] [ DB ] INIT mysql
[ info ] [ LOG ] INIT File
---------------------------------------------------------------
[ 2019-08-13T20:22:35+08:00 ] 59.42.87.186 POST /department/Department/getDoctorList
[ info ] api.dedaokq.com/department/Department/getDoctorList [运行时间：0.039390s][吞吐率：25.39req/s] [内存消耗：2,614.34kb] [文件加载：88]
[ info ] [ LANG ] /home/wwwroot/admin/thinkphp/lang/zh-cn.php
[ info ] [ ROUTE ] array (
  'type' => 'module',
  'module' => 
  array (
    0 => 'department',
    1 => 'Department',
    2 => 'getDoctorList',
  ),
)
[ info ] [ HEADER ] array (
  'accept-language' => 'zh-CN,zh;q=0.9,en;q=0.8,ja;q=0.7',
  'accept-encoding' => 'gzip, deflate',
  'referer' => 'http://test.hzmekq.test/',
  'content-type' => 'application/x-www-form-urlencoded; charset=UTF-8',
  'user-agent' => 'Mozilla/5.0 (Windows NT 10.0; Win64; x64) AppleWebKit/537.36 (KHTML, like Gecko) Chrome/75.0.3770.142 Safari/537.36',
  'origin' => 'http://test.hzmekq.test',
  'accept' => '*/*',
  'content-length' => '40',
  'connection' => 'keep-alive',
  'host' => 'api.dedaokq.com',
)
[ info ] [ PARAM ] array (
  'db_id' => '1',
  'department_id' => '7',
  'is_recommended' => '1',
)
[ info ] [ RUN ] app\department\controller\Department->getDoctorList[ /home/wwwroot/admin/application/department/controller/Department.php ]
[ info ] [ DB ] INIT mysql
[ info ] [ LOG ] INIT File
---------------------------------------------------------------
[ 2019-08-13T20:22:35+08:00 ] 59.42.87.186 POST /protal/Lists/getCategoryPostLists
[ info ] api.dedaokq.com/protal/Lists/getCategoryPostLists [运行时间：0.044289s][吞吐率：22.58req/s] [内存消耗：2,629.78kb] [文件加载：88]
[ info ] [ LANG ] /home/wwwroot/admin/thinkphp/lang/zh-cn.php
[ info ] [ ROUTE ] array (
  'type' => 'module',
  'module' => 
  array (
    0 => 'protal',
    1 => 'Lists',
    2 => 'getCategoryPostLists',
  ),
)
[ info ] [ HEADER ] array (
  'accept-language' => 'zh-CN,zh;q=0.9,en;q=0.8,ja;q=0.7',
  'accept-encoding' => 'gzip, deflate',
  'referer' => 'http://test.hzmekq.test/',
  'content-type' => 'application/x-www-form-urlencoded; charset=UTF-8',
  'user-agent' => 'Mozilla/5.0 (Windows NT 10.0; Win64; x64) AppleWebKit/537.36 (KHTML, like Gecko) Chrome/75.0.3770.142 Safari/537.36',
  'origin' => 'http://test.hzmekq.test',
  'accept' => '*/*',
  'content-length' => '48',
  'connection' => 'keep-alive',
  'host' => 'api.dedaokq.com',
)
[ info ] [ PARAM ] array (
  'db_id' => '1',
  'category_id' => '145',
  'is_recommended' => '1',
  'limit' => '4',
)
[ info ] [ RUN ] app\protal\controller\Lists->getCategoryPostLists[ /home/wwwroot/admin/application/protal/controller/Lists.php ]
[ info ] [ DB ] INIT mysql
[ info ] [ LOG ] INIT File
---------------------------------------------------------------
[ 2019-08-13T20:22:35+08:00 ] 59.42.87.186 POST /api/index/indexItems
[ info ] api.dedaokq.com/api/index/indexItems [运行时间：0.074942s][吞吐率：13.34req/s] [内存消耗：2,731.36kb] [文件加载：91]
[ info ] [ LANG ] /home/wwwroot/admin/thinkphp/lang/zh-cn.php
[ info ] [ ROUTE ] array (
  'type' => 'module',
  'module' => 
  array (
    0 => 'api',
    1 => 'index',
    2 => 'indexItems',
  ),
)
[ info ] [ HEADER ] array (
  'accept-language' => 'zh-CN,zh;q=0.9,en;q=0.8,ja;q=0.7',
  'accept-encoding' => 'gzip, deflate',
  'referer' => 'http://test.hzmekq.test/',
  'content-type' => 'application/x-www-form-urlencoded; charset=UTF-8',
  'user-agent' => 'Mozilla/5.0 (Windows NT 10.0; Win64; x64) AppleWebKit/537.36 (KHTML, like Gecko) Chrome/75.0.3770.142 Safari/537.36',
  'origin' => 'http://test.hzmekq.test',
  'accept' => '*/*',
  'content-length' => '7',
  'connection' => 'keep-alive',
  'host' => 'api.dedaokq.com',
)
[ info ] [ PARAM ] array (
  'db_id' => '1',
)
[ info ] [ RUN ] app\api\controller\Index->indexItems[ /home/wwwroot/admin/application/api/controller/Index.php ]
[ info ] [ DB ] INIT mysql
[ info ] [ LOG ] INIT File
---------------------------------------------------------------
[ 2019-08-13T20:45:39+08:00 ] 59.42.87.186 POST /api/Setting/getSiteInfo
[ info ] api.dedaokq.com/api/Setting/getSiteInfo [运行时间：0.025955s][吞吐率：38.53req/s] [内存消耗：1,567.59kb] [文件加载：82]
[ info ] [ LANG ] /home/wwwroot/admin/thinkphp/lang/zh-cn.php
[ info ] [ ROUTE ] array (
  'type' => 'module',
  'module' => 
  array (
    0 => 'api',
    1 => 'Setting',
    2 => 'getSiteInfo',
  ),
)
[ info ] [ HEADER ] array (
  'accept-language' => 'zh-CN,zh;q=0.9,en;q=0.8,ja;q=0.7',
  'accept-encoding' => 'gzip, deflate',
  'referer' => 'http://test.hzmekq.com/',
  'content-type' => 'application/x-www-form-urlencoded; charset=UTF-8',
  'user-agent' => 'Mozilla/5.0 (Windows NT 10.0; Win64; x64) AppleWebKit/537.36 (KHTML, like Gecko) Chrome/75.0.3770.142 Safari/537.36',
  'origin' => 'http://test.hzmekq.com',
  'accept' => '*/*',
  'content-length' => '7',
  'connection' => 'keep-alive',
  'host' => 'api.dedaokq.com',
)
[ info ] [ PARAM ] array (
  'db_id' => '1',
)
[ info ] [ RUN ] app\api\controller\Setting->getSiteInfo[ /home/wwwroot/admin/application/api/controller/Setting.php ]
[ info ] [ CACHE ] INIT File
[ info ] [ LOG ] INIT File
---------------------------------------------------------------
[ 2019-08-13T20:45:39+08:00 ] 59.42.87.186 POST /api/Slide/getSlidedata
[ info ] api.dedaokq.com/api/Slide/getSlidedata [运行时间：0.044955s][吞吐率：22.24req/s] [内存消耗：2,322.69kb] [文件加载：85]
[ info ] [ LANG ] /home/wwwroot/admin/thinkphp/lang/zh-cn.php
[ info ] [ ROUTE ] array (
  'type' => 'module',
  'module' => 
  array (
    0 => 'api',
    1 => 'Slide',
    2 => 'getSlidedata',
  ),
)
[ info ] [ HEADER ] array (
  'accept-language' => 'zh-CN,zh;q=0.9,en;q=0.8,ja;q=0.7',
  'accept-encoding' => 'gzip, deflate',
  'referer' => 'http://test.hzmekq.com/',
  'content-type' => 'application/x-www-form-urlencoded; charset=UTF-8',
  'user-agent' => 'Mozilla/5.0 (Windows NT 10.0; Win64; x64) AppleWebKit/537.36 (KHTML, like Gecko) Chrome/75.0.3770.142 Safari/537.36',
  'origin' => 'http://test.hzmekq.com',
  'accept' => '*/*',
  'content-length' => '17',
  'connection' => 'keep-alive',
  'host' => 'api.dedaokq.com',
)
[ info ] [ PARAM ] array (
  'db_id' => '1',
  'cat_id' => '28',
)
[ info ] [ RUN ] app\api\controller\Slide->getSlidedata[ /home/wwwroot/admin/application/api/controller/Slide.php ]
[ info ] [ DB ] INIT mysql
[ info ] [ LOG ] INIT File
---------------------------------------------------------------
[ 2019-08-13T20:45:39+08:00 ] 59.42.87.186 POST /api/Link/getLinkData
[ info ] api.dedaokq.com/api/Link/getLinkData [运行时间：0.047346s][吞吐率：21.12req/s] [内存消耗：2,317.44kb] [文件加载：85]
[ info ] [ LANG ] /home/wwwroot/admin/thinkphp/lang/zh-cn.php
[ info ] [ ROUTE ] array (
  'type' => 'module',
  'module' => 
  array (
    0 => 'api',
    1 => 'Link',
    2 => 'getLinkData',
  ),
)
[ info ] [ HEADER ] array (
  'accept-language' => 'zh-CN,zh;q=0.9,en;q=0.8,ja;q=0.7',
  'accept-encoding' => 'gzip, deflate',
  'referer' => 'http://test.hzmekq.com/',
  'content-type' => 'application/x-www-form-urlencoded; charset=UTF-8',
  'user-agent' => 'Mozilla/5.0 (Windows NT 10.0; Win64; x64) AppleWebKit/537.36 (KHTML, like Gecko) Chrome/75.0.3770.142 Safari/537.36',
  'origin' => 'http://test.hzmekq.com',
  'accept' => '*/*',
  'content-length' => '7',
  'connection' => 'keep-alive',
  'host' => 'api.dedaokq.com',
)
[ info ] [ PARAM ] array (
  'db_id' => '1',
)
[ info ] [ RUN ] app\api\controller\Link->getLinkData[ /home/wwwroot/admin/application/api/controller/Link.php ]
[ info ] [ DB ] INIT mysql
[ info ] [ LOG ] INIT File
---------------------------------------------------------------
[ 2019-08-13T20:45:39+08:00 ] 59.42.87.186 POST /api/Slide/getSlidedata
[ info ] api.dedaokq.com/api/Slide/getSlidedata [运行时间：0.038615s][吞吐率：25.90req/s] [内存消耗：2,324.16kb] [文件加载：85]
[ info ] [ LANG ] /home/wwwroot/admin/thinkphp/lang/zh-cn.php
[ info ] [ ROUTE ] array (
  'type' => 'module',
  'module' => 
  array (
    0 => 'api',
    1 => 'Slide',
    2 => 'getSlidedata',
  ),
)
[ info ] [ HEADER ] array (
  'accept-language' => 'zh-CN,zh;q=0.9,en;q=0.8,ja;q=0.7',
  'accept-encoding' => 'gzip, deflate',
  'referer' => 'http://test.hzmekq.com/',
  'content-type' => 'application/x-www-form-urlencoded; charset=UTF-8',
  'user-agent' => 'Mozilla/5.0 (Windows NT 10.0; Win64; x64) AppleWebKit/537.36 (KHTML, like Gecko) Chrome/75.0.3770.142 Safari/537.36',
  'origin' => 'http://test.hzmekq.com',
  'accept' => '*/*',
  'content-length' => '16',
  'connection' => 'keep-alive',
  'host' => 'api.dedaokq.com',
)
[ info ] [ PARAM ] array (
  'db_id' => '1',
  'cat_id' => '4',
)
[ info ] [ RUN ] app\api\controller\Slide->getSlidedata[ /home/wwwroot/admin/application/api/controller/Slide.php ]
[ info ] [ DB ] INIT mysql
[ info ] [ LOG ] INIT File
---------------------------------------------------------------
[ 2019-08-13T20:45:39+08:00 ] 59.42.87.186 POST /api/nav/getNavData
[ info ] api.dedaokq.com/api/nav/getNavData [运行时间：0.053007s][吞吐率：18.87req/s] [内存消耗：2,388.38kb] [文件加载：86]
[ info ] [ LANG ] /home/wwwroot/admin/thinkphp/lang/zh-cn.php
[ info ] [ ROUTE ] array (
  'type' => 'module',
  'module' => 
  array (
    0 => 'api',
    1 => 'nav',
    2 => 'getNavData',
  ),
)
[ info ] [ HEADER ] array (
  'accept-language' => 'zh-CN,zh;q=0.9,en;q=0.8,ja;q=0.7',
  'accept-encoding' => 'gzip, deflate',
  'referer' => 'http://test.hzmekq.com/',
  'content-type' => 'application/x-www-form-urlencoded; charset=UTF-8',
  'user-agent' => 'Mozilla/5.0 (Windows NT 10.0; Win64; x64) AppleWebKit/537.36 (KHTML, like Gecko) Chrome/75.0.3770.142 Safari/537.36',
  'origin' => 'http://test.hzmekq.com',
  'accept' => '*/*',
  'content-length' => '16',
  'connection' => 'keep-alive',
  'host' => 'api.dedaokq.com',
)
[ info ] [ PARAM ] array (
  'db_id' => '1',
  'cat_id' => '1',
)
[ info ] [ RUN ] app\api\controller\Nav->getNavData[ /home/wwwroot/admin/application/api/controller/Nav.php ]
[ info ] [ DB ] INIT mysql
[ info ] [ LOG ] INIT File
---------------------------------------------------------------
[ 2019-08-13T20:45:39+08:00 ] 59.42.87.186 POST /protal/Lists/getCategoryPostLists
[ info ] api.dedaokq.com/protal/Lists/getCategoryPostLists [运行时间：0.052904s][吞吐率：18.90req/s] [内存消耗：2,625.58kb] [文件加载：88]
[ info ] [ LANG ] /home/wwwroot/admin/thinkphp/lang/zh-cn.php
[ info ] [ ROUTE ] array (
  'type' => 'module',
  'module' => 
  array (
    0 => 'protal',
    1 => 'Lists',
    2 => 'getCategoryPostLists',
  ),
)
[ info ] [ HEADER ] array (
  'accept-language' => 'zh-CN,zh;q=0.9,en;q=0.8,ja;q=0.7',
  'accept-encoding' => 'gzip, deflate',
  'referer' => 'http://test.hzmekq.com/',
  'content-type' => 'application/x-www-form-urlencoded; charset=UTF-8',
  'user-agent' => 'Mozilla/5.0 (Windows NT 10.0; Win64; x64) AppleWebKit/537.36 (KHTML, like Gecko) Chrome/75.0.3770.142 Safari/537.36',
  'origin' => 'http://test.hzmekq.com',
  'accept' => '*/*',
  'content-length' => '48',
  'connection' => 'keep-alive',
  'host' => 'api.dedaokq.com',
)
[ info ] [ PARAM ] array (
  'db_id' => '1',
  'category_id' => '108',
  'is_recommended' => '1',
  'limit' => '4',
)
[ info ] [ RUN ] app\protal\controller\Lists->getCategoryPostLists[ /home/wwwroot/admin/application/protal/controller/Lists.php ]
[ info ] [ DB ] INIT mysql
[ info ] [ LOG ] INIT File
---------------------------------------------------------------
[ 2019-08-13T20:45:39+08:00 ] 59.42.87.186 POST /protal/Lists/getCategoryPostLists
[ info ] api.dedaokq.com/protal/Lists/getCategoryPostLists [运行时间：0.040660s][吞吐率：24.59req/s] [内存消耗：2,625.13kb] [文件加载：88]
[ info ] [ LANG ] /home/wwwroot/admin/thinkphp/lang/zh-cn.php
[ info ] [ ROUTE ] array (
  'type' => 'module',
  'module' => 
  array (
    0 => 'protal',
    1 => 'Lists',
    2 => 'getCategoryPostLists',
  ),
)
[ info ] [ HEADER ] array (
  'accept-language' => 'zh-CN,zh;q=0.9,en;q=0.8,ja;q=0.7',
  'accept-encoding' => 'gzip, deflate',
  'referer' => 'http://test.hzmekq.com/',
  'content-type' => 'application/x-www-form-urlencoded; charset=UTF-8',
  'user-agent' => 'Mozilla/5.0 (Windows NT 10.0; Win64; x64) AppleWebKit/537.36 (KHTML, like Gecko) Chrome/75.0.3770.142 Safari/537.36',
  'origin' => 'http://test.hzmekq.com',
  'accept' => '*/*',
  'content-length' => '40',
  'connection' => 'keep-alive',
  'host' => 'api.dedaokq.com',
)
[ info ] [ PARAM ] array (
  'db_id' => '1',
  'category_id' => '145',
  'is_top' => '1',
  'limit' => '2',
)
[ info ] [ RUN ] app\protal\controller\Lists->getCategoryPostLists[ /home/wwwroot/admin/application/protal/controller/Lists.php ]
[ info ] [ DB ] INIT mysql
[ info ] [ LOG ] INIT File
---------------------------------------------------------------
[ 2019-08-13T20:45:39+08:00 ] 59.42.87.186 POST /api/Slide/getSlidedata
[ info ] api.dedaokq.com/api/Slide/getSlidedata [运行时间：0.041102s][吞吐率：24.33req/s] [内存消耗：2,325.58kb] [文件加载：85]
[ info ] [ LANG ] /home/wwwroot/admin/thinkphp/lang/zh-cn.php
[ info ] [ ROUTE ] array (
  'type' => 'module',
  'module' => 
  array (
    0 => 'api',
    1 => 'Slide',
    2 => 'getSlidedata',
  ),
)
[ info ] [ HEADER ] array (
  'accept-language' => 'zh-CN,zh;q=0.9,en;q=0.8,ja;q=0.7',
  'accept-encoding' => 'gzip, deflate',
  'referer' => 'http://test.hzmekq.com/',
  'content-type' => 'application/x-www-form-urlencoded; charset=UTF-8',
  'user-agent' => 'Mozilla/5.0 (Windows NT 10.0; Win64; x64) AppleWebKit/537.36 (KHTML, like Gecko) Chrome/75.0.3770.142 Safari/537.36',
  'origin' => 'http://test.hzmekq.com',
  'accept' => '*/*',
  'content-length' => '17',
  'connection' => 'keep-alive',
  'host' => 'api.dedaokq.com',
)
[ info ] [ PARAM ] array (
  'db_id' => '1',
  'cat_id' => '29',
)
[ info ] [ RUN ] app\api\controller\Slide->getSlidedata[ /home/wwwroot/admin/application/api/controller/Slide.php ]
[ info ] [ DB ] INIT mysql
[ info ] [ LOG ] INIT File
---------------------------------------------------------------
[ 2019-08-13T20:45:39+08:00 ] 59.42.87.186 POST /department/Department/getDoctorList
[ info ] api.dedaokq.com/department/Department/getDoctorList [运行时间：0.055063s][吞吐率：18.16req/s] [内存消耗：2,614.33kb] [文件加载：88]
[ info ] [ LANG ] /home/wwwroot/admin/thinkphp/lang/zh-cn.php
[ info ] [ ROUTE ] array (
  'type' => 'module',
  'module' => 
  array (
    0 => 'department',
    1 => 'Department',
    2 => 'getDoctorList',
  ),
)
[ info ] [ HEADER ] array (
  'accept-language' => 'zh-CN,zh;q=0.9,en;q=0.8,ja;q=0.7',
  'accept-encoding' => 'gzip, deflate',
  'referer' => 'http://test.hzmekq.com/',
  'content-type' => 'application/x-www-form-urlencoded; charset=UTF-8',
  'user-agent' => 'Mozilla/5.0 (Windows NT 10.0; Win64; x64) AppleWebKit/537.36 (KHTML, like Gecko) Chrome/75.0.3770.142 Safari/537.36',
  'origin' => 'http://test.hzmekq.com',
  'accept' => '*/*',
  'content-length' => '40',
  'connection' => 'keep-alive',
  'host' => 'api.dedaokq.com',
)
[ info ] [ PARAM ] array (
  'db_id' => '1',
  'department_id' => '7',
  'is_recommended' => '1',
)
[ info ] [ RUN ] app\department\controller\Department->getDoctorList[ /home/wwwroot/admin/application/department/controller/Department.php ]
[ info ] [ DB ] INIT mysql
[ info ] [ LOG ] INIT File
---------------------------------------------------------------
[ 2019-08-13T20:45:39+08:00 ] 59.42.87.186 POST /protal/Lists/getCategoryPostLists
[ info ] api.dedaokq.com/protal/Lists/getCategoryPostLists [运行时间：0.039854s][吞吐率：25.09req/s] [内存消耗：2,629.77kb] [文件加载：88]
[ info ] [ LANG ] /home/wwwroot/admin/thinkphp/lang/zh-cn.php
[ info ] [ ROUTE ] array (
  'type' => 'module',
  'module' => 
  array (
    0 => 'protal',
    1 => 'Lists',
    2 => 'getCategoryPostLists',
  ),
)
[ info ] [ HEADER ] array (
  'accept-language' => 'zh-CN,zh;q=0.9,en;q=0.8,ja;q=0.7',
  'accept-encoding' => 'gzip, deflate',
  'referer' => 'http://test.hzmekq.com/',
  'content-type' => 'application/x-www-form-urlencoded; charset=UTF-8',
  'user-agent' => 'Mozilla/5.0 (Windows NT 10.0; Win64; x64) AppleWebKit/537.36 (KHTML, like Gecko) Chrome/75.0.3770.142 Safari/537.36',
  'origin' => 'http://test.hzmekq.com',
  'accept' => '*/*',
  'content-length' => '48',
  'connection' => 'keep-alive',
  'host' => 'api.dedaokq.com',
)
[ info ] [ PARAM ] array (
  'db_id' => '1',
  'category_id' => '145',
  'is_recommended' => '1',
  'limit' => '4',
)
[ info ] [ RUN ] app\protal\controller\Lists->getCategoryPostLists[ /home/wwwroot/admin/application/protal/controller/Lists.php ]
[ info ] [ DB ] INIT mysql
[ info ] [ LOG ] INIT File
---------------------------------------------------------------
[ 2019-08-13T20:45:39+08:00 ] 59.42.87.186 POST /api/index/indexItems
[ info ] api.dedaokq.com/api/index/indexItems [运行时间：0.070238s][吞吐率：14.24req/s] [内存消耗：2,731.34kb] [文件加载：91]
[ info ] [ LANG ] /home/wwwroot/admin/thinkphp/lang/zh-cn.php
[ info ] [ ROUTE ] array (
  'type' => 'module',
  'module' => 
  array (
    0 => 'api',
    1 => 'index',
    2 => 'indexItems',
  ),
)
[ info ] [ HEADER ] array (
  'accept-language' => 'zh-CN,zh;q=0.9,en;q=0.8,ja;q=0.7',
  'accept-encoding' => 'gzip, deflate',
  'referer' => 'http://test.hzmekq.com/',
  'content-type' => 'application/x-www-form-urlencoded; charset=UTF-8',
  'user-agent' => 'Mozilla/5.0 (Windows NT 10.0; Win64; x64) AppleWebKit/537.36 (KHTML, like Gecko) Chrome/75.0.3770.142 Safari/537.36',
  'origin' => 'http://test.hzmekq.com',
  'accept' => '*/*',
  'content-length' => '7',
  'connection' => 'keep-alive',
  'host' => 'api.dedaokq.com',
)
[ info ] [ PARAM ] array (
  'db_id' => '1',
)
[ info ] [ RUN ] app\api\controller\Index->indexItems[ /home/wwwroot/admin/application/api/controller/Index.php ]
[ info ] [ DB ] INIT mysql
[ info ] [ LOG ] INIT File
---------------------------------------------------------------
[ 2019-08-13T20:46:23+08:00 ] 59.42.87.186 POST /api/Setting/getSiteInfo
[ info ] api.dedaokq.com/api/Setting/getSiteInfo [运行时间：0.030307s][吞吐率：33.00req/s] [内存消耗：1,567.59kb] [文件加载：82]
[ info ] [ LANG ] /home/wwwroot/admin/thinkphp/lang/zh-cn.php
[ info ] [ ROUTE ] array (
  'type' => 'module',
  'module' => 
  array (
    0 => 'api',
    1 => 'Setting',
    2 => 'getSiteInfo',
  ),
)
[ info ] [ HEADER ] array (
  'accept-language' => 'zh-CN,zh;q=0.9,en;q=0.8,ja;q=0.7',
  'accept-encoding' => 'gzip, deflate',
  'referer' => 'http://test.hzmekq.com/',
  'content-type' => 'application/x-www-form-urlencoded; charset=UTF-8',
  'user-agent' => 'Mozilla/5.0 (Windows NT 10.0; Win64; x64) AppleWebKit/537.36 (KHTML, like Gecko) Chrome/75.0.3770.142 Safari/537.36',
  'origin' => 'http://test.hzmekq.com',
  'accept' => '*/*',
  'content-length' => '7',
  'connection' => 'keep-alive',
  'host' => 'api.dedaokq.com',
)
[ info ] [ PARAM ] array (
  'db_id' => '1',
)
[ info ] [ RUN ] app\api\controller\Setting->getSiteInfo[ /home/wwwroot/admin/application/api/controller/Setting.php ]
[ info ] [ CACHE ] INIT File
[ info ] [ LOG ] INIT File
---------------------------------------------------------------
[ 2019-08-13T20:46:23+08:00 ] 59.42.87.186 POST /api/nav/getNavData
[ info ] api.dedaokq.com/api/nav/getNavData [运行时间：0.036889s][吞吐率：27.11req/s] [内存消耗：2,388.38kb] [文件加载：86]
[ info ] [ LANG ] /home/wwwroot/admin/thinkphp/lang/zh-cn.php
[ info ] [ ROUTE ] array (
  'type' => 'module',
  'module' => 
  array (
    0 => 'api',
    1 => 'nav',
    2 => 'getNavData',
  ),
)
[ info ] [ HEADER ] array (
  'accept-language' => 'zh-CN,zh;q=0.9,en;q=0.8,ja;q=0.7',
  'accept-encoding' => 'gzip, deflate',
  'referer' => 'http://test.hzmekq.com/',
  'content-type' => 'application/x-www-form-urlencoded; charset=UTF-8',
  'user-agent' => 'Mozilla/5.0 (Windows NT 10.0; Win64; x64) AppleWebKit/537.36 (KHTML, like Gecko) Chrome/75.0.3770.142 Safari/537.36',
  'origin' => 'http://test.hzmekq.com',
  'accept' => '*/*',
  'content-length' => '16',
  'connection' => 'keep-alive',
  'host' => 'api.dedaokq.com',
)
[ info ] [ PARAM ] array (
  'db_id' => '1',
  'cat_id' => '1',
)
[ info ] [ RUN ] app\api\controller\Nav->getNavData[ /home/wwwroot/admin/application/api/controller/Nav.php ]
[ info ] [ DB ] INIT mysql
[ info ] [ LOG ] INIT File
---------------------------------------------------------------
[ 2019-08-13T20:46:23+08:00 ] 59.42.87.186 POST /api/Slide/getSlidedata
[ info ] api.dedaokq.com/api/Slide/getSlidedata [运行时间：0.045384s][吞吐率：22.03req/s] [内存消耗：2,322.69kb] [文件加载：85]
[ info ] [ LANG ] /home/wwwroot/admin/thinkphp/lang/zh-cn.php
[ info ] [ ROUTE ] array (
  'type' => 'module',
  'module' => 
  array (
    0 => 'api',
    1 => 'Slide',
    2 => 'getSlidedata',
  ),
)
[ info ] [ HEADER ] array (
  'accept-language' => 'zh-CN,zh;q=0.9,en;q=0.8,ja;q=0.7',
  'accept-encoding' => 'gzip, deflate',
  'referer' => 'http://test.hzmekq.com/',
  'content-type' => 'application/x-www-form-urlencoded; charset=UTF-8',
  'user-agent' => 'Mozilla/5.0 (Windows NT 10.0; Win64; x64) AppleWebKit/537.36 (KHTML, like Gecko) Chrome/75.0.3770.142 Safari/537.36',
  'origin' => 'http://test.hzmekq.com',
  'accept' => '*/*',
  'content-length' => '17',
  'connection' => 'keep-alive',
  'host' => 'api.dedaokq.com',
)
[ info ] [ PARAM ] array (
  'db_id' => '1',
  'cat_id' => '28',
)
[ info ] [ RUN ] app\api\controller\Slide->getSlidedata[ /home/wwwroot/admin/application/api/controller/Slide.php ]
[ info ] [ DB ] INIT mysql
[ info ] [ LOG ] INIT File
---------------------------------------------------------------
[ 2019-08-13T20:46:23+08:00 ] 59.42.87.186 POST /api/Slide/getSlidedata
[ info ] api.dedaokq.com/api/Slide/getSlidedata [运行时间：0.046023s][吞吐率：21.73req/s] [内存消耗：2,324.16kb] [文件加载：85]
[ info ] [ LANG ] /home/wwwroot/admin/thinkphp/lang/zh-cn.php
[ info ] [ ROUTE ] array (
  'type' => 'module',
  'module' => 
  array (
    0 => 'api',
    1 => 'Slide',
    2 => 'getSlidedata',
  ),
)
[ info ] [ HEADER ] array (
  'accept-language' => 'zh-CN,zh;q=0.9,en;q=0.8,ja;q=0.7',
  'accept-encoding' => 'gzip, deflate',
  'referer' => 'http://test.hzmekq.com/',
  'content-type' => 'application/x-www-form-urlencoded; charset=UTF-8',
  'user-agent' => 'Mozilla/5.0 (Windows NT 10.0; Win64; x64) AppleWebKit/537.36 (KHTML, like Gecko) Chrome/75.0.3770.142 Safari/537.36',
  'origin' => 'http://test.hzmekq.com',
  'accept' => '*/*',
  'content-length' => '16',
  'connection' => 'keep-alive',
  'host' => 'api.dedaokq.com',
)
[ info ] [ PARAM ] array (
  'db_id' => '1',
  'cat_id' => '4',
)
[ info ] [ RUN ] app\api\controller\Slide->getSlidedata[ /home/wwwroot/admin/application/api/controller/Slide.php ]
[ info ] [ DB ] INIT mysql
[ info ] [ LOG ] INIT File
---------------------------------------------------------------
[ 2019-08-13T20:46:23+08:00 ] 59.42.87.186 POST /api/Link/getLinkData
[ info ] api.dedaokq.com/api/Link/getLinkData [运行时间：0.053481s][吞吐率：18.70req/s] [内存消耗：2,317.44kb] [文件加载：85]
[ info ] [ LANG ] /home/wwwroot/admin/thinkphp/lang/zh-cn.php
[ info ] [ ROUTE ] array (
  'type' => 'module',
  'module' => 
  array (
    0 => 'api',
    1 => 'Link',
    2 => 'getLinkData',
  ),
)
[ info ] [ HEADER ] array (
  'accept-language' => 'zh-CN,zh;q=0.9,en;q=0.8,ja;q=0.7',
  'accept-encoding' => 'gzip, deflate',
  'referer' => 'http://test.hzmekq.com/',
  'content-type' => 'application/x-www-form-urlencoded; charset=UTF-8',
  'user-agent' => 'Mozilla/5.0 (Windows NT 10.0; Win64; x64) AppleWebKit/537.36 (KHTML, like Gecko) Chrome/75.0.3770.142 Safari/537.36',
  'origin' => 'http://test.hzmekq.com',
  'accept' => '*/*',
  'content-length' => '7',
  'connection' => 'keep-alive',
  'host' => 'api.dedaokq.com',
)
[ info ] [ PARAM ] array (
  'db_id' => '1',
)
[ info ] [ RUN ] app\api\controller\Link->getLinkData[ /home/wwwroot/admin/application/api/controller/Link.php ]
[ info ] [ DB ] INIT mysql
[ info ] [ LOG ] INIT File
---------------------------------------------------------------
[ 2019-08-13T20:46:23+08:00 ] 59.42.87.186 POST /protal/Lists/getCategoryPostLists
[ info ] api.dedaokq.com/protal/Lists/getCategoryPostLists [运行时间：0.032925s][吞吐率：30.37req/s] [内存消耗：2,625.58kb] [文件加载：88]
[ info ] [ LANG ] /home/wwwroot/admin/thinkphp/lang/zh-cn.php
[ info ] [ ROUTE ] array (
  'type' => 'module',
  'module' => 
  array (
    0 => 'protal',
    1 => 'Lists',
    2 => 'getCategoryPostLists',
  ),
)
[ info ] [ HEADER ] array (
  'accept-language' => 'zh-CN,zh;q=0.9,en;q=0.8,ja;q=0.7',
  'accept-encoding' => 'gzip, deflate',
  'referer' => 'http://test.hzmekq.com/',
  'content-type' => 'application/x-www-form-urlencoded; charset=UTF-8',
  'user-agent' => 'Mozilla/5.0 (Windows NT 10.0; Win64; x64) AppleWebKit/537.36 (KHTML, like Gecko) Chrome/75.0.3770.142 Safari/537.36',
  'origin' => 'http://test.hzmekq.com',
  'accept' => '*/*',
  'content-length' => '48',
  'connection' => 'keep-alive',
  'host' => 'api.dedaokq.com',
)
[ info ] [ PARAM ] array (
  'db_id' => '1',
  'category_id' => '108',
  'is_recommended' => '1',
  'limit' => '4',
)
[ info ] [ RUN ] app\protal\controller\Lists->getCategoryPostLists[ /home/wwwroot/admin/application/protal/controller/Lists.php ]
[ info ] [ DB ] INIT mysql
[ info ] [ LOG ] INIT File
---------------------------------------------------------------
[ 2019-08-13T20:46:23+08:00 ] 59.42.87.186 POST /api/index/indexItems
[ info ] api.dedaokq.com/api/index/indexItems [运行时间：0.052383s][吞吐率：19.09req/s] [内存消耗：2,731.34kb] [文件加载：91]
[ info ] [ LANG ] /home/wwwroot/admin/thinkphp/lang/zh-cn.php
[ info ] [ ROUTE ] array (
  'type' => 'module',
  'module' => 
  array (
    0 => 'api',
    1 => 'index',
    2 => 'indexItems',
  ),
)
[ info ] [ HEADER ] array (
  'accept-language' => 'zh-CN,zh;q=0.9,en;q=0.8,ja;q=0.7',
  'accept-encoding' => 'gzip, deflate',
  'referer' => 'http://test.hzmekq.com/',
  'content-type' => 'application/x-www-form-urlencoded; charset=UTF-8',
  'user-agent' => 'Mozilla/5.0 (Windows NT 10.0; Win64; x64) AppleWebKit/537.36 (KHTML, like Gecko) Chrome/75.0.3770.142 Safari/537.36',
  'origin' => 'http://test.hzmekq.com',
  'accept' => '*/*',
  'content-length' => '7',
  'connection' => 'keep-alive',
  'host' => 'api.dedaokq.com',
)
[ info ] [ PARAM ] array (
  'db_id' => '1',
)
[ info ] [ RUN ] app\api\controller\Index->indexItems[ /home/wwwroot/admin/application/api/controller/Index.php ]
[ info ] [ DB ] INIT mysql
[ info ] [ LOG ] INIT File
---------------------------------------------------------------
[ 2019-08-13T20:46:23+08:00 ] 59.42.87.186 POST /api/Slide/getSlidedata
[ info ] api.dedaokq.com/api/Slide/getSlidedata [运行时间：0.033468s][吞吐率：29.88req/s] [内存消耗：2,325.58kb] [文件加载：85]
[ info ] [ LANG ] /home/wwwroot/admin/thinkphp/lang/zh-cn.php
[ info ] [ ROUTE ] array (
  'type' => 'module',
  'module' => 
  array (
    0 => 'api',
    1 => 'Slide',
    2 => 'getSlidedata',
  ),
)
[ info ] [ HEADER ] array (
  'accept-language' => 'zh-CN,zh;q=0.9,en;q=0.8,ja;q=0.7',
  'accept-encoding' => 'gzip, deflate',
  'referer' => 'http://test.hzmekq.com/',
  'content-type' => 'application/x-www-form-urlencoded; charset=UTF-8',
  'user-agent' => 'Mozilla/5.0 (Windows NT 10.0; Win64; x64) AppleWebKit/537.36 (KHTML, like Gecko) Chrome/75.0.3770.142 Safari/537.36',
  'origin' => 'http://test.hzmekq.com',
  'accept' => '*/*',
  'content-length' => '17',
  'connection' => 'keep-alive',
  'host' => 'api.dedaokq.com',
)
[ info ] [ PARAM ] array (
  'db_id' => '1',
  'cat_id' => '29',
)
[ info ] [ RUN ] app\api\controller\Slide->getSlidedata[ /home/wwwroot/admin/application/api/controller/Slide.php ]
[ info ] [ DB ] INIT mysql
[ info ] [ LOG ] INIT File
---------------------------------------------------------------
[ 2019-08-13T20:46:23+08:00 ] 59.42.87.186 POST /protal/Lists/getCategoryPostLists
[ info ] api.dedaokq.com/protal/Lists/getCategoryPostLists [运行时间：0.039164s][吞吐率：25.53req/s] [内存消耗：2,629.77kb] [文件加载：88]
[ info ] [ LANG ] /home/wwwroot/admin/thinkphp/lang/zh-cn.php
[ info ] [ ROUTE ] array (
  'type' => 'module',
  'module' => 
  array (
    0 => 'protal',
    1 => 'Lists',
    2 => 'getCategoryPostLists',
  ),
)
[ info ] [ HEADER ] array (
  'accept-language' => 'zh-CN,zh;q=0.9,en;q=0.8,ja;q=0.7',
  'accept-encoding' => 'gzip, deflate',
  'referer' => 'http://test.hzmekq.com/',
  'content-type' => 'application/x-www-form-urlencoded; charset=UTF-8',
  'user-agent' => 'Mozilla/5.0 (Windows NT 10.0; Win64; x64) AppleWebKit/537.36 (KHTML, like Gecko) Chrome/75.0.3770.142 Safari/537.36',
  'origin' => 'http://test.hzmekq.com',
  'accept' => '*/*',
  'content-length' => '48',
  'connection' => 'keep-alive',
  'host' => 'api.dedaokq.com',
)
[ info ] [ PARAM ] array (
  'db_id' => '1',
  'category_id' => '145',
  'is_recommended' => '1',
  'limit' => '4',
)
[ info ] [ RUN ] app\protal\controller\Lists->getCategoryPostLists[ /home/wwwroot/admin/application/protal/controller/Lists.php ]
[ info ] [ DB ] INIT mysql
[ info ] [ LOG ] INIT File
---------------------------------------------------------------
[ 2019-08-13T20:46:23+08:00 ] 59.42.87.186 POST /department/Department/getDoctorList
[ info ] api.dedaokq.com/department/Department/getDoctorList [运行时间：0.039558s][吞吐率：25.28req/s] [内存消耗：2,614.33kb] [文件加载：88]
[ info ] [ LANG ] /home/wwwroot/admin/thinkphp/lang/zh-cn.php
[ info ] [ ROUTE ] array (
  'type' => 'module',
  'module' => 
  array (
    0 => 'department',
    1 => 'Department',
    2 => 'getDoctorList',
  ),
)
[ info ] [ HEADER ] array (
  'accept-language' => 'zh-CN,zh;q=0.9,en;q=0.8,ja;q=0.7',
  'accept-encoding' => 'gzip, deflate',
  'referer' => 'http://test.hzmekq.com/',
  'content-type' => 'application/x-www-form-urlencoded; charset=UTF-8',
  'user-agent' => 'Mozilla/5.0 (Windows NT 10.0; Win64; x64) AppleWebKit/537.36 (KHTML, like Gecko) Chrome/75.0.3770.142 Safari/537.36',
  'origin' => 'http://test.hzmekq.com',
  'accept' => '*/*',
  'content-length' => '40',
  'connection' => 'keep-alive',
  'host' => 'api.dedaokq.com',
)
[ info ] [ PARAM ] array (
  'db_id' => '1',
  'department_id' => '7',
  'is_recommended' => '1',
)
[ info ] [ RUN ] app\department\controller\Department->getDoctorList[ /home/wwwroot/admin/application/department/controller/Department.php ]
[ info ] [ DB ] INIT mysql
[ info ] [ LOG ] INIT File
---------------------------------------------------------------
[ 2019-08-13T20:46:23+08:00 ] 59.42.87.186 POST /protal/Lists/getCategoryPostLists
[ info ] api.dedaokq.com/protal/Lists/getCategoryPostLists [运行时间：0.036174s][吞吐率：27.64req/s] [内存消耗：2,625.13kb] [文件加载：88]
[ info ] [ LANG ] /home/wwwroot/admin/thinkphp/lang/zh-cn.php
[ info ] [ ROUTE ] array (
  'type' => 'module',
  'module' => 
  array (
    0 => 'protal',
    1 => 'Lists',
    2 => 'getCategoryPostLists',
  ),
)
[ info ] [ HEADER ] array (
  'accept-language' => 'zh-CN,zh;q=0.9,en;q=0.8,ja;q=0.7',
  'accept-encoding' => 'gzip, deflate',
  'referer' => 'http://test.hzmekq.com/',
  'content-type' => 'application/x-www-form-urlencoded; charset=UTF-8',
  'user-agent' => 'Mozilla/5.0 (Windows NT 10.0; Win64; x64) AppleWebKit/537.36 (KHTML, like Gecko) Chrome/75.0.3770.142 Safari/537.36',
  'origin' => 'http://test.hzmekq.com',
  'accept' => '*/*',
  'content-length' => '40',
  'connection' => 'keep-alive',
  'host' => 'api.dedaokq.com',
)
[ info ] [ PARAM ] array (
  'db_id' => '1',
  'category_id' => '145',
  'is_top' => '1',
  'limit' => '2',
)
[ info ] [ RUN ] app\protal\controller\Lists->getCategoryPostLists[ /home/wwwroot/admin/application/protal/controller/Lists.php ]
[ info ] [ DB ] INIT mysql
[ info ] [ LOG ] INIT File
---------------------------------------------------------------
[ 2019-08-13T21:24:46+08:00 ] 59.42.87.186 GET /admin/Login/captcha?0.7686367594671109
[ info ] admin.dedaokq.com/admin/Login/captcha?0.7686367594671109 [运行时间：0.020639s][吞吐率：48.45req/s] [内存消耗：1,629.21kb] [文件加载：80]
[ info ] [ LANG ] /home/wwwroot/admin/thinkphp/lang/zh-cn.php
[ info ] [ ROUTE ] array (
  'type' => 'module',
  'module' => 
  array (
    0 => 'admin',
    1 => 'Login',
    2 => 'captcha',
  ),
)
[ info ] [ HEADER ] array (
  'accept-language' => 'zh-CN,zh;q=0.9,en;q=0.8,ja;q=0.7',
  'accept-encoding' => 'gzip, deflate',
  'referer' => 'http://localhost:8080/',
  'accept' => 'image/webp,image/apng,image/*,*/*;q=0.8',
  'user-agent' => 'Mozilla/5.0 (Windows NT 10.0; Win64; x64) AppleWebKit/537.36 (KHTML, like Gecko) Chrome/75.0.3770.142 Safari/537.36',
  'cache-control' => 'no-cache',
  'pragma' => 'no-cache',
  'connection' => 'keep-alive',
  'host' => 'admin.dedaokq.com',
  'content-type' => '',
  'content-length' => '',
)
[ info ] [ PARAM ] array (
  '0_7686367594671109' => '',
)
[ info ] [ RUN ] app\admin\controller\Login->captcha[ /home/wwwroot/admin/application/admin/controller/Login.php ]
[ info ] [ LOG ] INIT File
---------------------------------------------------------------
[ 2019-08-13T21:25:11+08:00 ] 59.42.87.186 GET /admin/Login/captcha?0.36841325230534894
[ info ] admin.dedaokq.com/admin/Login/captcha?0.36841325230534894 [运行时间：0.020257s][吞吐率：49.37req/s] [内存消耗：1,627.47kb] [文件加载：80]
[ info ] [ LANG ] /home/wwwroot/admin/thinkphp/lang/zh-cn.php
[ info ] [ ROUTE ] array (
  'type' => 'module',
  'module' => 
  array (
    0 => 'admin',
    1 => 'Login',
    2 => 'captcha',
  ),
)
[ info ] [ HEADER ] array (
  'accept-language' => 'zh-CN,zh;q=0.9,en;q=0.8,ja;q=0.7',
  'accept-encoding' => 'gzip, deflate',
  'referer' => 'http://localhost:8080/',
  'accept' => 'image/webp,image/apng,image/*,*/*;q=0.8',
  'user-agent' => 'Mozilla/5.0 (Windows NT 10.0; Win64; x64) AppleWebKit/537.36 (KHTML, like Gecko) Chrome/75.0.3770.142 Safari/537.36',
  'connection' => 'keep-alive',
  'host' => 'admin.dedaokq.com',
  'content-type' => '',
  'content-length' => '',
)
[ info ] [ PARAM ] array (
  '0_36841325230534894' => '',
)
[ info ] [ RUN ] app\admin\controller\Login->captcha[ /home/wwwroot/admin/application/admin/controller/Login.php ]
[ info ] [ LOG ] INIT File
---------------------------------------------------------------
[ 2019-08-13T21:25:26+08:00 ] 59.42.87.186 GET /admin/Login/captcha?0.7293625976041453
[ info ] admin.dedaokq.com/admin/Login/captcha?0.7293625976041453 [运行时间：0.020495s][吞吐率：48.79req/s] [内存消耗：1,627.44kb] [文件加载：80]
[ info ] [ LANG ] /home/wwwroot/admin/thinkphp/lang/zh-cn.php
[ info ] [ ROUTE ] array (
  'type' => 'module',
  'module' => 
  array (
    0 => 'admin',
    1 => 'Login',
    2 => 'captcha',
  ),
)
[ info ] [ HEADER ] array (
  'accept-language' => 'zh-CN,zh;q=0.9,en;q=0.8,ja;q=0.7',
  'accept-encoding' => 'gzip, deflate',
  'referer' => 'http://localhost:8080/',
  'accept' => 'image/webp,image/apng,image/*,*/*;q=0.8',
  'user-agent' => 'Mozilla/5.0 (Windows NT 10.0; Win64; x64) AppleWebKit/537.36 (KHTML, like Gecko) Chrome/75.0.3770.142 Safari/537.36',
  'connection' => 'keep-alive',
  'host' => 'admin.dedaokq.com',
  'content-type' => '',
  'content-length' => '',
)
[ info ] [ PARAM ] array (
  '0_7293625976041453' => '',
)
[ info ] [ RUN ] app\admin\controller\Login->captcha[ /home/wwwroot/admin/application/admin/controller/Login.php ]
[ info ] [ LOG ] INIT File
---------------------------------------------------------------
[ 2019-08-13T21:25:46+08:00 ] 59.42.87.186 GET /admin/Login/captcha?0.7293625976041453
[ info ] admin.dedaokq.com/admin/Login/captcha?0.7293625976041453 [运行时间：0.020300s][吞吐率：49.26req/s] [内存消耗：1,627.77kb] [文件加载：80]
[ info ] [ LANG ] /home/wwwroot/admin/thinkphp/lang/zh-cn.php
[ info ] [ ROUTE ] array (
  'type' => 'module',
  'module' => 
  array (
    0 => 'admin',
    1 => 'Login',
    2 => 'captcha',
  ),
)
[ info ] [ HEADER ] array (
  'accept-language' => 'zh-CN,zh;q=0.9,en;q=0.8,ja;q=0.7',
  'accept-encoding' => 'gzip, deflate',
  'accept' => 'text/html,application/xhtml+xml,application/xml;q=0.9,image/webp,image/apng,*/*;q=0.8,application/signed-exchange;v=b3',
  'user-agent' => 'Mozilla/5.0 (Windows NT 10.0; Win64; x64) AppleWebKit/537.36 (KHTML, like Gecko) Chrome/75.0.3770.142 Safari/537.36',
  'upgrade-insecure-requests' => '1',
  'connection' => 'keep-alive',
  'host' => 'admin.dedaokq.com',
  'content-type' => '',
  'content-length' => '',
)
[ info ] [ PARAM ] array (
  '0_7293625976041453' => '',
)
[ info ] [ RUN ] app\admin\controller\Login->captcha[ /home/wwwroot/admin/application/admin/controller/Login.php ]
[ info ] [ LOG ] INIT File
