---------------------------------------------------------------
[ 2019-08-14T02:21:00+08:00 ] 59.42.87.186 GET /
[ info ] admin.dedaokq.com/ [运行时间：0.018675s][吞吐率：53.55req/s] [内存消耗：1,730.55kb] [文件加载：81]
[ info ] [ LANG ] /home/wwwroot/admin/thinkphp/lang/zh-cn.php
[ info ] [ ROUTE ] array (
  'type' => 'module',
  'module' => 
  array (
    0 => '',
    1 => NULL,
    2 => NULL,
  ),
)
[ info ] [ HEADER ] array (
  'accept-language' => 'zh-CN,zh;q=0.9,en;q=0.8,ja;q=0.7',
  'accept-encoding' => 'gzip, deflate',
  'accept' => 'text/html,application/xhtml+xml,application/xml;q=0.9,image/webp,image/apng,*/*;q=0.8,application/signed-exchange;v=b3',
  'user-agent' => 'Mozilla/5.0 (Windows NT 10.0; Win64; x64) AppleWebKit/537.36 (KHTML, like Gecko) Chrome/75.0.3770.142 Safari/537.36',
  'upgrade-insecure-requests' => '1',
  'connection' => 'keep-alive',
  'host' => 'admin.dedaokq.com',
  'content-type' => '',
  'content-length' => '',
)
[ info ] [ PARAM ] array (
)
[ info ] [ RUN ] app\index\controller\Index->index[ /home/wwwroot/admin/application/index/controller/Index.php ]
[ info ] [ VIEW ] ../template/admin/index.html [ array (
) ]
[ info ] [ LOG ] INIT File
---------------------------------------------------------------
[ 2019-08-14T02:21:02+08:00 ] 59.42.87.186 GET /admin/Login/captcha?0.012078917907718534
[ info ] admin.dedaokq.com/admin/Login/captcha?0.012078917907718534 [运行时间：0.022476s][吞吐率：44.49req/s] [内存消耗：1,627.48kb] [文件加载：80]
[ info ] [ LANG ] /home/wwwroot/admin/thinkphp/lang/zh-cn.php
[ info ] [ ROUTE ] array (
  'type' => 'module',
  'module' => 
  array (
    0 => 'admin',
    1 => 'Login',
    2 => 'captcha',
  ),
)
[ info ] [ HEADER ] array (
  'accept-language' => 'zh-CN,zh;q=0.9,en;q=0.8,ja;q=0.7',
  'accept-encoding' => 'gzip, deflate',
  'referer' => 'http://admin.dedaokq.com/',
  'accept' => 'image/webp,image/apng,image/*,*/*;q=0.8',
  'user-agent' => 'Mozilla/5.0 (Windows NT 10.0; Win64; x64) AppleWebKit/537.36 (KHTML, like Gecko) Chrome/75.0.3770.142 Safari/537.36',
  'connection' => 'keep-alive',
  'host' => 'admin.dedaokq.com',
  'content-type' => '',
  'content-length' => '',
)
[ info ] [ PARAM ] array (
  '0_012078917907718534' => '',
)
[ info ] [ RUN ] app\admin\controller\Login->captcha[ /home/wwwroot/admin/application/admin/controller/Login.php ]
[ info ] [ LOG ] INIT File
---------------------------------------------------------------
[ 2019-08-14T02:21:10+08:00 ] 59.42.87.186 POST /admin/Login/doLogin
[ info ] admin.dedaokq.com/admin/Login/doLogin [运行时间：0.019361s][吞吐率：51.65req/s] [内存消耗：1,708.06kb] [文件加载：82]
[ info ] [ LANG ] /home/wwwroot/admin/thinkphp/lang/zh-cn.php
[ info ] [ ROUTE ] array (
  'type' => 'module',
  'module' => 
  array (
    0 => 'admin',
    1 => 'Login',
    2 => 'doLogin',
  ),
)
[ info ] [ HEADER ] array (
  'accept-language' => 'zh-CN,zh;q=0.9,en;q=0.8,ja;q=0.7',
  'accept-encoding' => 'gzip, deflate',
  'referer' => 'http://admin.dedaokq.com/',
  'content-type' => 'application/json;charset=UTF-8',
  'user-agent' => 'Mozilla/5.0 (Windows NT 10.0; Win64; x64) AppleWebKit/537.36 (KHTML, like Gecko) Chrome/75.0.3770.142 Safari/537.36',
  'x-requested-with' => 'XMLHttpRequest',
  'origin' => 'http://admin.dedaokq.com',
  'accept' => 'application/json, text/plain, */*',
  'content-length' => '70',
  'connection' => 'keep-alive',
  'host' => 'admin.dedaokq.com',
)
[ info ] [ PARAM ] array (
  'username' => 'admin',
  'password' => '123456',
  'captcha' => '68良心',
  'db' => '1',
)
[ info ] [ RUN ] app\admin\controller\Login->doLogin[ /home/wwwroot/admin/application/admin/controller/Login.php ]
[ info ] [ LOG ] INIT File
---------------------------------------------------------------
[ 2019-08-14T02:21:10+08:00 ] 59.42.87.186 GET /admin/Login/captcha?0.5828095191716145
[ info ] admin.dedaokq.com/admin/Login/captcha?0.5828095191716145 [运行时间：0.020472s][吞吐率：48.85req/s] [内存消耗：1,627.45kb] [文件加载：80]
[ info ] [ LANG ] /home/wwwroot/admin/thinkphp/lang/zh-cn.php
[ info ] [ ROUTE ] array (
  'type' => 'module',
  'module' => 
  array (
    0 => 'admin',
    1 => 'Login',
    2 => 'captcha',
  ),
)
[ info ] [ HEADER ] array (
  'accept-language' => 'zh-CN,zh;q=0.9,en;q=0.8,ja;q=0.7',
  'accept-encoding' => 'gzip, deflate',
  'referer' => 'http://admin.dedaokq.com/',
  'accept' => 'image/webp,image/apng,image/*,*/*;q=0.8',
  'user-agent' => 'Mozilla/5.0 (Windows NT 10.0; Win64; x64) AppleWebKit/537.36 (KHTML, like Gecko) Chrome/75.0.3770.142 Safari/537.36',
  'connection' => 'keep-alive',
  'host' => 'admin.dedaokq.com',
  'content-type' => '',
  'content-length' => '',
)
[ info ] [ PARAM ] array (
  '0_5828095191716145' => '',
)
[ info ] [ RUN ] app\admin\controller\Login->captcha[ /home/wwwroot/admin/application/admin/controller/Login.php ]
[ info ] [ LOG ] INIT File
---------------------------------------------------------------
[ 2019-08-14T02:21:18+08:00 ] 59.42.87.186 POST /admin/Login/doLogin
[ info ] admin.dedaokq.com/admin/Login/doLogin [运行时间：0.027168s][吞吐率：36.81req/s] [内存消耗：2,464.66kb] [文件加载：88]
[ info ] [ LANG ] /home/wwwroot/admin/thinkphp/lang/zh-cn.php
[ info ] [ ROUTE ] array (
  'type' => 'module',
  'module' => 
  array (
    0 => 'admin',
    1 => 'Login',
    2 => 'doLogin',
  ),
)
[ info ] [ HEADER ] array (
  'accept-language' => 'zh-CN,zh;q=0.9,en;q=0.8,ja;q=0.7',
  'accept-encoding' => 'gzip, deflate',
  'referer' => 'http://admin.dedaokq.com/',
  'content-type' => 'application/json;charset=UTF-8',
  'user-agent' => 'Mozilla/5.0 (Windows NT 10.0; Win64; x64) AppleWebKit/537.36 (KHTML, like Gecko) Chrome/75.0.3770.142 Safari/537.36',
  'x-requested-with' => 'XMLHttpRequest',
  'origin' => 'http://admin.dedaokq.com',
  'accept' => 'application/json, text/plain, */*',
  'content-length' => '67',
  'connection' => 'keep-alive',
  'host' => 'admin.dedaokq.com',
)
[ info ] [ PARAM ] array (
  'username' => 'admin',
  'password' => '123456',
  'captcha' => 'dn7tn',
  'db' => '1',
)
[ info ] [ RUN ] app\admin\controller\Login->doLogin[ /home/wwwroot/admin/application/admin/controller/Login.php ]
[ info ] [ DB ] INIT mysql
[ info ] [ LOG ] INIT File
---------------------------------------------------------------
[ 2019-08-14T02:21:18+08:00 ] 59.42.87.186 GET /admin/Login/captcha?0.3899759007356738
[ info ] admin.dedaokq.com/admin/Login/captcha?0.3899759007356738 [运行时间：0.019564s][吞吐率：51.11req/s] [内存消耗：1,627.45kb] [文件加载：80]
[ info ] [ LANG ] /home/wwwroot/admin/thinkphp/lang/zh-cn.php
[ info ] [ ROUTE ] array (
  'type' => 'module',
  'module' => 
  array (
    0 => 'admin',
    1 => 'Login',
    2 => 'captcha',
  ),
)
[ info ] [ HEADER ] array (
  'accept-language' => 'zh-CN,zh;q=0.9,en;q=0.8,ja;q=0.7',
  'accept-encoding' => 'gzip, deflate',
  'referer' => 'http://admin.dedaokq.com/',
  'accept' => 'image/webp,image/apng,image/*,*/*;q=0.8',
  'user-agent' => 'Mozilla/5.0 (Windows NT 10.0; Win64; x64) AppleWebKit/537.36 (KHTML, like Gecko) Chrome/75.0.3770.142 Safari/537.36',
  'connection' => 'keep-alive',
  'host' => 'admin.dedaokq.com',
  'content-type' => '',
  'content-length' => '',
)
[ info ] [ PARAM ] array (
  '0_3899759007356738' => '',
)
[ info ] [ RUN ] app\admin\controller\Login->captcha[ /home/wwwroot/admin/application/admin/controller/Login.php ]
[ info ] [ LOG ] INIT File
---------------------------------------------------------------
[ 2019-08-14T02:21:26+08:00 ] 59.42.87.186 POST /admin/Login/doLogin
[ info ] admin.dedaokq.com/admin/Login/doLogin [运行时间：0.027585s][吞吐率：36.25req/s] [内存消耗：2,464.68kb] [文件加载：88]
[ info ] [ LANG ] /home/wwwroot/admin/thinkphp/lang/zh-cn.php
[ info ] [ ROUTE ] array (
  'type' => 'module',
  'module' => 
  array (
    0 => 'admin',
    1 => 'Login',
    2 => 'doLogin',
  ),
)
[ info ] [ HEADER ] array (
  'accept-language' => 'zh-CN,zh;q=0.9,en;q=0.8,ja;q=0.7',
  'accept-encoding' => 'gzip, deflate',
  'referer' => 'http://admin.dedaokq.com/',
  'content-type' => 'application/json;charset=UTF-8',
  'user-agent' => 'Mozilla/5.0 (Windows NT 10.0; Win64; x64) AppleWebKit/537.36 (KHTML, like Gecko) Chrome/75.0.3770.142 Safari/537.36',
  'x-requested-with' => 'XMLHttpRequest',
  'origin' => 'http://admin.dedaokq.com',
  'accept' => 'application/json, text/plain, */*',
  'content-length' => '72',
  'connection' => 'keep-alive',
  'host' => 'admin.dedaokq.com',
)
[ info ] [ PARAM ] array (
  'username' => 'admin',
  'password' => 'admin123456',
  'captcha' => 'd6tt6',
  'db' => '1',
)
[ info ] [ RUN ] app\admin\controller\Login->doLogin[ /home/wwwroot/admin/application/admin/controller/Login.php ]
[ info ] [ DB ] INIT mysql
[ info ] [ LOG ] INIT File
---------------------------------------------------------------
[ 2019-08-14T02:21:26+08:00 ] 59.42.87.186 GET /admin/Login/captcha?0.41511089943147206
[ info ] admin.dedaokq.com/admin/Login/captcha?0.41511089943147206 [运行时间：0.020378s][吞吐率：49.07req/s] [内存消耗：1,627.48kb] [文件加载：80]
[ info ] [ LANG ] /home/wwwroot/admin/thinkphp/lang/zh-cn.php
[ info ] [ ROUTE ] array (
  'type' => 'module',
  'module' => 
  array (
    0 => 'admin',
    1 => 'Login',
    2 => 'captcha',
  ),
)
[ info ] [ HEADER ] array (
  'accept-language' => 'zh-CN,zh;q=0.9,en;q=0.8,ja;q=0.7',
  'accept-encoding' => 'gzip, deflate',
  'referer' => 'http://admin.dedaokq.com/',
  'accept' => 'image/webp,image/apng,image/*,*/*;q=0.8',
  'user-agent' => 'Mozilla/5.0 (Windows NT 10.0; Win64; x64) AppleWebKit/537.36 (KHTML, like Gecko) Chrome/75.0.3770.142 Safari/537.36',
  'connection' => 'keep-alive',
  'host' => 'admin.dedaokq.com',
  'content-type' => '',
  'content-length' => '',
)
[ info ] [ PARAM ] array (
  '0_41511089943147206' => '',
)
[ info ] [ RUN ] app\admin\controller\Login->captcha[ /home/wwwroot/admin/application/admin/controller/Login.php ]
[ info ] [ LOG ] INIT File
---------------------------------------------------------------
[ 2019-08-14T02:21:55+08:00 ] 59.42.87.186 POST /admin/Login/doLogin
[ info ] admin.dedaokq.com/admin/Login/doLogin [运行时间：0.027026s][吞吐率：37.00req/s] [内存消耗：2,464.68kb] [文件加载：88]
[ info ] [ LANG ] /home/wwwroot/admin/thinkphp/lang/zh-cn.php
[ info ] [ ROUTE ] array (
  'type' => 'module',
  'module' => 
  array (
    0 => 'admin',
    1 => 'Login',
    2 => 'doLogin',
  ),
)
[ info ] [ HEADER ] array (
  'accept-language' => 'zh-CN,zh;q=0.9,en;q=0.8,ja;q=0.7',
  'accept-encoding' => 'gzip, deflate',
  'referer' => 'http://admin.dedaokq.com/',
  'content-type' => 'application/json;charset=UTF-8',
  'user-agent' => 'Mozilla/5.0 (Windows NT 10.0; Win64; x64) AppleWebKit/537.36 (KHTML, like Gecko) Chrome/75.0.3770.142 Safari/537.36',
  'x-requested-with' => 'XMLHttpRequest',
  'origin' => 'http://admin.dedaokq.com',
  'accept' => 'application/json, text/plain, */*',
  'content-length' => '73',
  'connection' => 'keep-alive',
  'host' => 'admin.dedaokq.com',
)
[ info ] [ PARAM ] array (
  'username' => 'admin',
  'password' => 'admin1234567',
  'captcha' => 'bbye7',
  'db' => '1',
)
[ info ] [ RUN ] app\admin\controller\Login->doLogin[ /home/wwwroot/admin/application/admin/controller/Login.php ]
[ info ] [ DB ] INIT mysql
[ info ] [ LOG ] INIT File
---------------------------------------------------------------
[ 2019-08-14T02:21:55+08:00 ] 59.42.87.186 GET /admin/Login/captcha?0.7371490845180901
[ info ] admin.dedaokq.com/admin/Login/captcha?0.7371490845180901 [运行时间：0.020786s][吞吐率：48.11req/s] [内存消耗：1,627.45kb] [文件加载：80]
[ info ] [ LANG ] /home/wwwroot/admin/thinkphp/lang/zh-cn.php
[ info ] [ ROUTE ] array (
  'type' => 'module',
  'module' => 
  array (
    0 => 'admin',
    1 => 'Login',
    2 => 'captcha',
  ),
)
[ info ] [ HEADER ] array (
  'accept-language' => 'zh-CN,zh;q=0.9,en;q=0.8,ja;q=0.7',
  'accept-encoding' => 'gzip, deflate',
  'referer' => 'http://admin.dedaokq.com/',
  'accept' => 'image/webp,image/apng,image/*,*/*;q=0.8',
  'user-agent' => 'Mozilla/5.0 (Windows NT 10.0; Win64; x64) AppleWebKit/537.36 (KHTML, like Gecko) Chrome/75.0.3770.142 Safari/537.36',
  'connection' => 'keep-alive',
  'host' => 'admin.dedaokq.com',
  'content-type' => '',
  'content-length' => '',
)
[ info ] [ PARAM ] array (
  '0_7371490845180901' => '',
)
[ info ] [ RUN ] app\admin\controller\Login->captcha[ /home/wwwroot/admin/application/admin/controller/Login.php ]
[ info ] [ LOG ] INIT File
---------------------------------------------------------------
[ 2019-08-14T02:22:06+08:00 ] 59.42.87.186 POST /admin/Login/doLogin
[ info ] admin.dedaokq.com/admin/Login/doLogin [运行时间：0.025447s][吞吐率：39.30req/s] [内存消耗：2,464.68kb] [文件加载：88]
[ info ] [ LANG ] /home/wwwroot/admin/thinkphp/lang/zh-cn.php
[ info ] [ ROUTE ] array (
  'type' => 'module',
  'module' => 
  array (
    0 => 'admin',
    1 => 'Login',
    2 => 'doLogin',
  ),
)
[ info ] [ HEADER ] array (
  'accept-language' => 'zh-CN,zh;q=0.9,en;q=0.8,ja;q=0.7',
  'accept-encoding' => 'gzip, deflate',
  'referer' => 'http://admin.dedaokq.com/',
  'content-type' => 'application/json;charset=UTF-8',
  'user-agent' => 'Mozilla/5.0 (Windows NT 10.0; Win64; x64) AppleWebKit/537.36 (KHTML, like Gecko) Chrome/75.0.3770.142 Safari/537.36',
  'x-requested-with' => 'XMLHttpRequest',
  'origin' => 'http://admin.dedaokq.com',
  'accept' => 'application/json, text/plain, */*',
  'content-length' => '73',
  'connection' => 'keep-alive',
  'host' => 'admin.dedaokq.com',
)
[ info ] [ PARAM ] array (
  'username' => 'admin',
  'password' => 'admin1234567',
  'captcha' => 'n4nfq',
  'db' => '1',
)
[ info ] [ RUN ] app\admin\controller\Login->doLogin[ /home/wwwroot/admin/application/admin/controller/Login.php ]
[ info ] [ DB ] INIT mysql
[ info ] [ LOG ] INIT File
---------------------------------------------------------------
[ 2019-08-14T02:22:06+08:00 ] 59.42.87.186 GET /admin/Login/captcha?0.9004912602095727
[ info ] admin.dedaokq.com/admin/Login/captcha?0.9004912602095727 [运行时间：0.019313s][吞吐率：51.78req/s] [内存消耗：1,627.45kb] [文件加载：80]
[ info ] [ LANG ] /home/wwwroot/admin/thinkphp/lang/zh-cn.php
[ info ] [ ROUTE ] array (
  'type' => 'module',
  'module' => 
  array (
    0 => 'admin',
    1 => 'Login',
    2 => 'captcha',
  ),
)
[ info ] [ HEADER ] array (
  'accept-language' => 'zh-CN,zh;q=0.9,en;q=0.8,ja;q=0.7',
  'accept-encoding' => 'gzip, deflate',
  'referer' => 'http://admin.dedaokq.com/',
  'accept' => 'image/webp,image/apng,image/*,*/*;q=0.8',
  'user-agent' => 'Mozilla/5.0 (Windows NT 10.0; Win64; x64) AppleWebKit/537.36 (KHTML, like Gecko) Chrome/75.0.3770.142 Safari/537.36',
  'connection' => 'keep-alive',
  'host' => 'admin.dedaokq.com',
  'content-type' => '',
  'content-length' => '',
)
[ info ] [ PARAM ] array (
  '0_9004912602095727' => '',
)
[ info ] [ RUN ] app\admin\controller\Login->captcha[ /home/wwwroot/admin/application/admin/controller/Login.php ]
[ info ] [ LOG ] INIT File
---------------------------------------------------------------
[ 2019-08-14T02:30:08+08:00 ] 59.42.87.186 GET /
[ info ] admin.dedaokq.com/ [运行时间：0.019617s][吞吐率：50.98req/s] [内存消耗：1,730.56kb] [文件加载：81]
[ info ] [ LANG ] /home/wwwroot/admin/thinkphp/lang/zh-cn.php
[ info ] [ ROUTE ] array (
  'type' => 'module',
  'module' => 
  array (
    0 => '',
    1 => NULL,
    2 => NULL,
  ),
)
[ info ] [ HEADER ] array (
  'accept-language' => 'zh-CN,zh;q=0.9,en;q=0.8,ja;q=0.7',
  'accept-encoding' => 'gzip, deflate',
  'accept' => 'text/html,application/xhtml+xml,application/xml;q=0.9,image/webp,image/apng,*/*;q=0.8,application/signed-exchange;v=b3',
  'user-agent' => 'Mozilla/5.0 (Windows NT 10.0; Win64; x64) AppleWebKit/537.36 (KHTML, like Gecko) Chrome/75.0.3770.142 Safari/537.36',
  'upgrade-insecure-requests' => '1',
  'connection' => 'keep-alive',
  'host' => 'admin.dedaokq.com',
  'content-type' => '',
  'content-length' => '',
)
[ info ] [ PARAM ] array (
)
[ info ] [ RUN ] app\index\controller\Index->index[ /home/wwwroot/admin/application/index/controller/Index.php ]
[ info ] [ VIEW ] ../template/admin/index.html [ array (
) ]
[ info ] [ LOG ] INIT File
---------------------------------------------------------------
[ 2019-08-14T02:30:09+08:00 ] 59.42.87.186 GET /admin/Login/captcha?0.492104485139631
[ info ] admin.dedaokq.com/admin/Login/captcha?0.492104485139631 [运行时间：0.020255s][吞吐率：49.37req/s] [内存消耗：1,627.44kb] [文件加载：80]
[ info ] [ LANG ] /home/wwwroot/admin/thinkphp/lang/zh-cn.php
[ info ] [ ROUTE ] array (
  'type' => 'module',
  'module' => 
  array (
    0 => 'admin',
    1 => 'Login',
    2 => 'captcha',
  ),
)
[ info ] [ HEADER ] array (
  'accept-language' => 'zh-CN,zh;q=0.9,en;q=0.8,ja;q=0.7',
  'accept-encoding' => 'gzip, deflate',
  'referer' => 'http://admin.dedaokq.com/',
  'accept' => 'image/webp,image/apng,image/*,*/*;q=0.8',
  'user-agent' => 'Mozilla/5.0 (Windows NT 10.0; Win64; x64) AppleWebKit/537.36 (KHTML, like Gecko) Chrome/75.0.3770.142 Safari/537.36',
  'connection' => 'keep-alive',
  'host' => 'admin.dedaokq.com',
  'content-type' => '',
  'content-length' => '',
)
[ info ] [ PARAM ] array (
  '0_492104485139631' => '',
)
[ info ] [ RUN ] app\admin\controller\Login->captcha[ /home/wwwroot/admin/application/admin/controller/Login.php ]
[ info ] [ LOG ] INIT File
---------------------------------------------------------------
[ 2019-08-14T02:30:14+08:00 ] 59.42.87.186 GET /
[ info ] admin.dedaokq.com/ [运行时间：0.019330s][吞吐率：51.73req/s] [内存消耗：1,731.27kb] [文件加载：81]
[ info ] [ LANG ] /home/wwwroot/admin/thinkphp/lang/zh-cn.php
[ info ] [ ROUTE ] array (
  'type' => 'module',
  'module' => 
  array (
    0 => '',
    1 => NULL,
    2 => NULL,
  ),
)
[ info ] [ HEADER ] array (
  'accept-language' => 'zh-CN,zh;q=0.9,en;q=0.8,ja;q=0.7',
  'accept-encoding' => 'gzip, deflate',
  'accept' => 'text/html,application/xhtml+xml,application/xml;q=0.9,image/webp,image/apng,*/*;q=0.8,application/signed-exchange;v=b3',
  'user-agent' => 'Mozilla/5.0 (Windows NT 10.0; Win64; x64) AppleWebKit/537.36 (KHTML, like Gecko) Chrome/75.0.3770.142 Safari/537.36',
  'upgrade-insecure-requests' => '1',
  'cache-control' => 'max-age=0',
  'connection' => 'keep-alive',
  'host' => 'admin.dedaokq.com',
  'content-type' => '',
  'content-length' => '',
)
[ info ] [ PARAM ] array (
)
[ info ] [ RUN ] app\index\controller\Index->index[ /home/wwwroot/admin/application/index/controller/Index.php ]
[ info ] [ VIEW ] ../template/admin/index.html [ array (
) ]
[ info ] [ LOG ] INIT File
---------------------------------------------------------------
[ 2019-08-14T02:30:15+08:00 ] 59.42.87.186 GET /admin/Login/captcha?0.16631647630271962
[ info ] admin.dedaokq.com/admin/Login/captcha?0.16631647630271962 [运行时间：0.020188s][吞吐率：49.53req/s] [内存消耗：1,627.48kb] [文件加载：80]
[ info ] [ LANG ] /home/wwwroot/admin/thinkphp/lang/zh-cn.php
[ info ] [ ROUTE ] array (
  'type' => 'module',
  'module' => 
  array (
    0 => 'admin',
    1 => 'Login',
    2 => 'captcha',
  ),
)
[ info ] [ HEADER ] array (
  'accept-language' => 'zh-CN,zh;q=0.9,en;q=0.8,ja;q=0.7',
  'accept-encoding' => 'gzip, deflate',
  'referer' => 'http://admin.dedaokq.com/',
  'accept' => 'image/webp,image/apng,image/*,*/*;q=0.8',
  'user-agent' => 'Mozilla/5.0 (Windows NT 10.0; Win64; x64) AppleWebKit/537.36 (KHTML, like Gecko) Chrome/75.0.3770.142 Safari/537.36',
  'connection' => 'keep-alive',
  'host' => 'admin.dedaokq.com',
  'content-type' => '',
  'content-length' => '',
)
[ info ] [ PARAM ] array (
  '0_16631647630271962' => '',
)
[ info ] [ RUN ] app\admin\controller\Login->captcha[ /home/wwwroot/admin/application/admin/controller/Login.php ]
[ info ] [ LOG ] INIT File
---------------------------------------------------------------
[ 2019-08-14T02:30:25+08:00 ] 59.42.87.186 GET /
[ info ] admin.dedaokq.com/ [运行时间：0.019218s][吞吐率：52.03req/s] [内存消耗：1,731.27kb] [文件加载：81]
[ info ] [ LANG ] /home/wwwroot/admin/thinkphp/lang/zh-cn.php
[ info ] [ ROUTE ] array (
  'type' => 'module',
  'module' => 
  array (
    0 => '',
    1 => NULL,
    2 => NULL,
  ),
)
[ info ] [ HEADER ] array (
  'accept-language' => 'zh-CN,zh;q=0.9,en;q=0.8,ja;q=0.7',
  'accept-encoding' => 'gzip, deflate',
  'accept' => 'text/html,application/xhtml+xml,application/xml;q=0.9,image/webp,image/apng,*/*;q=0.8,application/signed-exchange;v=b3',
  'user-agent' => 'Mozilla/5.0 (Windows NT 10.0; Win64; x64) AppleWebKit/537.36 (KHTML, like Gecko) Chrome/75.0.3770.142 Safari/537.36',
  'upgrade-insecure-requests' => '1',
  'cache-control' => 'max-age=0',
  'connection' => 'keep-alive',
  'host' => 'admin.dedaokq.com',
  'content-type' => '',
  'content-length' => '',
)
[ info ] [ PARAM ] array (
)
[ info ] [ RUN ] app\index\controller\Index->index[ /home/wwwroot/admin/application/index/controller/Index.php ]
[ info ] [ VIEW ] ../template/admin/index.html [ array (
) ]
[ info ] [ LOG ] INIT File
---------------------------------------------------------------
[ 2019-08-14T02:30:26+08:00 ] 59.42.87.186 GET /admin/Login/captcha?0.24352483325680652
[ info ] admin.dedaokq.com/admin/Login/captcha?0.24352483325680652 [运行时间：0.019880s][吞吐率：50.30req/s] [内存消耗：1,627.48kb] [文件加载：80]
[ info ] [ LANG ] /home/wwwroot/admin/thinkphp/lang/zh-cn.php
[ info ] [ ROUTE ] array (
  'type' => 'module',
  'module' => 
  array (
    0 => 'admin',
    1 => 'Login',
    2 => 'captcha',
  ),
)
[ info ] [ HEADER ] array (
  'accept-language' => 'zh-CN,zh;q=0.9,en;q=0.8,ja;q=0.7',
  'accept-encoding' => 'gzip, deflate',
  'referer' => 'http://admin.dedaokq.com/',
  'accept' => 'image/webp,image/apng,image/*,*/*;q=0.8',
  'user-agent' => 'Mozilla/5.0 (Windows NT 10.0; Win64; x64) AppleWebKit/537.36 (KHTML, like Gecko) Chrome/75.0.3770.142 Safari/537.36',
  'connection' => 'keep-alive',
  'host' => 'admin.dedaokq.com',
  'content-type' => '',
  'content-length' => '',
)
[ info ] [ PARAM ] array (
  '0_24352483325680652' => '',
)
[ info ] [ RUN ] app\admin\controller\Login->captcha[ /home/wwwroot/admin/application/admin/controller/Login.php ]
[ info ] [ LOG ] INIT File
---------------------------------------------------------------
[ 2019-08-14T02:30:34+08:00 ] 59.42.87.186 GET /admin/Login/captcha?0.29772437631743154
[ info ] admin.dedaokq.com/admin/Login/captcha?0.29772437631743154 [运行时间：0.020502s][吞吐率：48.78req/s] [内存消耗：1,627.48kb] [文件加载：80]
[ info ] [ LANG ] /home/wwwroot/admin/thinkphp/lang/zh-cn.php
[ info ] [ ROUTE ] array (
  'type' => 'module',
  'module' => 
  array (
    0 => 'admin',
    1 => 'Login',
    2 => 'captcha',
  ),
)
[ info ] [ HEADER ] array (
  'accept-language' => 'zh-CN,zh;q=0.9,en;q=0.8,ja;q=0.7',
  'accept-encoding' => 'gzip, deflate',
  'referer' => 'http://admin.dedaokq.com/',
  'accept' => 'image/webp,image/apng,image/*,*/*;q=0.8',
  'user-agent' => 'Mozilla/5.0 (Windows NT 10.0; Win64; x64) AppleWebKit/537.36 (KHTML, like Gecko) Chrome/75.0.3770.142 Safari/537.36',
  'connection' => 'keep-alive',
  'host' => 'admin.dedaokq.com',
  'content-type' => '',
  'content-length' => '',
)
[ info ] [ PARAM ] array (
  '0_29772437631743154' => '',
)
[ info ] [ RUN ] app\admin\controller\Login->captcha[ /home/wwwroot/admin/application/admin/controller/Login.php ]
[ info ] [ LOG ] INIT File
---------------------------------------------------------------
[ 2019-08-14T02:30:35+08:00 ] 59.42.87.186 GET /admin/Login/captcha?0.12931493831819596
[ info ] admin.dedaokq.com/admin/Login/captcha?0.12931493831819596 [运行时间：0.020890s][吞吐率：47.87req/s] [内存消耗：1,627.48kb] [文件加载：80]
[ info ] [ LANG ] /home/wwwroot/admin/thinkphp/lang/zh-cn.php
[ info ] [ ROUTE ] array (
  'type' => 'module',
  'module' => 
  array (
    0 => 'admin',
    1 => 'Login',
    2 => 'captcha',
  ),
)
[ info ] [ HEADER ] array (
  'accept-language' => 'zh-CN,zh;q=0.9,en;q=0.8,ja;q=0.7',
  'accept-encoding' => 'gzip, deflate',
  'referer' => 'http://admin.dedaokq.com/',
  'accept' => 'image/webp,image/apng,image/*,*/*;q=0.8',
  'user-agent' => 'Mozilla/5.0 (Windows NT 10.0; Win64; x64) AppleWebKit/537.36 (KHTML, like Gecko) Chrome/75.0.3770.142 Safari/537.36',
  'connection' => 'keep-alive',
  'host' => 'admin.dedaokq.com',
  'content-type' => '',
  'content-length' => '',
)
[ info ] [ PARAM ] array (
  '0_12931493831819596' => '',
)
[ info ] [ RUN ] app\admin\controller\Login->captcha[ /home/wwwroot/admin/application/admin/controller/Login.php ]
[ info ] [ LOG ] INIT File
---------------------------------------------------------------
[ 2019-08-14T02:30:50+08:00 ] 59.42.87.186 POST /admin/Login/doLogin
[ info ] admin.dedaokq.com/admin/Login/doLogin [运行时间：0.026740s][吞吐率：37.40req/s] [内存消耗：2,464.66kb] [文件加载：88]
[ info ] [ LANG ] /home/wwwroot/admin/thinkphp/lang/zh-cn.php
[ info ] [ ROUTE ] array (
  'type' => 'module',
  'module' => 
  array (
    0 => 'admin',
    1 => 'Login',
    2 => 'doLogin',
  ),
)
[ info ] [ HEADER ] array (
  'accept-language' => 'zh-CN,zh;q=0.9,en;q=0.8,ja;q=0.7',
  'accept-encoding' => 'gzip, deflate',
  'referer' => 'http://admin.dedaokq.com/',
  'content-type' => 'application/json;charset=UTF-8',
  'user-agent' => 'Mozilla/5.0 (Windows NT 10.0; Win64; x64) AppleWebKit/537.36 (KHTML, like Gecko) Chrome/75.0.3770.142 Safari/537.36',
  'x-requested-with' => 'XMLHttpRequest',
  'origin' => 'http://admin.dedaokq.com',
  'accept' => 'application/json, text/plain, */*',
  'content-length' => '67',
  'connection' => 'keep-alive',
  'host' => 'admin.dedaokq.com',
)
[ info ] [ PARAM ] array (
  'username' => 'admin',
  'password' => '123456',
  'captcha' => 'yjyzh',
  'db' => '1',
)
[ info ] [ RUN ] app\admin\controller\Login->doLogin[ /home/wwwroot/admin/application/admin/controller/Login.php ]
[ info ] [ DB ] INIT mysql
[ info ] [ LOG ] INIT File
---------------------------------------------------------------
[ 2019-08-14T02:30:50+08:00 ] 59.42.87.186 GET /admin/Login/captcha?0.9858642301056562
[ info ] admin.dedaokq.com/admin/Login/captcha?0.9858642301056562 [运行时间：0.018811s][吞吐率：53.16req/s] [内存消耗：1,627.45kb] [文件加载：80]
[ info ] [ LANG ] /home/wwwroot/admin/thinkphp/lang/zh-cn.php
[ info ] [ ROUTE ] array (
  'type' => 'module',
  'module' => 
  array (
    0 => 'admin',
    1 => 'Login',
    2 => 'captcha',
  ),
)
[ info ] [ HEADER ] array (
  'accept-language' => 'zh-CN,zh;q=0.9,en;q=0.8,ja;q=0.7',
  'accept-encoding' => 'gzip, deflate',
  'referer' => 'http://admin.dedaokq.com/',
  'accept' => 'image/webp,image/apng,image/*,*/*;q=0.8',
  'user-agent' => 'Mozilla/5.0 (Windows NT 10.0; Win64; x64) AppleWebKit/537.36 (KHTML, like Gecko) Chrome/75.0.3770.142 Safari/537.36',
  'connection' => 'keep-alive',
  'host' => 'admin.dedaokq.com',
  'content-type' => '',
  'content-length' => '',
)
[ info ] [ PARAM ] array (
  '0_9858642301056562' => '',
)
[ info ] [ RUN ] app\admin\controller\Login->captcha[ /home/wwwroot/admin/application/admin/controller/Login.php ]
[ info ] [ LOG ] INIT File
---------------------------------------------------------------
[ 2019-08-14T02:32:29+08:00 ] 59.42.87.186 GET /admin/Login/captcha?0.5984749714742619
[ info ] api.dedaokq.com/admin/Login/captcha?0.5984749714742619 [运行时间：0.019828s][吞吐率：50.43req/s] [内存消耗：1,627.39kb] [文件加载：80]
[ info ] [ LANG ] /home/wwwroot/admin/thinkphp/lang/zh-cn.php
[ info ] [ ROUTE ] array (
  'type' => 'module',
  'module' => 
  array (
    0 => 'admin',
    1 => 'Login',
    2 => 'captcha',
  ),
)
[ info ] [ HEADER ] array (
  'accept-language' => 'zh-CN,zh;q=0.9,en;q=0.8,ja;q=0.7',
  'accept-encoding' => 'gzip, deflate',
  'referer' => 'http://localhost:8080/',
  'accept' => 'image/webp,image/apng,image/*,*/*;q=0.8',
  'user-agent' => 'Mozilla/5.0 (Windows NT 10.0; Win64; x64) AppleWebKit/537.36 (KHTML, like Gecko) Chrome/75.0.3770.142 Safari/537.36',
  'connection' => 'keep-alive',
  'host' => 'api.dedaokq.com',
  'content-type' => '',
  'content-length' => '',
)
[ info ] [ PARAM ] array (
  '0_5984749714742619' => '',
)
[ info ] [ RUN ] app\admin\controller\Login->captcha[ /home/wwwroot/admin/application/admin/controller/Login.php ]
[ info ] [ LOG ] INIT File
---------------------------------------------------------------
[ 2019-08-14T02:32:43+08:00 ] 59.42.87.186 GET /admin/Login/captcha?0.18514353835466646
[ info ] api.dedaokq.com/admin/Login/captcha?0.18514353835466646 [运行时间：0.020136s][吞吐率：49.66req/s] [内存消耗：1,627.42kb] [文件加载：80]
[ info ] [ LANG ] /home/wwwroot/admin/thinkphp/lang/zh-cn.php
[ info ] [ ROUTE ] array (
  'type' => 'module',
  'module' => 
  array (
    0 => 'admin',
    1 => 'Login',
    2 => 'captcha',
  ),
)
[ info ] [ HEADER ] array (
  'accept-language' => 'zh-CN,zh;q=0.9,en;q=0.8,ja;q=0.7',
  'accept-encoding' => 'gzip, deflate',
  'referer' => 'http://localhost:8080/',
  'accept' => 'image/webp,image/apng,image/*,*/*;q=0.8',
  'user-agent' => 'Mozilla/5.0 (Windows NT 10.0; Win64; x64) AppleWebKit/537.36 (KHTML, like Gecko) Chrome/75.0.3770.142 Safari/537.36',
  'connection' => 'keep-alive',
  'host' => 'api.dedaokq.com',
  'content-type' => '',
  'content-length' => '',
)
[ info ] [ PARAM ] array (
  '0_18514353835466646' => '',
)
[ info ] [ RUN ] app\admin\controller\Login->captcha[ /home/wwwroot/admin/application/admin/controller/Login.php ]
[ info ] [ LOG ] INIT File
---------------------------------------------------------------
[ 2019-08-14T02:32:55+08:00 ] 59.42.87.186 GET /admin/Login/captcha?0.12602879786377463
[ info ] api.dedaokq.com/admin/Login/captcha?0.12602879786377463 [运行时间：0.019970s][吞吐率：50.08req/s] [内存消耗：1,629.20kb] [文件加载：80]
[ info ] [ LANG ] /home/wwwroot/admin/thinkphp/lang/zh-cn.php
[ info ] [ ROUTE ] array (
  'type' => 'module',
  'module' => 
  array (
    0 => 'admin',
    1 => 'Login',
    2 => 'captcha',
  ),
)
[ info ] [ HEADER ] array (
  'accept-language' => 'zh-CN,zh;q=0.9,en;q=0.8,ja;q=0.7',
  'accept-encoding' => 'gzip, deflate',
  'referer' => 'http://localhost:8080/',
  'accept' => 'image/webp,image/apng,image/*,*/*;q=0.8',
  'user-agent' => 'Mozilla/5.0 (Windows NT 10.0; Win64; x64) AppleWebKit/537.36 (KHTML, like Gecko) Chrome/75.0.3770.142 Safari/537.36',
  'cache-control' => 'no-cache',
  'pragma' => 'no-cache',
  'connection' => 'keep-alive',
  'host' => 'api.dedaokq.com',
  'content-type' => '',
  'content-length' => '',
)
[ info ] [ PARAM ] array (
  '0_12602879786377463' => '',
)
[ info ] [ RUN ] app\admin\controller\Login->captcha[ /home/wwwroot/admin/application/admin/controller/Login.php ]
[ info ] [ LOG ] INIT File
---------------------------------------------------------------
[ 2019-08-14T02:33:40+08:00 ] 59.42.87.186 OPTIONS /admin/index/checkLogin
[ info ] api.dedaokq.com/admin/index/checkLogin [运行时间：0.019528s][吞吐率：51.21req/s] [内存消耗：1,555.68kb] [文件加载：80]
[ info ] [ LANG ] /home/wwwroot/admin/thinkphp/lang/zh-cn.php
[ info ] [ ROUTE ] array (
  'type' => 'module',
  'module' => 
  array (
    0 => 'admin',
    1 => 'index',
    2 => 'checkLogin',
  ),
)
[ info ] [ HEADER ] array (
  'accept-language' => 'zh-CN,zh;q=0.9,en;q=0.8,ja;q=0.7',
  'accept-encoding' => 'gzip, deflate',
  'referer' => 'http://localhost:8080/',
  'accept' => '*/*',
  'access-control-request-headers' => 'content-type',
  'user-agent' => 'Mozilla/5.0 (Windows NT 10.0; Win64; x64) AppleWebKit/537.36 (KHTML, like Gecko) Chrome/75.0.3770.142 Safari/537.36',
  'origin' => 'http://localhost:8080',
  'access-control-request-method' => 'POST',
  'connection' => 'keep-alive',
  'host' => 'api.dedaokq.com',
  'content-type' => '',
  'content-length' => '',
)
[ info ] [ PARAM ] array (
)
[ info ] [ RUN ] app\admin\controller\Index->checkLogin[ /home/wwwroot/admin/application/admin/controller/Index.php ]
[ info ] [ LOG ] INIT File
---------------------------------------------------------------
[ 2019-08-14T02:33:40+08:00 ] 59.42.87.186 GET /admin/Login/captcha?0.8344400152007541
[ info ] api.dedaokq.com/admin/Login/captcha?0.8344400152007541 [运行时间：0.019943s][吞吐率：50.14req/s] [内存消耗：1,627.39kb] [文件加载：80]
[ info ] [ LANG ] /home/wwwroot/admin/thinkphp/lang/zh-cn.php
[ info ] [ ROUTE ] array (
  'type' => 'module',
  'module' => 
  array (
    0 => 'admin',
    1 => 'Login',
    2 => 'captcha',
  ),
)
[ info ] [ HEADER ] array (
  'accept-language' => 'zh-CN,zh;q=0.9,en;q=0.8,ja;q=0.7',
  'accept-encoding' => 'gzip, deflate',
  'referer' => 'http://localhost:8080/',
  'accept' => 'image/webp,image/apng,image/*,*/*;q=0.8',
  'user-agent' => 'Mozilla/5.0 (Windows NT 10.0; Win64; x64) AppleWebKit/537.36 (KHTML, like Gecko) Chrome/75.0.3770.142 Safari/537.36',
  'connection' => 'keep-alive',
  'host' => 'api.dedaokq.com',
  'content-type' => '',
  'content-length' => '',
)
[ info ] [ PARAM ] array (
  '0_8344400152007541' => '',
)
[ info ] [ RUN ] app\admin\controller\Login->captcha[ /home/wwwroot/admin/application/admin/controller/Login.php ]
[ info ] [ LOG ] INIT File
---------------------------------------------------------------
[ 2019-08-14T02:33:40+08:00 ] 59.42.87.186 POST /admin/index/checkLogin
[ info ] api.dedaokq.com/admin/index/checkLogin [运行时间：0.017836s][吞吐率：56.07req/s] [内存消耗：1,694.79kb] [文件加载：82]
[ info ] [ LANG ] /home/wwwroot/admin/thinkphp/lang/zh-cn.php
[ info ] [ ROUTE ] array (
  'type' => 'module',
  'module' => 
  array (
    0 => 'admin',
    1 => 'index',
    2 => 'checkLogin',
  ),
)
[ info ] [ HEADER ] array (
  'accept-language' => 'zh-CN,zh;q=0.9,en;q=0.8,ja;q=0.7',
  'accept-encoding' => 'gzip, deflate',
  'referer' => 'http://localhost:8080/',
  'content-type' => 'application/json;charset=UTF-8',
  'user-agent' => 'Mozilla/5.0 (Windows NT 10.0; Win64; x64) AppleWebKit/537.36 (KHTML, like Gecko) Chrome/75.0.3770.142 Safari/537.36',
  'origin' => 'http://localhost:8080',
  'accept' => 'application/json, text/plain, */*',
  'content-length' => '13',
  'connection' => 'keep-alive',
  'host' => 'api.dedaokq.com',
)
[ info ] [ PARAM ] array (
  'user_id' => 1,
)
[ info ] [ RUN ] app\admin\controller\Index->checkLogin[ /home/wwwroot/admin/application/admin/controller/Index.php ]
[ info ] [ LOG ] INIT File
[ error ] [0]未定义数据库类型[/home/wwwroot/admin/thinkphp/library/think/Db.php:86]
---------------------------------------------------------------
[ 2019-08-14T02:33:52+08:00 ] 59.42.87.186 OPTIONS /admin/index/checkLogin
[ info ] api.dedaokq.com/admin/index/checkLogin [运行时间：0.018299s][吞吐率：54.65req/s] [内存消耗：1,556.70kb] [文件加载：80]
[ info ] [ LANG ] /home/wwwroot/admin/thinkphp/lang/zh-cn.php
[ info ] [ ROUTE ] array (
  'type' => 'module',
  'module' => 
  array (
    0 => 'admin',
    1 => 'index',
    2 => 'checkLogin',
  ),
)
[ info ] [ HEADER ] array (
  'accept-language' => 'zh-CN,zh;q=0.9,en;q=0.8,ja;q=0.7',
  'accept-encoding' => 'gzip, deflate',
  'referer' => 'http://localhost:8080/',
  'accept' => '*/*',
  'access-control-request-headers' => 'content-type',
  'user-agent' => 'Mozilla/5.0 (Windows NT 10.0; Win64; x64) AppleWebKit/537.36 (KHTML, like Gecko) Chrome/75.0.3770.142 Safari/537.36',
  'origin' => 'http://localhost:8080',
  'access-control-request-method' => 'POST',
  'cache-control' => 'no-cache',
  'pragma' => 'no-cache',
  'connection' => 'keep-alive',
  'host' => 'api.dedaokq.com',
  'content-type' => '',
  'content-length' => '',
)
[ info ] [ PARAM ] array (
)
[ info ] [ RUN ] app\admin\controller\Index->checkLogin[ /home/wwwroot/admin/application/admin/controller/Index.php ]
[ info ] [ LOG ] INIT File
---------------------------------------------------------------
[ 2019-08-14T02:33:52+08:00 ] 59.42.87.186 GET /admin/Login/captcha?0.299244047568044
[ info ] api.dedaokq.com/admin/Login/captcha?0.299244047568044 [运行时间：0.021140s][吞吐率：47.30req/s] [内存消耗：1,629.16kb] [文件加载：80]
[ info ] [ LANG ] /home/wwwroot/admin/thinkphp/lang/zh-cn.php
[ info ] [ ROUTE ] array (
  'type' => 'module',
  'module' => 
  array (
    0 => 'admin',
    1 => 'Login',
    2 => 'captcha',
  ),
)
[ info ] [ HEADER ] array (
  'accept-language' => 'zh-CN,zh;q=0.9,en;q=0.8,ja;q=0.7',
  'accept-encoding' => 'gzip, deflate',
  'referer' => 'http://localhost:8080/',
  'accept' => 'image/webp,image/apng,image/*,*/*;q=0.8',
  'user-agent' => 'Mozilla/5.0 (Windows NT 10.0; Win64; x64) AppleWebKit/537.36 (KHTML, like Gecko) Chrome/75.0.3770.142 Safari/537.36',
  'cache-control' => 'no-cache',
  'pragma' => 'no-cache',
  'connection' => 'keep-alive',
  'host' => 'api.dedaokq.com',
  'content-type' => '',
  'content-length' => '',
)
[ info ] [ PARAM ] array (
  '0_299244047568044' => '',
)
[ info ] [ RUN ] app\admin\controller\Login->captcha[ /home/wwwroot/admin/application/admin/controller/Login.php ]
[ info ] [ LOG ] INIT File
---------------------------------------------------------------
[ 2019-08-14T02:33:53+08:00 ] 59.42.87.186 POST /admin/index/checkLogin
[ info ] api.dedaokq.com/admin/index/checkLogin [运行时间：0.019329s][吞吐率：51.74req/s] [内存消耗：1,695.19kb] [文件加载：82]
[ info ] [ LANG ] /home/wwwroot/admin/thinkphp/lang/zh-cn.php
[ info ] [ ROUTE ] array (
  'type' => 'module',
  'module' => 
  array (
    0 => 'admin',
    1 => 'index',
    2 => 'checkLogin',
  ),
)
[ info ] [ HEADER ] array (
  'accept-language' => 'zh-CN,zh;q=0.9,en;q=0.8,ja;q=0.7',
  'accept-encoding' => 'gzip, deflate',
  'referer' => 'http://localhost:8080/',
  'content-type' => 'application/json;charset=UTF-8',
  'user-agent' => 'Mozilla/5.0 (Windows NT 10.0; Win64; x64) AppleWebKit/537.36 (KHTML, like Gecko) Chrome/75.0.3770.142 Safari/537.36',
  'origin' => 'http://localhost:8080',
  'accept' => 'application/json, text/plain, */*',
  'cache-control' => 'no-cache',
  'pragma' => 'no-cache',
  'content-length' => '13',
  'connection' => 'keep-alive',
  'host' => 'api.dedaokq.com',
)
[ info ] [ PARAM ] array (
  'user_id' => 1,
)
[ info ] [ RUN ] app\admin\controller\Index->checkLogin[ /home/wwwroot/admin/application/admin/controller/Index.php ]
[ info ] [ LOG ] INIT File
[ error ] [0]未定义数据库类型[/home/wwwroot/admin/thinkphp/library/think/Db.php:86]
---------------------------------------------------------------
[ 2019-08-14T02:34:43+08:00 ] 59.42.87.186 OPTIONS /admin/index/checkLogin
[ info ] api.dedaokq.com/admin/index/checkLogin [运行时间：0.017970s][吞吐率：55.65req/s] [内存消耗：1,555.68kb] [文件加载：80]
[ info ] [ LANG ] /home/wwwroot/admin/thinkphp/lang/zh-cn.php
[ info ] [ ROUTE ] array (
  'type' => 'module',
  'module' => 
  array (
    0 => 'admin',
    1 => 'index',
    2 => 'checkLogin',
  ),
)
[ info ] [ HEADER ] array (
  'accept-language' => 'zh-CN,zh;q=0.9,en;q=0.8,ja;q=0.7',
  'accept-encoding' => 'gzip, deflate',
  'referer' => 'http://localhost:8080/',
  'accept' => '*/*',
  'access-control-request-headers' => 'content-type',
  'user-agent' => 'Mozilla/5.0 (Windows NT 10.0; Win64; x64) AppleWebKit/537.36 (KHTML, like Gecko) Chrome/75.0.3770.142 Safari/537.36',
  'origin' => 'http://localhost:8080',
  'access-control-request-method' => 'POST',
  'connection' => 'keep-alive',
  'host' => 'api.dedaokq.com',
  'content-type' => '',
  'content-length' => '',
)
[ info ] [ PARAM ] array (
)
[ info ] [ RUN ] app\admin\controller\Index->checkLogin[ /home/wwwroot/admin/application/admin/controller/Index.php ]
[ info ] [ LOG ] INIT File
---------------------------------------------------------------
[ 2019-08-14T02:34:43+08:00 ] 59.42.87.186 POST /admin/index/checkLogin
[ info ] api.dedaokq.com/admin/index/checkLogin [运行时间：0.019048s][吞吐率：52.50req/s] [内存消耗：1,694.79kb] [文件加载：82]
[ info ] [ LANG ] /home/wwwroot/admin/thinkphp/lang/zh-cn.php
[ info ] [ ROUTE ] array (
  'type' => 'module',
  'module' => 
  array (
    0 => 'admin',
    1 => 'index',
    2 => 'checkLogin',
  ),
)
[ info ] [ HEADER ] array (
  'accept-language' => 'zh-CN,zh;q=0.9,en;q=0.8,ja;q=0.7',
  'accept-encoding' => 'gzip, deflate',
  'referer' => 'http://localhost:8080/',
  'content-type' => 'application/json;charset=UTF-8',
  'user-agent' => 'Mozilla/5.0 (Windows NT 10.0; Win64; x64) AppleWebKit/537.36 (KHTML, like Gecko) Chrome/75.0.3770.142 Safari/537.36',
  'origin' => 'http://localhost:8080',
  'accept' => 'application/json, text/plain, */*',
  'content-length' => '13',
  'connection' => 'keep-alive',
  'host' => 'api.dedaokq.com',
)
[ info ] [ PARAM ] array (
  'user_id' => 1,
)
[ info ] [ RUN ] app\admin\controller\Index->checkLogin[ /home/wwwroot/admin/application/admin/controller/Index.php ]
[ info ] [ LOG ] INIT File
[ error ] [0]未定义数据库类型[/home/wwwroot/admin/thinkphp/library/think/Db.php:86]
---------------------------------------------------------------
[ 2019-08-14T05:41:49+08:00 ] 47.101.200.12 GET /
[ info ] admin.dedaokq.com/ [运行时间：0.018733s][吞吐率：53.38req/s] [内存消耗：1,727.17kb] [文件加载：81]
[ info ] [ LANG ] /home/wwwroot/admin/thinkphp/lang/zh-cn.php
[ info ] [ ROUTE ] array (
  'type' => 'module',
  'module' => 
  array (
    0 => '',
    1 => NULL,
    2 => NULL,
  ),
)
[ info ] [ HEADER ] array (
  'accept-encoding' => 'gzip',
  'connection' => 'Keep-Alive',
  'host' => 'admin.dedaokq.com',
  'user-agent' => 'Mozilla/5.0 (X11; Ubuntu; Linux x86_64; rv:36.0) Gecko/20100101 Firefox/36.0',
  'content-type' => '',
  'content-length' => '',
)
[ info ] [ PARAM ] array (
)
[ info ] [ RUN ] app\index\controller\Index->index[ /home/wwwroot/admin/application/index/controller/Index.php ]
[ info ] [ VIEW ] ../template/admin/index.html [ array (
) ]
[ info ] [ LOG ] INIT File
