---------------------------------------------------------------
[ 2019-08-20T15:47:16+08:00 ] 59.42.90.68 POST /api/Setting/getSiteInfo
[ info ] api.dedaokq.com/api/Setting/getSiteInfo [运行时间：0.019350s][吞吐率：51.68req/s] [内存消耗：1,567.59kb] [文件加载：82]
[ info ] [ LANG ] /home/wwwroot/admin/thinkphp/lang/zh-cn.php
[ info ] [ ROUTE ] array (
  'type' => 'module',
  'module' => 
  array (
    0 => 'api',
    1 => 'Setting',
    2 => 'getSiteInfo',
  ),
)
[ info ] [ HEADER ] array (
  'accept-language' => 'en-US,en;q=0.9,zh-CN;q=0.8,zh;q=0.7',
  'accept-encoding' => 'gzip, deflate',
  'referer' => 'http://m.szddkq.com/page/team',
  'content-type' => 'application/x-www-form-urlencoded; charset=UTF-8',
  'user-agent' => 'Mozilla/5.0 (Windows NT 6.1; Win64; x64) AppleWebKit/537.36 (KHTML, like Gecko) Chrome/69.0.3497.92 Safari/537.36',
  'origin' => 'http://m.szddkq.com',
  'accept' => '*/*',
  'content-length' => '7',
  'connection' => 'keep-alive',
  'host' => 'api.dedaokq.com',
)
[ info ] [ PARAM ] array (
  'db_id' => '2',
)
[ info ] [ RUN ] app\api\controller\Setting->getSiteInfo[ /home/wwwroot/admin/application/api/controller/Setting.php ]
[ info ] [ CACHE ] INIT File
[ info ] [ LOG ] INIT File
---------------------------------------------------------------
[ 2019-08-20T15:47:18+08:00 ] 59.42.90.68 POST /api/Setting/getSiteInfo
[ info ] api.dedaokq.com/api/Setting/getSiteInfo [运行时间：0.018359s][吞吐率：54.47req/s] [内存消耗：1,567.60kb] [文件加载：82]
[ info ] [ LANG ] /home/wwwroot/admin/thinkphp/lang/zh-cn.php
[ info ] [ ROUTE ] array (
  'type' => 'module',
  'module' => 
  array (
    0 => 'api',
    1 => 'Setting',
    2 => 'getSiteInfo',
  ),
)
[ info ] [ HEADER ] array (
  'accept-language' => 'en-US,en;q=0.9,zh-CN;q=0.8,zh;q=0.7',
  'accept-encoding' => 'gzip, deflate',
  'referer' => 'http://m.szddkq.com/page/jky',
  'content-type' => 'application/x-www-form-urlencoded; charset=UTF-8',
  'user-agent' => 'Mozilla/5.0 (Windows NT 6.1; Win64; x64) AppleWebKit/537.36 (KHTML, like Gecko) Chrome/69.0.3497.92 Safari/537.36',
  'origin' => 'http://m.szddkq.com',
  'accept' => '*/*',
  'content-length' => '7',
  'connection' => 'keep-alive',
  'host' => 'api.dedaokq.com',
)
[ info ] [ PARAM ] array (
  'db_id' => '2',
)
[ info ] [ RUN ] app\api\controller\Setting->getSiteInfo[ /home/wwwroot/admin/application/api/controller/Setting.php ]
[ info ] [ CACHE ] INIT File
[ info ] [ LOG ] INIT File
---------------------------------------------------------------
[ 2019-08-20T15:47:19+08:00 ] 59.42.90.68 POST /api/Setting/getSiteInfo
[ info ] api.dedaokq.com/api/Setting/getSiteInfo [运行时间：0.018765s][吞吐率：53.29req/s] [内存消耗：1,567.60kb] [文件加载：82]
[ info ] [ LANG ] /home/wwwroot/admin/thinkphp/lang/zh-cn.php
[ info ] [ ROUTE ] array (
  'type' => 'module',
  'module' => 
  array (
    0 => 'api',
    1 => 'Setting',
    2 => 'getSiteInfo',
  ),
)
[ info ] [ HEADER ] array (
  'accept-language' => 'en-US,en;q=0.9,zh-CN;q=0.8,zh;q=0.7',
  'accept-encoding' => 'gzip, deflate',
  'referer' => 'http://m.szddkq.com/page/yga',
  'content-type' => 'application/x-www-form-urlencoded; charset=UTF-8',
  'user-agent' => 'Mozilla/5.0 (Windows NT 6.1; Win64; x64) AppleWebKit/537.36 (KHTML, like Gecko) Chrome/69.0.3497.92 Safari/537.36',
  'origin' => 'http://m.szddkq.com',
  'accept' => '*/*',
  'content-length' => '7',
  'connection' => 'keep-alive',
  'host' => 'api.dedaokq.com',
)
[ info ] [ PARAM ] array (
  'db_id' => '2',
)
[ info ] [ RUN ] app\api\controller\Setting->getSiteInfo[ /home/wwwroot/admin/application/api/controller/Setting.php ]
[ info ] [ CACHE ] INIT File
[ info ] [ LOG ] INIT File
---------------------------------------------------------------
[ 2019-08-20T15:47:24+08:00 ] 59.42.90.68 POST /api/Setting/getSiteInfo
[ info ] api.dedaokq.com/api/Setting/getSiteInfo [运行时间：0.018833s][吞吐率：53.10req/s] [内存消耗：1,567.60kb] [文件加载：82]
[ info ] [ LANG ] /home/wwwroot/admin/thinkphp/lang/zh-cn.php
[ info ] [ ROUTE ] array (
  'type' => 'module',
  'module' => 
  array (
    0 => 'api',
    1 => 'Setting',
    2 => 'getSiteInfo',
  ),
)
[ info ] [ HEADER ] array (
  'accept-language' => 'en-US,en;q=0.9,zh-CN;q=0.8,zh;q=0.7',
  'accept-encoding' => 'gzip, deflate',
  'referer' => 'http://m.szddkq.com/page/yga',
  'content-type' => 'application/x-www-form-urlencoded; charset=UTF-8',
  'user-agent' => 'Mozilla/5.0 (Windows NT 6.1; Win64; x64) AppleWebKit/537.36 (KHTML, like Gecko) Chrome/69.0.3497.92 Safari/537.36',
  'origin' => 'http://m.szddkq.com',
  'accept' => '*/*',
  'content-length' => '7',
  'connection' => 'keep-alive',
  'host' => 'api.dedaokq.com',
)
[ info ] [ PARAM ] array (
  'db_id' => '2',
)
[ info ] [ RUN ] app\api\controller\Setting->getSiteInfo[ /home/wwwroot/admin/application/api/controller/Setting.php ]
[ info ] [ CACHE ] INIT File
[ info ] [ LOG ] INIT File
---------------------------------------------------------------
[ 2019-08-20T15:47:26+08:00 ] 59.42.90.68 POST /api/Setting/getSiteInfo
[ info ] api.dedaokq.com/api/Setting/getSiteInfo [运行时间：0.018627s][吞吐率：53.69req/s] [内存消耗：1,567.60kb] [文件加载：82]
[ info ] [ LANG ] /home/wwwroot/admin/thinkphp/lang/zh-cn.php
[ info ] [ ROUTE ] array (
  'type' => 'module',
  'module' => 
  array (
    0 => 'api',
    1 => 'Setting',
    2 => 'getSiteInfo',
  ),
)
[ info ] [ HEADER ] array (
  'accept-language' => 'en-US,en;q=0.9,zh-CN;q=0.8,zh;q=0.7',
  'accept-encoding' => 'gzip, deflate',
  'referer' => 'http://m.szddkq.com/page/about',
  'content-type' => 'application/x-www-form-urlencoded; charset=UTF-8',
  'user-agent' => 'Mozilla/5.0 (Windows NT 6.1; Win64; x64) AppleWebKit/537.36 (KHTML, like Gecko) Chrome/69.0.3497.92 Safari/537.36',
  'origin' => 'http://m.szddkq.com',
  'accept' => '*/*',
  'content-length' => '7',
  'connection' => 'keep-alive',
  'host' => 'api.dedaokq.com',
)
[ info ] [ PARAM ] array (
  'db_id' => '2',
)
[ info ] [ RUN ] app\api\controller\Setting->getSiteInfo[ /home/wwwroot/admin/application/api/controller/Setting.php ]
[ info ] [ CACHE ] INIT File
[ info ] [ LOG ] INIT File
---------------------------------------------------------------
[ 2019-08-20T15:47:39+08:00 ] 59.42.90.68 POST /api/Setting/getSiteInfo
[ info ] api.dedaokq.com/api/Setting/getSiteInfo [运行时间：0.018381s][吞吐率：54.40req/s] [内存消耗：1,567.60kb] [文件加载：82]
[ info ] [ LANG ] /home/wwwroot/admin/thinkphp/lang/zh-cn.php
[ info ] [ ROUTE ] array (
  'type' => 'module',
  'module' => 
  array (
    0 => 'api',
    1 => 'Setting',
    2 => 'getSiteInfo',
  ),
)
[ info ] [ HEADER ] array (
  'accept-language' => 'en-US,en;q=0.9,zh-CN;q=0.8,zh;q=0.7',
  'accept-encoding' => 'gzip, deflate',
  'referer' => 'http://m.szddkq.com/page/jky',
  'content-type' => 'application/x-www-form-urlencoded; charset=UTF-8',
  'user-agent' => 'Mozilla/5.0 (Windows NT 6.1; Win64; x64) AppleWebKit/537.36 (KHTML, like Gecko) Chrome/69.0.3497.92 Safari/537.36',
  'origin' => 'http://m.szddkq.com',
  'accept' => '*/*',
  'content-length' => '7',
  'connection' => 'keep-alive',
  'host' => 'api.dedaokq.com',
)
[ info ] [ PARAM ] array (
  'db_id' => '2',
)
[ info ] [ RUN ] app\api\controller\Setting->getSiteInfo[ /home/wwwroot/admin/application/api/controller/Setting.php ]
[ info ] [ CACHE ] INIT File
[ info ] [ LOG ] INIT File
