[ 2019-08-26T07:45:57+08:00 ] 14.24.140.209 /Admin/public/dologin.html
INFO: [ app_begin ] --START--
INFO: Run Behavior\ReadHtmlCacheBehavior [ RunTime:0.000362s ]
INFO: Run Behavior\CheckLangBehavior [ RunTime:0.000594s ]
INFO: [ app_begin ] --END-- [ RunTime:0.001257s ]
SQL: SHOW COLUMNS FROM `cmf_users` [ RunTime:0.0006s ]
SQL: SELECT * FROM `cmf_users` WHERE `user_login` = 'admin' LIMIT 1   [ RunTime:0.0003s ]
SQL: SHOW COLUMNS FROM `cmf_role_user` [ RunTime:0.0003s ]
SQL: SELECT `role_id` FROM cmf_role_user a INNER JOIN cmf_role as b on a.role_id =b.id  WHERE `user_id` = '1' AND `status` = 1  [ RunTime:0.0002s ]
SQL: UPDATE `cmf_users` SET `user_login`='admin',`user_pass`='###b6c7e65d115dcba6c57374e0699e03ed',`user_truename`='admin',`user_nicename`='admin',`user_email`='1@1.com',`user_url`='http://baidu.com',`avatar`='5982c2a769e2d.jpg',`sex`='0',`birthday`='2000-01-01',`signature`='个性签名',`last_login_ip`='14.24.140.209',`last_login_time`='2019-08-26 07:45:57',`create_time`='2017-02-11 09:06:51',`user_activation_key`='',`user_status`='1',`score`='0',`user_type`='1',`coin`='0',`mobile`='1111111',`wechat`='' WHERE `id` = '1' [ RunTime:0.0024s ]

[ 2019-08-26T09:09:27+08:00 ] 117.136.41.84 /Admin/public/dologin.html
INFO: [ app_begin ] --START--
INFO: Run Behavior\ReadHtmlCacheBehavior [ RunTime:0.000423s ]
INFO: Run Behavior\CheckLangBehavior [ RunTime:0.000525s ]
INFO: [ app_begin ] --END-- [ RunTime:0.001234s ]
SQL: SHOW COLUMNS FROM `cmf_users` [ RunTime:0.0006s ]
SQL: SELECT * FROM `cmf_users` WHERE `user_login` = 'admin' LIMIT 1   [ RunTime:0.0003s ]
SQL: SHOW COLUMNS FROM `cmf_role_user` [ RunTime:0.0003s ]
SQL: SELECT `role_id` FROM cmf_role_user a INNER JOIN cmf_role as b on a.role_id =b.id  WHERE `user_id` = '1' AND `status` = 1  [ RunTime:0.0003s ]
SQL: UPDATE `cmf_users` SET `user_login`='admin',`user_pass`='###b6c7e65d115dcba6c57374e0699e03ed',`user_truename`='admin',`user_nicename`='admin',`user_email`='1@1.com',`user_url`='http://baidu.com',`avatar`='5982c2a769e2d.jpg',`sex`='0',`birthday`='2000-01-01',`signature`='个性签名',`last_login_ip`='117.136.41.84',`last_login_time`='2019-08-26 09:09:27',`create_time`='2017-02-11 09:06:51',`user_activation_key`='',`user_status`='1',`score`='0',`user_type`='1',`coin`='0',`mobile`='1111111',`wechat`='' WHERE `id` = '1' [ RunTime:0.0077s ]

[ 2019-08-26T09:31:23+08:00 ] 59.42.90.58 /Admin/public/dologin.html
INFO: [ app_begin ] --START--
INFO: Run Behavior\ReadHtmlCacheBehavior [ RunTime:0.000420s ]
INFO: Run Behavior\CheckLangBehavior [ RunTime:0.000531s ]
INFO: [ app_begin ] --END-- [ RunTime:0.001218s ]
SQL: SHOW COLUMNS FROM `cmf_users` [ RunTime:0.0006s ]
SQL: SELECT * FROM `cmf_users` WHERE `user_login` = 'consult' LIMIT 1   [ RunTime:0.0003s ]
SQL: SHOW COLUMNS FROM `cmf_role_user` [ RunTime:0.0003s ]
SQL: SELECT `role_id` FROM cmf_role_user a INNER JOIN cmf_role as b on a.role_id =b.id  WHERE `user_id` = '20' AND `status` = 1  [ RunTime:0.0003s ]
SQL: UPDATE `cmf_users` SET `user_login`='consult',`user_pass`='###a8f3b8f0b4eb4fbb00e19de989ae86f7',`user_truename`=NULL,`user_nicename`='',`user_email`='b@qq.com',`user_url`='',`avatar`=NULL,`sex`='0',`birthday`='2000-01-01',`signature`=NULL,`last_login_ip`='59.42.90.58',`last_login_time`='2019-08-26 09:31:23',`create_time`='2019-08-07 15:13:53',`user_activation_key`='',`user_status`='1',`score`='0',`user_type`='1',`coin`='0',`mobile`='',`wechat`=NULL WHERE `id` = '20' [ RunTime:0.0064s ]

[ 2019-08-26T09:47:18+08:00 ] 59.42.90.58 /Admin/public/dologin.html
INFO: [ app_begin ] --START--
INFO: Run Behavior\ReadHtmlCacheBehavior [ RunTime:0.000427s ]
INFO: Run Behavior\CheckLangBehavior [ RunTime:0.000530s ]
INFO: [ app_begin ] --END-- [ RunTime:0.001226s ]
SQL: SHOW COLUMNS FROM `cmf_users` [ RunTime:0.0007s ]
SQL: SELECT * FROM `cmf_users` WHERE `user_login` = 'admin' LIMIT 1   [ RunTime:0.0003s ]
SQL: SHOW COLUMNS FROM `cmf_role_user` [ RunTime:0.0003s ]
SQL: SELECT `role_id` FROM cmf_role_user a INNER JOIN cmf_role as b on a.role_id =b.id  WHERE `user_id` = '1' AND `status` = 1  [ RunTime:0.0002s ]
SQL: UPDATE `cmf_users` SET `user_login`='admin',`user_pass`='###b6c7e65d115dcba6c57374e0699e03ed',`user_truename`='admin',`user_nicename`='admin',`user_email`='1@1.com',`user_url`='http://baidu.com',`avatar`='5982c2a769e2d.jpg',`sex`='0',`birthday`='2000-01-01',`signature`='个性签名',`last_login_ip`='59.42.90.58',`last_login_time`='2019-08-26 09:47:18',`create_time`='2017-02-11 09:06:51',`user_activation_key`='',`user_status`='1',`score`='0',`user_type`='1',`coin`='0',`mobile`='1111111',`wechat`='' WHERE `id` = '1' [ RunTime:0.0034s ]

[ 2019-08-26T10:48:20+08:00 ] 59.42.90.58 /Admin/public/dologin.html
INFO: [ app_begin ] --START--
INFO: Run Behavior\ReadHtmlCacheBehavior [ RunTime:0.000394s ]
INFO: Run Behavior\CheckLangBehavior [ RunTime:0.000600s ]
INFO: [ app_begin ] --END-- [ RunTime:0.001270s ]
SQL: SHOW COLUMNS FROM `cmf_users` [ RunTime:0.0006s ]
SQL: SELECT * FROM `cmf_users` WHERE `user_login` = 'consult' LIMIT 1   [ RunTime:0.0003s ]
SQL: SHOW COLUMNS FROM `cmf_role_user` [ RunTime:0.0004s ]
SQL: SELECT `role_id` FROM cmf_role_user a INNER JOIN cmf_role as b on a.role_id =b.id  WHERE `user_id` = '20' AND `status` = 1  [ RunTime:0.0003s ]
SQL: UPDATE `cmf_users` SET `user_login`='consult',`user_pass`='###a8f3b8f0b4eb4fbb00e19de989ae86f7',`user_truename`=NULL,`user_nicename`='',`user_email`='b@qq.com',`user_url`='',`avatar`=NULL,`sex`='0',`birthday`='2000-01-01',`signature`=NULL,`last_login_ip`='59.42.90.58',`last_login_time`='2019-08-26 10:48:20',`create_time`='2019-08-07 15:13:53',`user_activation_key`='',`user_status`='1',`score`='0',`user_type`='1',`coin`='0',`mobile`='',`wechat`=NULL WHERE `id` = '20' [ RunTime:0.0027s ]

[ 2019-08-26T10:51:10+08:00 ] 59.42.90.58 /Admin/public/dologin.html
INFO: [ app_begin ] --START--
INFO: Run Behavior\ReadHtmlCacheBehavior [ RunTime:0.000386s ]
INFO: Run Behavior\CheckLangBehavior [ RunTime:0.000511s ]
INFO: [ app_begin ] --END-- [ RunTime:0.001161s ]
SQL: SHOW COLUMNS FROM `cmf_users` [ RunTime:0.0006s ]
SQL: SELECT * FROM `cmf_users` WHERE `user_login` = 'consult' LIMIT 1   [ RunTime:0.0003s ]
SQL: SHOW COLUMNS FROM `cmf_role_user` [ RunTime:0.0003s ]
SQL: SELECT `role_id` FROM cmf_role_user a INNER JOIN cmf_role as b on a.role_id =b.id  WHERE `user_id` = '20' AND `status` = 1  [ RunTime:0.0003s ]
SQL: UPDATE `cmf_users` SET `user_login`='consult',`user_pass`='###a8f3b8f0b4eb4fbb00e19de989ae86f7',`user_truename`=NULL,`user_nicename`='',`user_email`='b@qq.com',`user_url`='',`avatar`=NULL,`sex`='0',`birthday`='2000-01-01',`signature`=NULL,`last_login_ip`='59.42.90.58',`last_login_time`='2019-08-26 10:51:10',`create_time`='2019-08-07 15:13:53',`user_activation_key`='',`user_status`='1',`score`='0',`user_type`='1',`coin`='0',`mobile`='',`wechat`=NULL WHERE `id` = '20' [ RunTime:0.0026s ]

[ 2019-08-26T13:32:35+08:00 ] 59.42.90.58 /Admin/public/dologin.html
INFO: [ app_begin ] --START--
INFO: Run Behavior\ReadHtmlCacheBehavior [ RunTime:0.000362s ]
INFO: Run Behavior\CheckLangBehavior [ RunTime:0.000598s ]
INFO: [ app_begin ] --END-- [ RunTime:0.001229s ]
SQL: SHOW COLUMNS FROM `cmf_users` [ RunTime:0.0006s ]
SQL: SELECT * FROM `cmf_users` WHERE `user_login` = 'admin' LIMIT 1   [ RunTime:0.0003s ]
SQL: SHOW COLUMNS FROM `cmf_role_user` [ RunTime:0.0003s ]
SQL: SELECT `role_id` FROM cmf_role_user a INNER JOIN cmf_role as b on a.role_id =b.id  WHERE `user_id` = '1' AND `status` = 1  [ RunTime:0.0002s ]
SQL: UPDATE `cmf_users` SET `user_login`='admin',`user_pass`='###b6c7e65d115dcba6c57374e0699e03ed',`user_truename`='admin',`user_nicename`='admin',`user_email`='1@1.com',`user_url`='http://baidu.com',`avatar`='5982c2a769e2d.jpg',`sex`='0',`birthday`='2000-01-01',`signature`='个性签名',`last_login_ip`='59.42.90.58',`last_login_time`='2019-08-26 13:32:35',`create_time`='2017-02-11 09:06:51',`user_activation_key`='',`user_status`='1',`score`='0',`user_type`='1',`coin`='0',`mobile`='1111111',`wechat`='' WHERE `id` = '1' [ RunTime:0.0024s ]

[ 2019-08-26T13:53:37+08:00 ] 59.42.90.58 /Admin/public/dologin.html
INFO: [ app_begin ] --START--
INFO: Run Behavior\ReadHtmlCacheBehavior [ RunTime:0.000360s ]
INFO: Run Behavior\CheckLangBehavior [ RunTime:0.000643s ]
INFO: [ app_begin ] --END-- [ RunTime:0.001310s ]
SQL: SHOW COLUMNS FROM `cmf_users` [ RunTime:0.0006s ]
SQL: SELECT * FROM `cmf_users` WHERE `user_login` = 'consult' LIMIT 1   [ RunTime:0.0003s ]
SQL: SHOW COLUMNS FROM `cmf_role_user` [ RunTime:0.0003s ]
SQL: SELECT `role_id` FROM cmf_role_user a INNER JOIN cmf_role as b on a.role_id =b.id  WHERE `user_id` = '20' AND `status` = 1  [ RunTime:0.0002s ]
SQL: UPDATE `cmf_users` SET `user_login`='consult',`user_pass`='###a8f3b8f0b4eb4fbb00e19de989ae86f7',`user_truename`=NULL,`user_nicename`='',`user_email`='b@qq.com',`user_url`='',`avatar`=NULL,`sex`='0',`birthday`='2000-01-01',`signature`=NULL,`last_login_ip`='59.42.90.58',`last_login_time`='2019-08-26 13:53:37',`create_time`='2019-08-07 15:13:53',`user_activation_key`='',`user_status`='1',`score`='0',`user_type`='1',`coin`='0',`mobile`='',`wechat`=NULL WHERE `id` = '20' [ RunTime:0.0033s ]

[ 2019-08-26T14:02:55+08:00 ] 59.42.90.58 /Admin/public/dologin.html
INFO: [ app_begin ] --START--
INFO: Run Behavior\ReadHtmlCacheBehavior [ RunTime:0.000357s ]
INFO: Run Behavior\CheckLangBehavior [ RunTime:0.000632s ]
INFO: [ app_begin ] --END-- [ RunTime:0.001276s ]

[ 2019-08-26T14:02:58+08:00 ] 59.42.90.58 /Admin/public/dologin.html
INFO: [ app_begin ] --START--
INFO: Run Behavior\ReadHtmlCacheBehavior [ RunTime:0.000434s ]
INFO: Run Behavior\CheckLangBehavior [ RunTime:0.000516s ]
INFO: [ app_begin ] --END-- [ RunTime:0.001207s ]

[ 2019-08-26T14:03:00+08:00 ] 59.42.90.58 /Admin/public/dologin.html
INFO: [ app_begin ] --START--
INFO: Run Behavior\ReadHtmlCacheBehavior [ RunTime:0.000380s ]
INFO: Run Behavior\CheckLangBehavior [ RunTime:0.000560s ]
INFO: [ app_begin ] --END-- [ RunTime:0.001200s ]
SQL: SHOW COLUMNS FROM `cmf_users` [ RunTime:0.0006s ]
SQL: SELECT * FROM `cmf_users` WHERE `user_login` = 'consult' LIMIT 1   [ RunTime:0.0003s ]
SQL: SHOW COLUMNS FROM `cmf_role_user` [ RunTime:0.0003s ]
SQL: SELECT `role_id` FROM cmf_role_user a INNER JOIN cmf_role as b on a.role_id =b.id  WHERE `user_id` = '20' AND `status` = 1  [ RunTime:0.0003s ]
SQL: UPDATE `cmf_users` SET `user_login`='consult',`user_pass`='###a8f3b8f0b4eb4fbb00e19de989ae86f7',`user_truename`=NULL,`user_nicename`='',`user_email`='b@qq.com',`user_url`='',`avatar`=NULL,`sex`='0',`birthday`='2000-01-01',`signature`=NULL,`last_login_ip`='59.42.90.58',`last_login_time`='2019-08-26 14:03:00',`create_time`='2019-08-07 15:13:53',`user_activation_key`='',`user_status`='1',`score`='0',`user_type`='1',`coin`='0',`mobile`='',`wechat`=NULL WHERE `id` = '20' [ RunTime:0.0024s ]

[ 2019-08-26T14:55:49+08:00 ] 59.42.90.58 /Admin/public/dologin.html
INFO: [ app_begin ] --START--
INFO: Run Behavior\ReadHtmlCacheBehavior [ RunTime:0.000391s ]
INFO: Run Behavior\CheckLangBehavior [ RunTime:0.000510s ]
INFO: [ app_begin ] --END-- [ RunTime:0.001163s ]
SQL: SHOW COLUMNS FROM `cmf_users` [ RunTime:0.0006s ]
SQL: SELECT * FROM `cmf_users` WHERE `user_login` = 'consult' LIMIT 1   [ RunTime:0.0003s ]
SQL: SHOW COLUMNS FROM `cmf_role_user` [ RunTime:0.0003s ]
SQL: SELECT `role_id` FROM cmf_role_user a INNER JOIN cmf_role as b on a.role_id =b.id  WHERE `user_id` = '20' AND `status` = 1  [ RunTime:0.0003s ]
SQL: UPDATE `cmf_users` SET `user_login`='consult',`user_pass`='###a8f3b8f0b4eb4fbb00e19de989ae86f7',`user_truename`=NULL,`user_nicename`='',`user_email`='b@qq.com',`user_url`='',`avatar`=NULL,`sex`='0',`birthday`='2000-01-01',`signature`=NULL,`last_login_ip`='59.42.90.58',`last_login_time`='2019-08-26 14:55:49',`create_time`='2019-08-07 15:13:53',`user_activation_key`='',`user_status`='1',`score`='0',`user_type`='1',`coin`='0',`mobile`='',`wechat`=NULL WHERE `id` = '20' [ RunTime:0.0072s ]

[ 2019-08-26T16:16:30+08:00 ] 59.42.90.58 /Admin/public/dologin.html
INFO: [ app_begin ] --START--
INFO: Run Behavior\ReadHtmlCacheBehavior [ RunTime:0.000442s ]
INFO: Run Behavior\CheckLangBehavior [ RunTime:0.000533s ]
INFO: [ app_begin ] --END-- [ RunTime:0.001242s ]
SQL: SHOW COLUMNS FROM `cmf_users` [ RunTime:0.0007s ]
SQL: SELECT * FROM `cmf_users` WHERE `user_login` = 'admin' LIMIT 1   [ RunTime:0.0003s ]
SQL: SHOW COLUMNS FROM `cmf_role_user` [ RunTime:0.0003s ]
SQL: SELECT `role_id` FROM cmf_role_user a INNER JOIN cmf_role as b on a.role_id =b.id  WHERE `user_id` = '1' AND `status` = 1  [ RunTime:0.0002s ]
SQL: UPDATE `cmf_users` SET `user_login`='admin',`user_pass`='###b6c7e65d115dcba6c57374e0699e03ed',`user_truename`='admin',`user_nicename`='admin',`user_email`='1@1.com',`user_url`='http://baidu.com',`avatar`='5982c2a769e2d.jpg',`sex`='0',`birthday`='2000-01-01',`signature`='个性签名',`last_login_ip`='59.42.90.58',`last_login_time`='2019-08-26 16:16:30',`create_time`='2017-02-11 09:06:51',`user_activation_key`='',`user_status`='1',`score`='0',`user_type`='1',`coin`='0',`mobile`='1111111',`wechat`='' WHERE `id` = '1' [ RunTime:0.0067s ]

[ 2019-08-26T16:56:17+08:00 ] 59.42.90.58 /Admin/public/dologin.html
INFO: [ app_begin ] --START--
INFO: Run Behavior\ReadHtmlCacheBehavior [ RunTime:0.000401s ]
INFO: Run Behavior\CheckLangBehavior [ RunTime:0.000539s ]
INFO: [ app_begin ] --END-- [ RunTime:0.001203s ]
SQL: SHOW COLUMNS FROM `cmf_users` [ RunTime:0.0006s ]
SQL: SELECT * FROM `cmf_users` WHERE `user_login` = 'consult' LIMIT 1   [ RunTime:0.0003s ]
SQL: SHOW COLUMNS FROM `cmf_role_user` [ RunTime:0.0003s ]
SQL: SELECT `role_id` FROM cmf_role_user a INNER JOIN cmf_role as b on a.role_id =b.id  WHERE `user_id` = '20' AND `status` = 1  [ RunTime:0.0002s ]
SQL: UPDATE `cmf_users` SET `user_login`='consult',`user_pass`='###a8f3b8f0b4eb4fbb00e19de989ae86f7',`user_truename`=NULL,`user_nicename`='',`user_email`='b@qq.com',`user_url`='',`avatar`=NULL,`sex`='0',`birthday`='2000-01-01',`signature`=NULL,`last_login_ip`='59.42.90.58',`last_login_time`='2019-08-26 16:56:17',`create_time`='2019-08-07 15:13:53',`user_activation_key`='',`user_status`='1',`score`='0',`user_type`='1',`coin`='0',`mobile`='',`wechat`=NULL WHERE `id` = '20' [ RunTime:0.0028s ]

[ 2019-08-26T16:59:45+08:00 ] 59.42.90.58 /Admin/public/dologin.html
INFO: [ app_begin ] --START--
INFO: Run Behavior\ReadHtmlCacheBehavior [ RunTime:0.000353s ]
INFO: Run Behavior\CheckLangBehavior [ RunTime:0.000565s ]
INFO: [ app_begin ] --END-- [ RunTime:0.001177s ]

[ 2019-08-26T16:59:47+08:00 ] 59.42.90.58 /Admin/public/dologin.html
INFO: [ app_begin ] --START--
INFO: Run Behavior\ReadHtmlCacheBehavior [ RunTime:0.000357s ]
INFO: Run Behavior\CheckLangBehavior [ RunTime:0.000536s ]
INFO: [ app_begin ] --END-- [ RunTime:0.001174s ]
SQL: SHOW COLUMNS FROM `cmf_users` [ RunTime:0.0006s ]
SQL: SELECT * FROM `cmf_users` WHERE `user_login` = 'admin' LIMIT 1   [ RunTime:0.0003s ]
SQL: SHOW COLUMNS FROM `cmf_role_user` [ RunTime:0.0003s ]
SQL: SELECT `role_id` FROM cmf_role_user a INNER JOIN cmf_role as b on a.role_id =b.id  WHERE `user_id` = '1' AND `status` = 1  [ RunTime:0.0002s ]
SQL: UPDATE `cmf_users` SET `user_login`='admin',`user_pass`='###b6c7e65d115dcba6c57374e0699e03ed',`user_truename`='admin',`user_nicename`='admin',`user_email`='1@1.com',`user_url`='http://baidu.com',`avatar`='5982c2a769e2d.jpg',`sex`='0',`birthday`='2000-01-01',`signature`='个性签名',`last_login_ip`='59.42.90.58',`last_login_time`='2019-08-26 16:59:47',`create_time`='2017-02-11 09:06:51',`user_activation_key`='',`user_status`='1',`score`='0',`user_type`='1',`coin`='0',`mobile`='1111111',`wechat`='' WHERE `id` = '1' [ RunTime:0.0049s ]

[ 2019-08-26T21:14:16+08:00 ] 117.136.41.84 /Admin/public/dologin.html
INFO: [ app_begin ] --START--
INFO: Run Behavior\ReadHtmlCacheBehavior [ RunTime:0.000389s ]
INFO: Run Behavior\CheckLangBehavior [ RunTime:0.000511s ]
INFO: [ app_begin ] --END-- [ RunTime:0.001162s ]

[ 2019-08-26T21:14:32+08:00 ] 117.136.41.84 /Admin/public/dologin.html
INFO: [ app_begin ] --START--
INFO: Run Behavior\ReadHtmlCacheBehavior [ RunTime:0.000360s ]
INFO: Run Behavior\CheckLangBehavior [ RunTime:0.000534s ]
INFO: [ app_begin ] --END-- [ RunTime:0.001154s ]
SQL: SHOW COLUMNS FROM `cmf_users` [ RunTime:0.0006s ]
SQL: SELECT * FROM `cmf_users` WHERE `user_login` = 'admin' LIMIT 1   [ RunTime:0.0003s ]
SQL: SHOW COLUMNS FROM `cmf_role_user` [ RunTime:0.0003s ]
SQL: SELECT `role_id` FROM cmf_role_user a INNER JOIN cmf_role as b on a.role_id =b.id  WHERE `user_id` = '1' AND `status` = 1  [ RunTime:0.0002s ]
SQL: UPDATE `cmf_users` SET `user_login`='admin',`user_pass`='###b6c7e65d115dcba6c57374e0699e03ed',`user_truename`='admin',`user_nicename`='admin',`user_email`='1@1.com',`user_url`='http://baidu.com',`avatar`='5982c2a769e2d.jpg',`sex`='0',`birthday`='2000-01-01',`signature`='个性签名',`last_login_ip`='117.136.41.84',`last_login_time`='2019-08-26 21:14:32',`create_time`='2017-02-11 09:06:51',`user_activation_key`='',`user_status`='1',`score`='0',`user_type`='1',`coin`='0',`mobile`='1111111',`wechat`='' WHERE `id` = '1' [ RunTime:0.0029s ]

