[ 2019-08-15T09:16:36+08:00 ] 59.42.91.3 /Admin/public/dologin.html
INFO: [ app_begin ] --START--
INFO: Run Behavior\ReadHtmlCacheBehavior [ RunTime:0.000366s ]
INFO: Run Behavior\CheckLangBehavior [ RunTime:0.000590s ]
INFO: [ app_begin ] --END-- [ RunTime:0.001253s ]
SQL: SHOW COLUMNS FROM `cmf_users` [ RunTime:0.0006s ]
SQL: SELECT * FROM `cmf_users` WHERE `user_login` = 'admin' LIMIT 1   [ RunTime:0.0003s ]
SQL: SHOW COLUMNS FROM `cmf_role_user` [ RunTime:0.0004s ]
SQL: SELECT `role_id` FROM cmf_role_user a INNER JOIN cmf_role as b on a.role_id =b.id  WHERE `user_id` = '1' AND `status` = 1  [ RunTime:0.0003s ]
SQL: UPDATE `cmf_users` SET `user_login`='admin',`user_pass`='###b6c7e65d115dcba6c57374e0699e03ed',`user_truename`='admin',`user_nicename`='admin',`user_email`='1@1.com',`user_url`='http://baidu.com',`avatar`='5982c2a769e2d.jpg',`sex`='0',`birthday`='2000-01-01',`signature`='个性签名',`last_login_ip`='59.42.91.3',`last_login_time`='2019-08-15 09:16:36',`create_time`='2017-02-11 09:06:51',`user_activation_key`='',`user_status`='1',`score`='0',`user_type`='1',`coin`='0',`mobile`='1111111',`wechat`='' WHERE `id` = '1' [ RunTime:0.0036s ]

[ 2019-08-15T10:17:10+08:00 ] 59.42.91.3 /Admin/public/dologin.html
INFO: [ app_begin ] --START--
INFO: Run Behavior\ReadHtmlCacheBehavior [ RunTime:0.000371s ]
INFO: Run Behavior\CheckLangBehavior [ RunTime:0.000523s ]
INFO: [ app_begin ] --END-- [ RunTime:0.001158s ]
SQL: SHOW COLUMNS FROM `cmf_users` [ RunTime:0.0006s ]
SQL: SELECT * FROM `cmf_users` WHERE `user_login` = 'owner' LIMIT 1   [ RunTime:0.0003s ]
SQL: SHOW COLUMNS FROM `cmf_role_user` [ RunTime:0.0003s ]
SQL: SELECT `role_id` FROM cmf_role_user a INNER JOIN cmf_role as b on a.role_id =b.id  WHERE `user_id` = '13' AND `status` = 1  [ RunTime:0.0003s ]
SQL: UPDATE `cmf_users` SET `user_login`='owner',`user_pass`='###cf0a908a9cfd56cfd3e8eeb8fda5a8a3',`user_truename`='',`user_nicename`='',`user_email`='ss@q.com',`user_url`='',`avatar`='',`sex`='0',`birthday`='2000-01-01',`signature`='',`last_login_ip`='59.42.91.3',`last_login_time`='2019-08-15 10:17:10',`create_time`='2018-07-12 09:38:26',`user_activation_key`='',`user_status`='1',`score`='0',`user_type`='1',`coin`='0',`mobile`='',`wechat`='' WHERE `id` = '13' [ RunTime:0.0031s ]

[ 2019-08-15T17:08:07+08:00 ] 183.3.255.32 /Admin/public/dologin.html
INFO: [ app_begin ] --START--
INFO: Run Behavior\ReadHtmlCacheBehavior [ RunTime:0.000377s ]
INFO: Run Behavior\CheckLangBehavior [ RunTime:0.000532s ]
INFO: [ app_begin ] --END-- [ RunTime:0.001183s ]

[ 2019-08-15T17:08:12+08:00 ] 183.3.255.32 /Admin/public/dologin.html
INFO: [ app_begin ] --START--
INFO: Run Behavior\ReadHtmlCacheBehavior [ RunTime:0.000373s ]
INFO: Run Behavior\CheckLangBehavior [ RunTime:0.000614s ]
INFO: [ app_begin ] --END-- [ RunTime:0.001295s ]
SQL: SHOW COLUMNS FROM `cmf_users` [ RunTime:0.0006s ]
SQL: SELECT * FROM `cmf_users` WHERE `user_login` = 'admin' LIMIT 1   [ RunTime:0.0003s ]
SQL: SHOW COLUMNS FROM `cmf_role_user` [ RunTime:0.0003s ]
SQL: SELECT `role_id` FROM cmf_role_user a INNER JOIN cmf_role as b on a.role_id =b.id  WHERE `user_id` = '1' AND `status` = 1  [ RunTime:0.0002s ]
SQL: UPDATE `cmf_users` SET `user_login`='admin',`user_pass`='###b6c7e65d115dcba6c57374e0699e03ed',`user_truename`='admin',`user_nicename`='admin',`user_email`='1@1.com',`user_url`='http://baidu.com',`avatar`='5982c2a769e2d.jpg',`sex`='0',`birthday`='2000-01-01',`signature`='个性签名',`last_login_ip`='117.136.79.11',`last_login_time`='2019-08-15 17:08:12',`create_time`='2017-02-11 09:06:51',`user_activation_key`='',`user_status`='1',`score`='0',`user_type`='1',`coin`='0',`mobile`='1111111',`wechat`='' WHERE `id` = '1' [ RunTime:0.0031s ]

[ 2019-08-15T17:10:17+08:00 ] 59.42.91.3 /Admin/public/dologin.html
INFO: [ app_begin ] --START--
INFO: Run Behavior\ReadHtmlCacheBehavior [ RunTime:0.000368s ]
INFO: Run Behavior\CheckLangBehavior [ RunTime:0.000559s ]
INFO: [ app_begin ] --END-- [ RunTime:0.001203s ]

[ 2019-08-15T17:12:33+08:00 ] 183.3.255.32 /Admin/public/dologin.html
INFO: [ app_begin ] --START--
INFO: Run Behavior\ReadHtmlCacheBehavior [ RunTime:0.000379s ]
INFO: Run Behavior\CheckLangBehavior [ RunTime:0.000525s ]
INFO: [ app_begin ] --END-- [ RunTime:0.001173s ]
SQL: SHOW COLUMNS FROM `cmf_users` [ RunTime:0.0006s ]
SQL: SELECT * FROM `cmf_users` WHERE `user_login` = 'admin' LIMIT 1   [ RunTime:0.0003s ]
SQL: SHOW COLUMNS FROM `cmf_role_user` [ RunTime:0.0003s ]
SQL: SELECT `role_id` FROM cmf_role_user a INNER JOIN cmf_role as b on a.role_id =b.id  WHERE `user_id` = '1' AND `status` = 1  [ RunTime:0.0002s ]
SQL: UPDATE `cmf_users` SET `user_login`='admin',`user_pass`='###b6c7e65d115dcba6c57374e0699e03ed',`user_truename`='admin',`user_nicename`='admin',`user_email`='1@1.com',`user_url`='http://baidu.com',`avatar`='5982c2a769e2d.jpg',`sex`='0',`birthday`='2000-01-01',`signature`='个性签名',`last_login_ip`='0.0.0.0',`last_login_time`='2019-08-15 17:12:33',`create_time`='2017-02-11 09:06:51',`user_activation_key`='',`user_status`='1',`score`='0',`user_type`='1',`coin`='0',`mobile`='1111111',`wechat`='' WHERE `id` = '1' [ RunTime:0.0051s ]

[ 2019-08-15T17:20:47+08:00 ] 59.42.91.3 /Admin/public/dologin.html
INFO: [ app_begin ] --START--
INFO: Run Behavior\ReadHtmlCacheBehavior [ RunTime:0.000356s ]
INFO: Run Behavior\CheckLangBehavior [ RunTime:0.000563s ]
INFO: [ app_begin ] --END-- [ RunTime:0.001192s ]
SQL: SHOW COLUMNS FROM `cmf_users` [ RunTime:0.0006s ]
SQL: SELECT * FROM `cmf_users` WHERE `user_login` = 'admin' LIMIT 1   [ RunTime:0.0003s ]
SQL: SHOW COLUMNS FROM `cmf_role_user` [ RunTime:0.0003s ]
SQL: SELECT `role_id` FROM cmf_role_user a INNER JOIN cmf_role as b on a.role_id =b.id  WHERE `user_id` = '1' AND `status` = 1  [ RunTime:0.0003s ]
SQL: UPDATE `cmf_users` SET `user_login`='admin',`user_pass`='###b6c7e65d115dcba6c57374e0699e03ed',`user_truename`='admin',`user_nicename`='admin',`user_email`='1@1.com',`user_url`='http://baidu.com',`avatar`='5982c2a769e2d.jpg',`sex`='0',`birthday`='2000-01-01',`signature`='个性签名',`last_login_ip`='59.42.91.3',`last_login_time`='2019-08-15 17:20:47',`create_time`='2017-02-11 09:06:51',`user_activation_key`='',`user_status`='1',`score`='0',`user_type`='1',`coin`='0',`mobile`='1111111',`wechat`='' WHERE `id` = '1' [ RunTime:0.0031s ]

[ 2019-08-15T17:38:01+08:00 ] 59.42.91.3 /Admin/public/dologin.html
INFO: [ app_begin ] --START--
INFO: Run Behavior\ReadHtmlCacheBehavior [ RunTime:0.000391s ]
INFO: Run Behavior\CheckLangBehavior [ RunTime:0.000525s ]
INFO: [ app_begin ] --END-- [ RunTime:0.001197s ]
SQL: SHOW COLUMNS FROM `cmf_users` [ RunTime:0.0006s ]
SQL: SELECT * FROM `cmf_users` WHERE `user_login` = 'owner' LIMIT 1   [ RunTime:0.0003s ]
SQL: SHOW COLUMNS FROM `cmf_role_user` [ RunTime:0.0003s ]
SQL: SELECT `role_id` FROM cmf_role_user a INNER JOIN cmf_role as b on a.role_id =b.id  WHERE `user_id` = '13' AND `status` = 1  [ RunTime:0.0003s ]
SQL: UPDATE `cmf_users` SET `user_login`='owner',`user_pass`='###cf0a908a9cfd56cfd3e8eeb8fda5a8a3',`user_truename`='',`user_nicename`='',`user_email`='ss@q.com',`user_url`='',`avatar`='',`sex`='0',`birthday`='2000-01-01',`signature`='',`last_login_ip`='59.42.91.3',`last_login_time`='2019-08-15 17:38:01',`create_time`='2018-07-12 09:38:26',`user_activation_key`='',`user_status`='1',`score`='0',`user_type`='1',`coin`='0',`mobile`='',`wechat`='' WHERE `id` = '13' [ RunTime:0.0030s ]

