[ 2019-08-07T08:56:35+08:00 ] 59.42.91.222 /Admin/public/dologin.html
INFO: [ app_begin ] --START--
INFO: Run Behavior\ReadHtmlCacheBehavior [ RunTime:0.000393s ]
INFO: Run Behavior\CheckLangBehavior [ RunTime:0.000566s ]
INFO: [ app_begin ] --END-- [ RunTime:0.001227s ]
SQL: SHOW COLUMNS FROM `cmf_users` [ RunTime:0.0007s ]
SQL: SELECT * FROM `cmf_users` WHERE `user_login` = 'owner' LIMIT 1   [ RunTime:0.0003s ]
SQL: SHOW COLUMNS FROM `cmf_role_user` [ RunTime:0.0003s ]
SQL: SELECT `role_id` FROM cmf_role_user a INNER JOIN cmf_role as b on a.role_id =b.id  WHERE `user_id` = '13' AND `status` = 1  [ RunTime:0.0002s ]
SQL: UPDATE `cmf_users` SET `user_login`='owner',`user_pass`='###cf0a908a9cfd56cfd3e8eeb8fda5a8a3',`user_truename`='',`user_nicename`='',`user_email`='ss@q.com',`user_url`='',`avatar`='',`sex`='0',`birthday`='2000-01-01',`signature`='',`last_login_ip`='59.42.91.222',`last_login_time`='2019-08-07 08:56:35',`create_time`='2018-07-12 09:38:26',`user_activation_key`='',`user_status`='1',`score`='0',`user_type`='1',`coin`='0',`mobile`='',`wechat`='' WHERE `id` = '13' [ RunTime:0.0032s ]

[ 2019-08-07T14:37:25+08:00 ] 59.42.91.222 /Admin/public/dologin.html
INFO: [ app_begin ] --START--
INFO: Run Behavior\ReadHtmlCacheBehavior [ RunTime:0.000430s ]
INFO: Run Behavior\CheckLangBehavior [ RunTime:0.000530s ]
INFO: [ app_begin ] --END-- [ RunTime:0.001233s ]
SQL: SHOW COLUMNS FROM `cmf_users` [ RunTime:0.0006s ]
SQL: SELECT * FROM `cmf_users` WHERE `user_login` = 'admin' LIMIT 1   [ RunTime:0.0003s ]
SQL: SHOW COLUMNS FROM `cmf_role_user` [ RunTime:0.0003s ]
SQL: SELECT `role_id` FROM cmf_role_user a INNER JOIN cmf_role as b on a.role_id =b.id  WHERE `user_id` = '1' AND `status` = 1  [ RunTime:0.0002s ]
SQL: UPDATE `cmf_users` SET `user_login`='admin',`user_pass`='###b6c7e65d115dcba6c57374e0699e03ed',`user_truename`='admin',`user_nicename`='admin',`user_email`='1@1.com',`user_url`='http://baidu.com',`avatar`='5982c2a769e2d.jpg',`sex`='0',`birthday`='2000-01-01',`signature`='个性签名',`last_login_ip`='59.42.91.222',`last_login_time`='2019-08-07 14:37:25',`create_time`='2017-02-11 09:06:51',`user_activation_key`='',`user_status`='1',`score`='0',`user_type`='1',`coin`='0',`mobile`='1111111',`wechat`='' WHERE `id` = '1' [ RunTime:0.0030s ]

[ 2019-08-07T15:10:32+08:00 ] 59.42.91.222 /Admin/public/dologin.html
INFO: [ app_begin ] --START--
INFO: Run Behavior\ReadHtmlCacheBehavior [ RunTime:0.000376s ]
INFO: Run Behavior\CheckLangBehavior [ RunTime:0.000622s ]
INFO: [ app_begin ] --END-- [ RunTime:0.001264s ]
SQL: SHOW COLUMNS FROM `cmf_users` [ RunTime:0.0007s ]
SQL: SELECT * FROM `cmf_users` WHERE `user_login` = 'consulting' LIMIT 1   [ RunTime:0.0003s ]
SQL: SHOW COLUMNS FROM `cmf_role_user` [ RunTime:0.0004s ]
SQL: SELECT `role_id` FROM cmf_role_user a INNER JOIN cmf_role as b on a.role_id =b.id  WHERE `user_id` = '19' AND `status` = 1  [ RunTime:0.0003s ]
SQL: UPDATE `cmf_users` SET `user_login`='consulting',`user_pass`='###43943fa46a804f25a3a3cde4ea50bba1',`user_truename`=NULL,`user_nicename`='',`user_email`='a@qq.com',`user_url`='',`avatar`=NULL,`sex`='0',`birthday`='2000-01-01',`signature`=NULL,`last_login_ip`='59.42.91.222',`last_login_time`='2019-08-07 15:10:32',`create_time`='2019-08-07 15:10:10',`user_activation_key`='',`user_status`='1',`score`='0',`user_type`='1',`coin`='0',`mobile`='',`wechat`=NULL WHERE `id` = '19' [ RunTime:0.0073s ]

[ 2019-08-07T15:11:32+08:00 ] 59.42.91.222 /Admin/public/dologin.html
INFO: [ app_begin ] --START--
INFO: Run Behavior\ReadHtmlCacheBehavior [ RunTime:0.000430s ]
INFO: Run Behavior\CheckLangBehavior [ RunTime:0.000516s ]
INFO: [ app_begin ] --END-- [ RunTime:0.001206s ]

[ 2019-08-07T15:11:40+08:00 ] 59.42.91.222 /Admin/public/dologin.html
INFO: [ app_begin ] --START--
INFO: Run Behavior\ReadHtmlCacheBehavior [ RunTime:0.000403s ]
INFO: Run Behavior\CheckLangBehavior [ RunTime:0.000516s ]
INFO: [ app_begin ] --END-- [ RunTime:0.001218s ]

[ 2019-08-07T15:11:44+08:00 ] 59.42.91.222 /Admin/public/dologin.html
INFO: [ app_begin ] --START--
INFO: Run Behavior\ReadHtmlCacheBehavior [ RunTime:0.000381s ]
INFO: Run Behavior\CheckLangBehavior [ RunTime:0.000530s ]
INFO: [ app_begin ] --END-- [ RunTime:0.001184s ]
SQL: SHOW COLUMNS FROM `cmf_users` [ RunTime:0.0006s ]
SQL: SELECT * FROM `cmf_users` WHERE `user_login` = 'admin' LIMIT 1   [ RunTime:0.0003s ]
SQL: SHOW COLUMNS FROM `cmf_role_user` [ RunTime:0.0003s ]
SQL: SELECT `role_id` FROM cmf_role_user a INNER JOIN cmf_role as b on a.role_id =b.id  WHERE `user_id` = '1' AND `status` = 1  [ RunTime:0.0002s ]
SQL: UPDATE `cmf_users` SET `user_login`='admin',`user_pass`='###b6c7e65d115dcba6c57374e0699e03ed',`user_truename`='admin',`user_nicename`='admin',`user_email`='1@1.com',`user_url`='http://baidu.com',`avatar`='5982c2a769e2d.jpg',`sex`='0',`birthday`='2000-01-01',`signature`='个性签名',`last_login_ip`='59.42.91.222',`last_login_time`='2019-08-07 15:11:44',`create_time`='2017-02-11 09:06:51',`user_activation_key`='',`user_status`='1',`score`='0',`user_type`='1',`coin`='0',`mobile`='1111111',`wechat`='' WHERE `id` = '1' [ RunTime:0.0063s ]

[ 2019-08-07T15:14:39+08:00 ] 59.42.91.222 /Admin/public/dologin.html
INFO: [ app_begin ] --START--
INFO: Run Behavior\ReadHtmlCacheBehavior [ RunTime:0.000362s ]
INFO: Run Behavior\CheckLangBehavior [ RunTime:0.000564s ]
INFO: [ app_begin ] --END-- [ RunTime:0.001222s ]
SQL: SHOW COLUMNS FROM `cmf_users` [ RunTime:0.0006s ]
SQL: SELECT * FROM `cmf_users` WHERE `user_login` = 'consult' LIMIT 1   [ RunTime:0.0003s ]
SQL: SHOW COLUMNS FROM `cmf_role_user` [ RunTime:0.0003s ]
SQL: SELECT `role_id` FROM cmf_role_user a INNER JOIN cmf_role as b on a.role_id =b.id  WHERE `user_id` = '20' AND `status` = 1  [ RunTime:0.0003s ]
SQL: UPDATE `cmf_users` SET `user_login`='consult',`user_pass`='###da45c543d7d7ecd71654e3629915afcb',`user_truename`=NULL,`user_nicename`='',`user_email`='b@qq.com',`user_url`='',`avatar`=NULL,`sex`='0',`birthday`='2000-01-01',`signature`=NULL,`last_login_ip`='59.42.91.222',`last_login_time`='2019-08-07 15:14:39',`create_time`='2019-08-07 15:13:53',`user_activation_key`='',`user_status`='1',`score`='0',`user_type`='1',`coin`='0',`mobile`='',`wechat`=NULL WHERE `id` = '20' [ RunTime:0.0026s ]

[ 2019-08-07T15:18:10+08:00 ] 59.42.91.222 /Admin/public/dologin.html
INFO: [ app_begin ] --START--
INFO: Run Behavior\ReadHtmlCacheBehavior [ RunTime:0.000372s ]
INFO: Run Behavior\CheckLangBehavior [ RunTime:0.000537s ]
INFO: [ app_begin ] --END-- [ RunTime:0.001168s ]
SQL: SHOW COLUMNS FROM `cmf_users` [ RunTime:0.0006s ]
SQL: SELECT * FROM `cmf_users` WHERE `user_login` = 'consulting' LIMIT 1   [ RunTime:0.0003s ]
SQL: SHOW COLUMNS FROM `cmf_role_user` [ RunTime:0.0003s ]
SQL: SELECT `role_id` FROM cmf_role_user a INNER JOIN cmf_role as b on a.role_id =b.id  WHERE `user_id` = '21' AND `status` = 1  [ RunTime:0.0002s ]
SQL: UPDATE `cmf_users` SET `user_login`='consulting',`user_pass`='###43943fa46a804f25a3a3cde4ea50bba1',`user_truename`=NULL,`user_nicename`='',`user_email`='c@qq.com',`user_url`='',`avatar`=NULL,`sex`='0',`birthday`='2000-01-01',`signature`=NULL,`last_login_ip`='59.42.91.222',`last_login_time`='2019-08-07 15:18:10',`create_time`='2019-08-07 15:17:41',`user_activation_key`='',`user_status`='1',`score`='0',`user_type`='1',`coin`='0',`mobile`='',`wechat`=NULL WHERE `id` = '21' [ RunTime:0.0031s ]

[ 2019-08-07T15:30:28+08:00 ] 59.42.91.222 /Admin/public/dologin.html
INFO: [ app_begin ] --START--
INFO: Run Behavior\ReadHtmlCacheBehavior [ RunTime:0.000378s ]
INFO: Run Behavior\CheckLangBehavior [ RunTime:0.000556s ]
INFO: [ app_begin ] --END-- [ RunTime:0.001250s ]
SQL: SHOW COLUMNS FROM `cmf_users` [ RunTime:0.0006s ]
SQL: SELECT * FROM `cmf_users` WHERE `user_login` = 'consult' LIMIT 1   [ RunTime:0.0003s ]
SQL: SHOW COLUMNS FROM `cmf_role_user` [ RunTime:0.0003s ]
SQL: SELECT `role_id` FROM cmf_role_user a INNER JOIN cmf_role as b on a.role_id =b.id  WHERE `user_id` = '20' AND `status` = 1  [ RunTime:0.0002s ]
SQL: UPDATE `cmf_users` SET `user_login`='consult',`user_pass`='###da45c543d7d7ecd71654e3629915afcb',`user_truename`=NULL,`user_nicename`='',`user_email`='b@qq.com',`user_url`='',`avatar`=NULL,`sex`='0',`birthday`='2000-01-01',`signature`=NULL,`last_login_ip`='59.42.91.222',`last_login_time`='2019-08-07 15:30:28',`create_time`='2019-08-07 15:13:53',`user_activation_key`='',`user_status`='1',`score`='0',`user_type`='1',`coin`='0',`mobile`='',`wechat`=NULL WHERE `id` = '20' [ RunTime:0.0025s ]

[ 2019-08-07T15:31:01+08:00 ] 59.42.91.222 /Admin/public/dologin.html
INFO: [ app_begin ] --START--
INFO: Run Behavior\ReadHtmlCacheBehavior [ RunTime:0.000379s ]
INFO: Run Behavior\CheckLangBehavior [ RunTime:0.000540s ]
INFO: [ app_begin ] --END-- [ RunTime:0.001178s ]
SQL: SHOW COLUMNS FROM `cmf_users` [ RunTime:0.0007s ]
SQL: SELECT * FROM `cmf_users` WHERE `user_login` = 'admin' LIMIT 1   [ RunTime:0.0003s ]
SQL: SHOW COLUMNS FROM `cmf_role_user` [ RunTime:0.0003s ]
SQL: SELECT `role_id` FROM cmf_role_user a INNER JOIN cmf_role as b on a.role_id =b.id  WHERE `user_id` = '1' AND `status` = 1  [ RunTime:0.0002s ]
SQL: UPDATE `cmf_users` SET `user_login`='admin',`user_pass`='###b6c7e65d115dcba6c57374e0699e03ed',`user_truename`='admin',`user_nicename`='admin',`user_email`='1@1.com',`user_url`='http://baidu.com',`avatar`='5982c2a769e2d.jpg',`sex`='0',`birthday`='2000-01-01',`signature`='个性签名',`last_login_ip`='59.42.91.222',`last_login_time`='2019-08-07 15:31:01',`create_time`='2017-02-11 09:06:51',`user_activation_key`='',`user_status`='1',`score`='0',`user_type`='1',`coin`='0',`mobile`='1111111',`wechat`='' WHERE `id` = '1' [ RunTime:0.0032s ]

[ 2019-08-07T21:08:50+08:00 ] 117.136.79.43 /Admin/public/dologin.html
INFO: [ app_begin ] --START--
INFO: Run Behavior\ReadHtmlCacheBehavior [ RunTime:0.000388s ]
INFO: Run Behavior\CheckLangBehavior [ RunTime:0.000563s ]
INFO: [ app_begin ] --END-- [ RunTime:0.001251s ]
SQL: SHOW COLUMNS FROM `cmf_users` [ RunTime:0.0006s ]
SQL: SELECT * FROM `cmf_users` WHERE `user_login` = 'admin' LIMIT 1   [ RunTime:0.0003s ]
SQL: SHOW COLUMNS FROM `cmf_role_user` [ RunTime:0.0003s ]
SQL: SELECT `role_id` FROM cmf_role_user a INNER JOIN cmf_role as b on a.role_id =b.id  WHERE `user_id` = '1' AND `status` = 1  [ RunTime:0.0002s ]
SQL: UPDATE `cmf_users` SET `user_login`='admin',`user_pass`='###b6c7e65d115dcba6c57374e0699e03ed',`user_truename`='admin',`user_nicename`='admin',`user_email`='1@1.com',`user_url`='http://baidu.com',`avatar`='5982c2a769e2d.jpg',`sex`='0',`birthday`='2000-01-01',`signature`='个性签名',`last_login_ip`='117.136.79.43',`last_login_time`='2019-08-07 21:08:50',`create_time`='2017-02-11 09:06:51',`user_activation_key`='',`user_status`='1',`score`='0',`user_type`='1',`coin`='0',`mobile`='1111111',`wechat`='' WHERE `id` = '1' [ RunTime:0.0107s ]

[ 2019-08-07T22:00:57+08:00 ] 117.136.79.43 /Admin/public/dologin.html
INFO: [ app_begin ] --START--
INFO: Run Behavior\ReadHtmlCacheBehavior [ RunTime:0.000392s ]
INFO: Run Behavior\CheckLangBehavior [ RunTime:0.000613s ]
INFO: [ app_begin ] --END-- [ RunTime:0.001321s ]
SQL: SHOW COLUMNS FROM `cmf_users` [ RunTime:0.0006s ]
SQL: SELECT * FROM `cmf_users` WHERE `user_login` = 'admin' LIMIT 1   [ RunTime:0.0003s ]
SQL: SHOW COLUMNS FROM `cmf_role_user` [ RunTime:0.0003s ]
SQL: SELECT `role_id` FROM cmf_role_user a INNER JOIN cmf_role as b on a.role_id =b.id  WHERE `user_id` = '1' AND `status` = 1  [ RunTime:0.0002s ]
SQL: UPDATE `cmf_users` SET `user_login`='admin',`user_pass`='###b6c7e65d115dcba6c57374e0699e03ed',`user_truename`='admin',`user_nicename`='admin',`user_email`='1@1.com',`user_url`='http://baidu.com',`avatar`='5982c2a769e2d.jpg',`sex`='0',`birthday`='2000-01-01',`signature`='个性签名',`last_login_ip`='117.136.79.43',`last_login_time`='2019-08-07 22:00:57',`create_time`='2017-02-11 09:06:51',`user_activation_key`='',`user_status`='1',`score`='0',`user_type`='1',`coin`='0',`mobile`='1111111',`wechat`='' WHERE `id` = '1' [ RunTime:0.0042s ]

[ 2019-08-07T23:47:15+08:00 ] 113.67.159.44 /Admin/public/dologin.html
INFO: [ app_begin ] --START--
INFO: Run Behavior\ReadHtmlCacheBehavior [ RunTime:0.000403s ]
INFO: Run Behavior\CheckLangBehavior [ RunTime:0.000594s ]
INFO: [ app_begin ] --END-- [ RunTime:0.001298s ]
SQL: SHOW COLUMNS FROM `cmf_users` [ RunTime:0.0006s ]
SQL: SELECT * FROM `cmf_users` WHERE `user_login` = 'admin' LIMIT 1   [ RunTime:0.0003s ]
SQL: SHOW COLUMNS FROM `cmf_role_user` [ RunTime:0.0003s ]
SQL: SELECT `role_id` FROM cmf_role_user a INNER JOIN cmf_role as b on a.role_id =b.id  WHERE `user_id` = '1' AND `status` = 1  [ RunTime:0.0002s ]
SQL: UPDATE `cmf_users` SET `user_login`='admin',`user_pass`='###b6c7e65d115dcba6c57374e0699e03ed',`user_truename`='admin',`user_nicename`='admin',`user_email`='1@1.com',`user_url`='http://baidu.com',`avatar`='5982c2a769e2d.jpg',`sex`='0',`birthday`='2000-01-01',`signature`='个性签名',`last_login_ip`='113.67.159.44',`last_login_time`='2019-08-07 23:47:15',`create_time`='2017-02-11 09:06:51',`user_activation_key`='',`user_status`='1',`score`='0',`user_type`='1',`coin`='0',`mobile`='1111111',`wechat`='' WHERE `id` = '1' [ RunTime:0.0039s ]

