[ 2019-06-11T08:45:25+08:00 ] 59.42.90.248 /Admin/public/dologin.html
INFO: [ app_begin ] --START--
INFO: Run Behavior\ReadHtmlCacheBehavior [ RunTime:0.000360s ]
INFO: Run Behavior\CheckLangBehavior [ RunTime:0.000552s ]
INFO: [ app_begin ] --END-- [ RunTime:0.001169s ]
SQL: SHOW COLUMNS FROM `cmf_users` [ RunTime:0.0006s ]
SQL: SELECT * FROM `cmf_users` WHERE `user_login` = 'owner' LIMIT 1   [ RunTime:0.0003s ]
SQL: SHOW COLUMNS FROM `cmf_role_user` [ RunTime:0.0003s ]
SQL: SELECT `role_id` FROM cmf_role_user a INNER JOIN cmf_role as b on a.role_id =b.id  WHERE `user_id` = '13' AND `status` = 1  [ RunTime:0.0003s ]
SQL: UPDATE `cmf_users` SET `user_login`='owner',`user_pass`='###cf0a908a9cfd56cfd3e8eeb8fda5a8a3',`user_truename`='',`user_nicename`='',`user_email`='ss@q.com',`user_url`='',`avatar`='',`sex`='0',`birthday`='2000-01-01',`signature`='',`last_login_ip`='59.42.90.248',`last_login_time`='2019-06-11 08:45:25',`create_time`='2018-07-12 09:38:26',`user_activation_key`='',`user_status`='1',`score`='0',`user_type`='1',`coin`='0',`mobile`='',`wechat`='' WHERE `id` = '13' [ RunTime:0.0024s ]

[ 2019-06-11T09:21:50+08:00 ] 59.42.90.248 /Admin/public/dologin.html
INFO: [ app_begin ] --START--
INFO: Run Behavior\ReadHtmlCacheBehavior [ RunTime:0.000358s ]
INFO: Run Behavior\CheckLangBehavior [ RunTime:0.000584s ]
INFO: [ app_begin ] --END-- [ RunTime:0.001202s ]
SQL: SHOW COLUMNS FROM `cmf_users` [ RunTime:0.0006s ]
SQL: SELECT * FROM `cmf_users` WHERE `user_login` = 'owner' LIMIT 1   [ RunTime:0.0003s ]
SQL: SHOW COLUMNS FROM `cmf_role_user` [ RunTime:0.0003s ]
SQL: SELECT `role_id` FROM cmf_role_user a INNER JOIN cmf_role as b on a.role_id =b.id  WHERE `user_id` = '13' AND `status` = 1  [ RunTime:0.0003s ]
SQL: UPDATE `cmf_users` SET `user_login`='owner',`user_pass`='###cf0a908a9cfd56cfd3e8eeb8fda5a8a3',`user_truename`='',`user_nicename`='',`user_email`='ss@q.com',`user_url`='',`avatar`='',`sex`='0',`birthday`='2000-01-01',`signature`='',`last_login_ip`='59.42.90.248',`last_login_time`='2019-06-11 09:21:50',`create_time`='2018-07-12 09:38:26',`user_activation_key`='',`user_status`='1',`score`='0',`user_type`='1',`coin`='0',`mobile`='',`wechat`='' WHERE `id` = '13' [ RunTime:0.0031s ]

[ 2019-06-11T09:31:07+08:00 ] 59.42.90.248 /Admin/public/dologin.html
INFO: [ app_begin ] --START--
INFO: Run Behavior\ReadHtmlCacheBehavior [ RunTime:0.000389s ]
INFO: Run Behavior\CheckLangBehavior [ RunTime:0.000519s ]
INFO: [ app_begin ] --END-- [ RunTime:0.001164s ]
SQL: SHOW COLUMNS FROM `cmf_users` [ RunTime:0.0005s ]
SQL: SELECT * FROM `cmf_users` WHERE `user_login` = 'owner' LIMIT 1   [ RunTime:0.0002s ]
SQL: SHOW COLUMNS FROM `cmf_role_user` [ RunTime:0.0002s ]
SQL: SELECT `role_id` FROM cmf_role_user a INNER JOIN cmf_role as b on a.role_id =b.id  WHERE `user_id` = '13' AND `status` = 1  [ RunTime:0.0002s ]
SQL: UPDATE `cmf_users` SET `user_login`='owner',`user_pass`='###cf0a908a9cfd56cfd3e8eeb8fda5a8a3',`user_truename`='',`user_nicename`='',`user_email`='ss@q.com',`user_url`='',`avatar`='',`sex`='0',`birthday`='2000-01-01',`signature`='',`last_login_ip`='59.42.90.248',`last_login_time`='2019-06-11 09:31:07',`create_time`='2018-07-12 09:38:26',`user_activation_key`='',`user_status`='1',`score`='0',`user_type`='1',`coin`='0',`mobile`='',`wechat`='' WHERE `id` = '13' [ RunTime:0.0028s ]

[ 2019-06-11T13:34:35+08:00 ] 59.42.90.248 /Admin/public/dologin.html
INFO: [ app_begin ] --START--
INFO: Run Behavior\ReadHtmlCacheBehavior [ RunTime:0.000361s ]
INFO: Run Behavior\CheckLangBehavior [ RunTime:0.000599s ]
INFO: [ app_begin ] --END-- [ RunTime:0.001248s ]
SQL: SHOW COLUMNS FROM `cmf_users` [ RunTime:0.0006s ]
SQL: SELECT * FROM `cmf_users` WHERE `user_login` = 'owner' LIMIT 1   [ RunTime:0.0003s ]
SQL: SHOW COLUMNS FROM `cmf_role_user` [ RunTime:0.0003s ]
SQL: SELECT `role_id` FROM cmf_role_user a INNER JOIN cmf_role as b on a.role_id =b.id  WHERE `user_id` = '13' AND `status` = 1  [ RunTime:0.0002s ]
SQL: UPDATE `cmf_users` SET `user_login`='owner',`user_pass`='###cf0a908a9cfd56cfd3e8eeb8fda5a8a3',`user_truename`='',`user_nicename`='',`user_email`='ss@q.com',`user_url`='',`avatar`='',`sex`='0',`birthday`='2000-01-01',`signature`='',`last_login_ip`='59.42.90.248',`last_login_time`='2019-06-11 13:34:35',`create_time`='2018-07-12 09:38:26',`user_activation_key`='',`user_status`='1',`score`='0',`user_type`='1',`coin`='0',`mobile`='',`wechat`='' WHERE `id` = '13' [ RunTime:0.0027s ]

[ 2019-06-11T14:47:55+08:00 ] 59.42.90.248 /Admin/public/dologin.html
INFO: [ app_begin ] --START--
INFO: Run Behavior\ReadHtmlCacheBehavior [ RunTime:0.000368s ]
INFO: Run Behavior\CheckLangBehavior [ RunTime:0.000513s ]
INFO: [ app_begin ] --END-- [ RunTime:0.001158s ]

[ 2019-06-11T14:48:00+08:00 ] 59.42.90.248 /Admin/public/dologin.html
INFO: [ app_begin ] --START--
INFO: Run Behavior\ReadHtmlCacheBehavior [ RunTime:0.000358s ]
INFO: Run Behavior\CheckLangBehavior [ RunTime:0.000548s ]
INFO: [ app_begin ] --END-- [ RunTime:0.001171s ]
SQL: SHOW COLUMNS FROM `cmf_users` [ RunTime:0.0006s ]
SQL: SELECT * FROM `cmf_users` WHERE `user_login` = 'owner' LIMIT 1   [ RunTime:0.0003s ]
SQL: SHOW COLUMNS FROM `cmf_role_user` [ RunTime:0.0003s ]
SQL: SELECT `role_id` FROM cmf_role_user a INNER JOIN cmf_role as b on a.role_id =b.id  WHERE `user_id` = '13' AND `status` = 1  [ RunTime:0.0002s ]
SQL: UPDATE `cmf_users` SET `user_login`='owner',`user_pass`='###cf0a908a9cfd56cfd3e8eeb8fda5a8a3',`user_truename`='',`user_nicename`='',`user_email`='ss@q.com',`user_url`='',`avatar`='',`sex`='0',`birthday`='2000-01-01',`signature`='',`last_login_ip`='59.42.90.248',`last_login_time`='2019-06-11 14:48:00',`create_time`='2018-07-12 09:38:26',`user_activation_key`='',`user_status`='1',`score`='0',`user_type`='1',`coin`='0',`mobile`='',`wechat`='' WHERE `id` = '13' [ RunTime:0.0028s ]

