[ 2019-08-12T07:47:50+08:00 ] 117.136.79.250 /Admin/public/dologin.html
INFO: [ app_begin ] --START--
INFO: Run Behavior\ReadHtmlCacheBehavior [ RunTime:0.000354s ]
INFO: Run Behavior\CheckLangBehavior [ RunTime:0.000527s ]
INFO: [ app_begin ] --END-- [ RunTime:0.001144s ]
SQL: SHOW COLUMNS FROM `cmf_users` [ RunTime:0.0006s ]
SQL: SELECT * FROM `cmf_users` WHERE `user_login` = 'admin' LIMIT 1   [ RunTime:0.0003s ]
SQL: SHOW COLUMNS FROM `cmf_role_user` [ RunTime:0.0003s ]
SQL: SELECT `role_id` FROM cmf_role_user a INNER JOIN cmf_role as b on a.role_id =b.id  WHERE `user_id` = '1' AND `status` = 1  [ RunTime:0.0003s ]
SQL: UPDATE `cmf_users` SET `user_login`='admin',`user_pass`='###b6c7e65d115dcba6c57374e0699e03ed',`user_truename`='admin',`user_nicename`='admin',`user_email`='1@1.com',`user_url`='http://baidu.com',`avatar`='5982c2a769e2d.jpg',`sex`='0',`birthday`='2000-01-01',`signature`='个性签名',`last_login_ip`='117.136.79.250',`last_login_time`='2019-08-12 07:47:50',`create_time`='2017-02-11 09:06:51',`user_activation_key`='',`user_status`='1',`score`='0',`user_type`='1',`coin`='0',`mobile`='1111111',`wechat`='' WHERE `id` = '1' [ RunTime:0.0036s ]

[ 2019-08-12T08:37:22+08:00 ] 113.115.58.31 /Admin/public/dologin.html
INFO: [ app_begin ] --START--
INFO: Run Behavior\ReadHtmlCacheBehavior [ RunTime:0.000398s ]
INFO: Run Behavior\CheckLangBehavior [ RunTime:0.000564s ]
INFO: [ app_begin ] --END-- [ RunTime:0.001250s ]
SQL: SHOW COLUMNS FROM `cmf_users` [ RunTime:0.0007s ]
SQL: SELECT * FROM `cmf_users` WHERE `user_login` = 'admin' LIMIT 1   [ RunTime:0.0003s ]
SQL: SHOW COLUMNS FROM `cmf_role_user` [ RunTime:0.0004s ]
SQL: SELECT `role_id` FROM cmf_role_user a INNER JOIN cmf_role as b on a.role_id =b.id  WHERE `user_id` = '1' AND `status` = 1  [ RunTime:0.0004s ]
SQL: UPDATE `cmf_users` SET `user_login`='admin',`user_pass`='###b6c7e65d115dcba6c57374e0699e03ed',`user_truename`='admin',`user_nicename`='admin',`user_email`='1@1.com',`user_url`='http://baidu.com',`avatar`='5982c2a769e2d.jpg',`sex`='0',`birthday`='2000-01-01',`signature`='个性签名',`last_login_ip`='113.115.58.31',`last_login_time`='2019-08-12 08:37:22',`create_time`='2017-02-11 09:06:51',`user_activation_key`='',`user_status`='1',`score`='0',`user_type`='1',`coin`='0',`mobile`='1111111',`wechat`='' WHERE `id` = '1' [ RunTime:0.0079s ]

[ 2019-08-12T09:27:37+08:00 ] 59.42.91.199 /Admin/public/dologin.html
INFO: [ app_begin ] --START--
INFO: Run Behavior\ReadHtmlCacheBehavior [ RunTime:0.000356s ]
INFO: Run Behavior\CheckLangBehavior [ RunTime:0.000526s ]
INFO: [ app_begin ] --END-- [ RunTime:0.001152s ]
SQL: SHOW COLUMNS FROM `cmf_users` [ RunTime:0.0006s ]
SQL: SELECT * FROM `cmf_users` WHERE `user_login` = 'admin' LIMIT 1   [ RunTime:0.0003s ]
SQL: SHOW COLUMNS FROM `cmf_role_user` [ RunTime:0.0003s ]
SQL: SELECT `role_id` FROM cmf_role_user a INNER JOIN cmf_role as b on a.role_id =b.id  WHERE `user_id` = '1' AND `status` = 1  [ RunTime:0.0002s ]
SQL: UPDATE `cmf_users` SET `user_login`='admin',`user_pass`='###b6c7e65d115dcba6c57374e0699e03ed',`user_truename`='admin',`user_nicename`='admin',`user_email`='1@1.com',`user_url`='http://baidu.com',`avatar`='5982c2a769e2d.jpg',`sex`='0',`birthday`='2000-01-01',`signature`='个性签名',`last_login_ip`='59.42.91.199',`last_login_time`='2019-08-12 09:27:36',`create_time`='2017-02-11 09:06:51',`user_activation_key`='',`user_status`='1',`score`='0',`user_type`='1',`coin`='0',`mobile`='1111111',`wechat`='' WHERE `id` = '1' [ RunTime:0.5577s ]

[ 2019-08-12T22:29:05+08:00 ] 183.3.255.32 /Admin/public/dologin.html
INFO: [ app_begin ] --START--
INFO: Run Behavior\ReadHtmlCacheBehavior [ RunTime:0.000403s ]
INFO: Run Behavior\CheckLangBehavior [ RunTime:0.000559s ]
INFO: [ app_begin ] --END-- [ RunTime:0.001281s ]
SQL: SHOW COLUMNS FROM `cmf_users` [ RunTime:0.0006s ]
SQL: SELECT * FROM `cmf_users` WHERE `user_login` = 'admin' LIMIT 1   [ RunTime:0.0003s ]
SQL: SHOW COLUMNS FROM `cmf_role_user` [ RunTime:0.0003s ]
SQL: SELECT `role_id` FROM cmf_role_user a INNER JOIN cmf_role as b on a.role_id =b.id  WHERE `user_id` = '1' AND `status` = 1  [ RunTime:0.0003s ]
SQL: UPDATE `cmf_users` SET `user_login`='admin',`user_pass`='###b6c7e65d115dcba6c57374e0699e03ed',`user_truename`='admin',`user_nicename`='admin',`user_email`='1@1.com',`user_url`='http://baidu.com',`avatar`='5982c2a769e2d.jpg',`sex`='0',`birthday`='2000-01-01',`signature`='个性签名',`last_login_ip`='117.136.40.161',`last_login_time`='2019-08-12 22:29:05',`create_time`='2017-02-11 09:06:51',`user_activation_key`='',`user_status`='1',`score`='0',`user_type`='1',`coin`='0',`mobile`='1111111',`wechat`='' WHERE `id` = '1' [ RunTime:0.0029s ]

[ 2019-08-12T23:09:15+08:00 ] 183.3.255.32 /Admin/public/dologin.html
INFO: [ app_begin ] --START--
INFO: Run Behavior\ReadHtmlCacheBehavior [ RunTime:0.000351s ]
INFO: Run Behavior\CheckLangBehavior [ RunTime:0.000543s ]
INFO: [ app_begin ] --END-- [ RunTime:0.001174s ]
SQL: SHOW COLUMNS FROM `cmf_users` [ RunTime:0.0006s ]
SQL: SELECT * FROM `cmf_users` WHERE `user_login` = 'admin' LIMIT 1   [ RunTime:0.0003s ]
SQL: SHOW COLUMNS FROM `cmf_role_user` [ RunTime:0.0003s ]
SQL: SELECT `role_id` FROM cmf_role_user a INNER JOIN cmf_role as b on a.role_id =b.id  WHERE `user_id` = '1' AND `status` = 1  [ RunTime:0.0003s ]
SQL: UPDATE `cmf_users` SET `user_login`='admin',`user_pass`='###b6c7e65d115dcba6c57374e0699e03ed',`user_truename`='admin',`user_nicename`='admin',`user_email`='1@1.com',`user_url`='http://baidu.com',`avatar`='5982c2a769e2d.jpg',`sex`='0',`birthday`='2000-01-01',`signature`='个性签名',`last_login_ip`='117.136.40.161',`last_login_time`='2019-08-12 23:09:15',`create_time`='2017-02-11 09:06:51',`user_activation_key`='',`user_status`='1',`score`='0',`user_type`='1',`coin`='0',`mobile`='1111111',`wechat`='' WHERE `id` = '1' [ RunTime:0.0031s ]

