[ 2019-07-04T08:47:54+08:00 ] 59.42.91.77 /Admin/public/dologin.html
INFO: [ app_begin ] --START--
INFO: Run Behavior\ReadHtmlCacheBehavior [ RunTime:0.000369s ]
INFO: Run Behavior\CheckLangBehavior [ RunTime:0.000531s ]
INFO: [ app_begin ] --END-- [ RunTime:0.001156s ]
SQL: SHOW COLUMNS FROM `cmf_users` [ RunTime:0.0006s ]
SQL: SELECT * FROM `cmf_users` WHERE `user_login` = 'owner' LIMIT 1   [ RunTime:0.0003s ]
SQL: SHOW COLUMNS FROM `cmf_role_user` [ RunTime:0.0002s ]
SQL: SELECT `role_id` FROM cmf_role_user a INNER JOIN cmf_role as b on a.role_id =b.id  WHERE `user_id` = '13' AND `status` = 1  [ RunTime:0.0002s ]
SQL: UPDATE `cmf_users` SET `user_login`='owner',`user_pass`='###cf0a908a9cfd56cfd3e8eeb8fda5a8a3',`user_truename`='',`user_nicename`='',`user_email`='ss@q.com',`user_url`='',`avatar`='',`sex`='0',`birthday`='2000-01-01',`signature`='',`last_login_ip`='59.42.91.77',`last_login_time`='2019-07-04 08:47:54',`create_time`='2018-07-12 09:38:26',`user_activation_key`='',`user_status`='1',`score`='0',`user_type`='1',`coin`='0',`mobile`='',`wechat`='' WHERE `id` = '13' [ RunTime:0.0025s ]

[ 2019-07-04T09:24:32+08:00 ] 59.42.91.77 /Admin/public/dologin.html
INFO: [ app_begin ] --START--
INFO: Run Behavior\ReadHtmlCacheBehavior [ RunTime:0.000376s ]
INFO: Run Behavior\CheckLangBehavior [ RunTime:0.000588s ]
INFO: [ app_begin ] --END-- [ RunTime:0.001281s ]
SQL: SHOW COLUMNS FROM `cmf_users` [ RunTime:0.0006s ]
SQL: SELECT * FROM `cmf_users` WHERE `user_login` = 'owner' LIMIT 1   [ RunTime:0.0003s ]
SQL: SHOW COLUMNS FROM `cmf_role_user` [ RunTime:0.0003s ]
SQL: SELECT `role_id` FROM cmf_role_user a INNER JOIN cmf_role as b on a.role_id =b.id  WHERE `user_id` = '13' AND `status` = 1  [ RunTime:0.0002s ]
SQL: UPDATE `cmf_users` SET `user_login`='owner',`user_pass`='###cf0a908a9cfd56cfd3e8eeb8fda5a8a3',`user_truename`='',`user_nicename`='',`user_email`='ss@q.com',`user_url`='',`avatar`='',`sex`='0',`birthday`='2000-01-01',`signature`='',`last_login_ip`='59.42.91.77',`last_login_time`='2019-07-04 09:24:32',`create_time`='2018-07-12 09:38:26',`user_activation_key`='',`user_status`='1',`score`='0',`user_type`='1',`coin`='0',`mobile`='',`wechat`='' WHERE `id` = '13' [ RunTime:0.0024s ]

[ 2019-07-04T15:23:04+08:00 ] 59.42.91.77 /Admin/public/dologin.html
INFO: [ app_begin ] --START--
INFO: Run Behavior\ReadHtmlCacheBehavior [ RunTime:0.000397s ]
INFO: Run Behavior\CheckLangBehavior [ RunTime:0.000526s ]
INFO: [ app_begin ] --END-- [ RunTime:0.001187s ]
SQL: SHOW COLUMNS FROM `cmf_users` [ RunTime:0.0006s ]
SQL: SELECT * FROM `cmf_users` WHERE `user_login` = 'owner' LIMIT 1   [ RunTime:0.0003s ]
SQL: SHOW COLUMNS FROM `cmf_role_user` [ RunTime:0.0003s ]
SQL: SELECT `role_id` FROM cmf_role_user a INNER JOIN cmf_role as b on a.role_id =b.id  WHERE `user_id` = '13' AND `status` = 1  [ RunTime:0.0002s ]
SQL: UPDATE `cmf_users` SET `user_login`='owner',`user_pass`='###cf0a908a9cfd56cfd3e8eeb8fda5a8a3',`user_truename`='',`user_nicename`='',`user_email`='ss@q.com',`user_url`='',`avatar`='',`sex`='0',`birthday`='2000-01-01',`signature`='',`last_login_ip`='59.42.91.77',`last_login_time`='2019-07-04 15:23:04',`create_time`='2018-07-12 09:38:26',`user_activation_key`='',`user_status`='1',`score`='0',`user_type`='1',`coin`='0',`mobile`='',`wechat`='' WHERE `id` = '13' [ RunTime:0.0026s ]

[ 2019-07-04T17:15:10+08:00 ] 59.42.91.77 /Admin/public/dologin.html
INFO: [ app_begin ] --START--
INFO: Run Behavior\ReadHtmlCacheBehavior [ RunTime:0.000312s ]
INFO: Run Behavior\CheckLangBehavior [ RunTime:0.000488s ]
INFO: [ app_begin ] --END-- [ RunTime:0.001035s ]
SQL: SHOW COLUMNS FROM `cmf_users` [ RunTime:0.0006s ]
SQL: SELECT * FROM `cmf_users` WHERE `user_login` = 'owner' LIMIT 1   [ RunTime:0.0003s ]
SQL: SHOW COLUMNS FROM `cmf_role_user` [ RunTime:0.0003s ]
SQL: SELECT `role_id` FROM cmf_role_user a INNER JOIN cmf_role as b on a.role_id =b.id  WHERE `user_id` = '13' AND `status` = 1  [ RunTime:0.0003s ]
SQL: UPDATE `cmf_users` SET `user_login`='owner',`user_pass`='###cf0a908a9cfd56cfd3e8eeb8fda5a8a3',`user_truename`='',`user_nicename`='',`user_email`='ss@q.com',`user_url`='',`avatar`='',`sex`='0',`birthday`='2000-01-01',`signature`='',`last_login_ip`='59.42.91.77',`last_login_time`='2019-07-04 17:15:10',`create_time`='2018-07-12 09:38:26',`user_activation_key`='',`user_status`='1',`score`='0',`user_type`='1',`coin`='0',`mobile`='',`wechat`='' WHERE `id` = '13' [ RunTime:0.0027s ]

[ 2019-07-04T18:01:26+08:00 ] 59.42.91.77 /Admin/public/dologin.html
INFO: [ app_begin ] --START--
INFO: Run Behavior\ReadHtmlCacheBehavior [ RunTime:0.000359s ]
INFO: Run Behavior\CheckLangBehavior [ RunTime:0.000537s ]
INFO: [ app_begin ] --END-- [ RunTime:0.001165s ]

[ 2019-07-04T18:01:34+08:00 ] 59.42.91.77 /Admin/public/dologin.html
INFO: [ app_begin ] --START--
INFO: Run Behavior\ReadHtmlCacheBehavior [ RunTime:0.000415s ]
INFO: Run Behavior\CheckLangBehavior [ RunTime:0.000516s ]
INFO: [ app_begin ] --END-- [ RunTime:0.001188s ]
SQL: SHOW COLUMNS FROM `cmf_users` [ RunTime:0.0006s ]
SQL: SELECT * FROM `cmf_users` WHERE `user_login` = 'owner' LIMIT 1   [ RunTime:0.0003s ]
SQL: SHOW COLUMNS FROM `cmf_role_user` [ RunTime:0.0002s ]
SQL: SELECT `role_id` FROM cmf_role_user a INNER JOIN cmf_role as b on a.role_id =b.id  WHERE `user_id` = '13' AND `status` = 1  [ RunTime:0.0002s ]
SQL: UPDATE `cmf_users` SET `user_login`='owner',`user_pass`='###cf0a908a9cfd56cfd3e8eeb8fda5a8a3',`user_truename`='',`user_nicename`='',`user_email`='ss@q.com',`user_url`='',`avatar`='',`sex`='0',`birthday`='2000-01-01',`signature`='',`last_login_ip`='59.42.91.77',`last_login_time`='2019-07-04 18:01:34',`create_time`='2018-07-12 09:38:26',`user_activation_key`='',`user_status`='1',`score`='0',`user_type`='1',`coin`='0',`mobile`='',`wechat`='' WHERE `id` = '13' [ RunTime:0.0024s ]

